🚀 Updating Binance trading data to Notion...

📊 Will update 591 symbols

[1/591] 0G
  ✅ Spot: $1.7450 | Perp: $1.7349 | FR: -0.0603%
[2/591] 1000000BOB
  ⚠️  Spot data unavailable: 400 Client Error: Bad Request for url: https://api.binance.com/api/v3/ticker/24hr?symbol=1000000BOBUSDT
  ✅ Perp: $0.0302 | FR: 0.0050%
[3/591] 1000000MOG
  ⚠️  Spot data unavailable: 400 Client Error: Bad Request for url: https://api.binance.com/api/v3/ticker/24hr?symbol=1000000MOGUSDT
  ✅ Perp: $0.4439 | FR: 0.0050%
[4/591] 1000BONK
  ⚠️  Spot data unavailable: 400 Client Error: Bad Request for url: https://api.binance.com/api/v3/ticker/24hr?symbol=1000BONKUSDT
  ✅ Perp: $0.0144 | FR: 0.0050%
[5/591] 1000CAT
  ✅ Spot: $0.0054 | Perp: $0.0054 | FR: 0.0028%
[6/591] 1000CHEEMS
  ✅ Spot: $0.0014 | Perp: $0.0014 | FR: 0.0037%
[7/591] 1000FLOKI
  ⚠️  Spot data unavailable: 400 Client Error: Bad Request for url: https://api.binance.com/api/v3/ticker/24hr?symbol=1000FLOKIUSDT
  ✅ Perp: $0.0727 | FR: -0.0500%
[8/591] 1000LUNC
  ⚠️  Spot data unavailable: 400 Client Error: Bad Request for url: https://api.binance.com/api/v3/ticker/24hr?symbol=1000LUNCUSDT
  ✅ Perp: $0.0453 | FR: 0.0100%
[9/591] 1000PEPE
  ⚠️  Spot data unavailable: 400 Client Error: Bad Request for url: https://api.binance.com/api/v3/ticker/24hr?symbol=1000PEPEUSDT
  ✅ Perp: $0.0070 | FR: 0.0100%
[10/591] 1000RATS
  ⚠️  Spot data unavailable: 400 Client Error: Bad Request for url: https://api.binance.com/api/v3/ticker/24hr?symbol=1000RATSUSDT
  ✅ Perp: $0.0288 | FR: 0.0238%
[11/591] 1000SATS
  ✅ Spot: $0.0000 | Perp: $0.0000 | FR: 0.0050%
[12/591] 1000SHIB
  ⚠️  Spot data unavailable: 400 Client Error: Bad Request for url: https://api.binance.com/api/v3/ticker/24hr?symbol=1000SHIBUSDT
  ✅ Perp: $0.0101 | FR: 0.0044%
[13/591] 1000WHY
  ⚠️  Spot data unavailable: 400 Client Error: Bad Request for url: https://api.binance.com/api/v3/ticker/24hr?symbol=1000WHYUSDT
  ✅ Perp: $0.0000 | FR: 0.0050%
[14/591] 1000X
  ⚠️  Spot data unavailable: 400 Client Error: Bad Request for url: https://api.binance.com/api/v3/ticker/24hr?symbol=1000XUSDT
  ✅ Perp: $0.0337 | FR: 0.0050%
[15/591] 1000XEC
  ⚠️  Spot data unavailable: 400 Client Error: Bad Request for url: https://api.binance.com/api/v3/ticker/24hr?symbol=1000XECUSDT
  ✅ Perp: $0.0145 | FR: 0.0100%
[16/591] 1INCH
  ✅ Spot: $0.1737 | Perp: $0.1736 | FR: 0.0093%
[17/591] 1MBABYDOGE
  ✅ Spot: $0.0010 | Perp: $0.0010 | FR: -0.0039%
[18/591] 2Z
  ✅ Spot: $0.2334 | Perp: $0.2331 | FR: 0.0027%
[19/591] 4
  ⚠️  Spot data unavailable: 400 Client Error: Bad Request for url: https://api.binance.com/api/v3/ticker/24hr?symbol=4USDT
  ✅ Perp: $0.1345 | FR: 0.0679%
[20/591] A
  ✅ Spot: $0.2881 | Perp: $0.2876 | FR: 0.0017%
[21/591] A2Z
  ✅ Spot: $0.0039 | Perp: $0.0039 | FR: 0.0050%
[22/591] AAVE
  ✅ Spot: $226.0900 | Perp: $225.9400 | FR: 0.0062%
[23/591] ACA
  ⚠️  Perp data unavailable: 400 Client Error: Bad Request for url: https://fapi.binance.com/fapi/v1/ticker/24hr?symbol=ACAUSDT
  ✅ Spot: $0.0187
[24/591] ACE
  ✅ Spot: $0.2990 | Perp: $0.2988 | FR: 0.0050%
[25/591] ACH
  ✅ Spot: $0.0130 | Perp: $0.0130 | FR: 0.0069%
[26/591] ACM
  ⚠️  Perp data unavailable: 400 Client Error: Bad Request for url: https://fapi.binance.com/fapi/v1/ticker/24hr?symbol=ACMUSDT
  ✅ Spot: $0.6680
[27/591] ACT
  ✅ Spot: $0.0213 | Perp: $0.0213 | FR: 0.0050%
[28/591] ACX
  ✅ Spot: $0.0785 | Perp: $0.0782 | FR: 0.0050%
[29/591] ADA
  ✅ Spot: $0.6411 | Perp: $0.6407 | FR: 0.0100%
[30/591] ADX
  ⚠️  Perp data unavailable: 400 Client Error: Bad Request for url: https://fapi.binance.com/fapi/v1/ticker/24hr?symbol=ADXUSDT
  ✅ Spot: $0.0929
[31/591] AERGO
  ✅ Spot: $0.0635 | Perp: $0.0769 | FR: 0.0050%
[32/591] AERO
  ⚠️  Spot data unavailable: 400 Client Error: Bad Request for url: https://api.binance.com/api/v3/ticker/24hr?symbol=AEROUSDT
  ✅ Perp: $0.7997 | FR: 0.0050%
[33/591] AEUR
  ⚠️  Perp data unavailable: 400 Client Error: Bad Request for url: https://fapi.binance.com/fapi/v1/ticker/24hr?symbol=AEURUSDT
  ✅ Spot: $1.1847
[34/591] AEVO
  ✅ Spot: $0.0631 | Perp: $0.0630 | FR: 0.0050%
[35/591] AGLD
  ✅ Spot: $0.4150 | Perp: $0.4137 | FR: 0.0100%
[36/591] AGT
  ⚠️  Spot data unavailable: 400 Client Error: Bad Request for url: https://api.binance.com/api/v3/ticker/24hr?symbol=AGTUSDT
  ✅ Perp: $0.0044 | FR: 0.0681%
[37/591] AI
  ✅ Spot: $0.0750 | Perp: $0.0750 | FR: 0.0050%
[38/591] AI16Z
  ⚠️  Spot data unavailable: 400 Client Error: Bad Request for url: https://api.binance.com/api/v3/ticker/24hr?symbol=AI16ZUSDT
  ✅ Perp: $0.0582 | FR: 0.0050%
[39/591] AIA
  ⚠️  Spot data unavailable: 400 Client Error: Bad Request for url: https://api.binance.com/api/v3/ticker/24hr?symbol=AIAUSDT
  ✅ Perp: $1.3301 | FR: -0.1511%
[40/591] AIN
  ⚠️  Spot data unavailable: 400 Client Error: Bad Request for url: https://api.binance.com/api/v3/ticker/24hr?symbol=AINUSDT
  ✅ Perp: $0.1294 | FR: 0.0470%
[41/591] AIO
  ⚠️  Spot data unavailable: 400 Client Error: Bad Request for url: https://api.binance.com/api/v3/ticker/24hr?symbol=AIOUSDT
  ✅ Perp: $0.1818 | FR: 0.0050%
[42/591] AIOT
  ⚠️  Spot data unavailable: 400 Client Error: Bad Request for url: https://api.binance.com/api/v3/ticker/24hr?symbol=AIOTUSDT
  ✅ Perp: $0.4946 | FR: 0.0050%
[43/591] AIXBT
  ✅ Spot: $0.0543 | Perp: $0.0542 | FR: 0.0050%
[44/591] AKE
  ⚠️  Spot data unavailable: 400 Client Error: Bad Request for url: https://api.binance.com/api/v3/ticker/24hr?symbol=AKEUSDT
  ✅ Perp: $0.0017 | FR: 0.0471%
[45/591] AKT
  ⚠️  Spot data unavailable: 400 Client Error: Bad Request for url: https://api.binance.com/api/v3/ticker/24hr?symbol=AKTUSDT
  ✅ Perp: $0.6280 | FR: 0.0050%
[46/591] ALCH
  ⚠️  Spot data unavailable: 400 Client Error: Bad Request for url: https://api.binance.com/api/v3/ticker/24hr?symbol=ALCHUSDT
  ✅ Perp: $0.0676 | FR: 0.0050%
[47/591] ALCX
  ⚠️  Perp data unavailable: 400 Client Error: Bad Request for url: https://fapi.binance.com/fapi/v1/ticker/24hr?symbol=ALCXUSDT
  ✅ Spot: $7.7800
[48/591] ALGO
  ✅ Spot: $0.1817 | Perp: $0.1814 | FR: 0.0100%
[49/591] ALICE
  ✅ Spot: $0.3232 | Perp: $0.3230 | FR: 0.0100%
[50/591] ALL
  ⚠️  Spot data unavailable: 400 Client Error: Bad Request for url: https://api.binance.com/api/v3/ticker/24hr?symbol=ALLUSDT
  ✅ Perp: $0.8803 | FR: -0.0333%
[51/591] ALPINE
  ✅ Spot: $0.8320 | Perp: $0.8305 | FR: 0.0050%
[52/591] ALT
  ✅ Spot: $0.0192 | Perp: $0.0191 | FR: 0.0050%
[53/591] AMP
  ⚠️  Perp data unavailable: 400 Client Error: Bad Request for url: https://fapi.binance.com/fapi/v1/ticker/24hr?symbol=AMPUSDT
  ✅ Spot: $0.0025
[54/591] ANIME
  ✅ Spot: $0.0093 | Perp: $0.0093 | FR: 0.0050%
[55/591] ANKR
  ✅ Spot: $0.0101 | Perp: $0.0101 | FR: 0.0100%
[56/591] APE
  ✅ Spot: $0.4491 | Perp: $0.4487 | FR: -0.0114%
[57/591] API3
  ✅ Spot: $0.6887 | Perp: $0.6875 | FR: -0.0344%
[58/591] APT
  ✅ Spot: $3.1900 | Perp: $3.1850 | FR: -0.1058%
[59/591] AR
❌ Error updating page: 502 Server Error: Bad Gateway for url: https://api.notion.com/v1/pages/29453c63-57c7-811c-8868-df84a916e8fe
  ❌ Failed: 502 Server Error: Bad Gateway for url: https://api.notion.com/v1/pages/29453c63-57c7-811c-8868-df84a916e8fe
[60/591] ARB
  ✅ Spot: $0.3138 | Perp: $0.3136 | FR: -0.0044%
[61/591] ARC
  ⚠️  Spot data unavailable: 400 Client Error: Bad Request for url: https://api.binance.com/api/v3/ticker/24hr?symbol=ARCUSDT
  ✅ Perp: $0.0134 | FR: 0.0368%
[62/591] ARDR
  ⚠️  Perp data unavailable: 400 Client Error: Bad Request for url: https://fapi.binance.com/fapi/v1/ticker/24hr?symbol=ARDRUSDT
  ✅ Spot: $0.0673
[63/591] ARIA
  ⚠️  Spot data unavailable: 400 Client Error: Bad Request for url: https://api.binance.com/api/v3/ticker/24hr?symbol=ARIAUSDT
  ✅ Perp: $0.1790 | FR: 0.0050%
[64/591] ARK
  ✅ Spot: $0.3250 | Perp: $0.3249 | FR: 0.0050%
[65/591] ARKM
  ✅ Spot: $0.3520 | Perp: $0.3524 | FR: 0.0100%
[66/591] ARPA
  ✅ Spot: $0.0197 | Perp: $0.0196 | FR: -0.0370%
[67/591] ASR
  ✅ Spot: $1.4910 | Perp: $1.4900 | FR: 0.0050%
[68/591] ASTER
  ✅ Spot: $1.1070 | Perp: $1.1054 | FR: 0.0050%
[69/591] ASTR
  ✅ Spot: $0.0175 | Perp: $0.0175 | FR: 0.0100%
[70/591] ATA
  ✅ Spot: $0.0297 | Perp: $0.0299 | FR: 0.0100%
[71/591] ATH
  ⚠️  Spot data unavailable: 400 Client Error: Bad Request for url: https://api.binance.com/api/v3/ticker/24hr?symbol=ATHUSDT
  ✅ Perp: $0.0291 | FR: 0.0050%
[72/591] ATM
  ⚠️  Perp data unavailable: 400 Client Error: Bad Request for url: https://fapi.binance.com/fapi/v1/ticker/24hr?symbol=ATMUSDT
  ✅ Spot: $1.2140
[73/591] ATOM
  ✅ Spot: $3.1540 | Perp: $3.1510 | FR: -0.0246%
[74/591] AUCTION
  ✅ Spot: $7.6800 | Perp: $7.6610 | FR: -0.0459%
[75/591] AUDIO
  ⚠️  Perp data unavailable: 'lastPrice'
  ✅ Spot: $0.0406
[76/591] AVA
  ✅ Spot: $0.3798 | Perp: $0.3789 | FR: 0.0050%
[77/591] AVAAI
  ⚠️  Spot data unavailable: 400 Client Error: Bad Request for url: https://api.binance.com/api/v3/ticker/24hr?symbol=AVAAIUSDT
  ✅ Perp: $0.0140 | FR: 0.0050%
[78/591] AVAX
  ✅ Spot: $19.3600 | Perp: $19.3530 | FR: 0.0034%
[79/591] AVNT
  ✅ Spot: $0.7363 | Perp: $0.7292 | FR: -0.3409%
[80/591] AWE
  ✅ Spot: $0.0785 | Perp: $0.0783 | FR: 0.0050%
[81/591] AXL
  ✅ Spot: $0.1883 | Perp: $0.1881 | FR: 0.0050%
[82/591] AXS
  ✅ Spot: $1.5740 | Perp: $1.5720 | FR: -0.0212%
[83/591] B
  ⚠️  Spot data unavailable: 400 Client Error: Bad Request for url: https://api.binance.com/api/v3/ticker/24hr?symbol=BUSDT
  ⚠️  Perp data unavailable: HTTPSConnectionPool(host='fapi.binance.com', port=443): Max retries exceeded with url: /fapi/v1/ticker/24hr?symbol=BUSDT (Caused by ProxyError('Cannot connect to proxy.', TimeoutError('_ssl.c:990: The handshake operation timed out')))
  ⚠️  No data available, skipping
[84/591] B2
  ⚠️  Spot data unavailable: 400 Client Error: Bad Request for url: https://api.binance.com/api/v3/ticker/24hr?symbol=B2USDT
  ✅ Perp: $2.0228 | FR: 0.0958%
[85/591] B3
  ⚠️  Spot data unavailable: 400 Client Error: Bad Request for url: https://api.binance.com/api/v3/ticker/24hr?symbol=B3USDT
  ✅ Perp: $0.0021 | FR: 0.0109%
[86/591] BABY
  ✅ Spot: $0.0323 | Perp: $0.0323 | FR: 0.0050%
[87/591] BAN
  ⚠️  Spot data unavailable: 400 Client Error: Bad Request for url: https://api.binance.com/api/v3/ticker/24hr?symbol=BANUSDT
  ✅ Perp: $0.0663 | FR: 0.0050%
[88/591] BANANA
  ⚠️  Spot data unavailable: HTTPSConnectionPool(host='api.binance.com', port=443): Max retries exceeded with url: /api/v3/ticker/24hr?symbol=BANANAUSDT (Caused by ProxyError('Cannot connect to proxy.', TimeoutError('_ssl.c:990: The handshake operation timed out')))
  ✅ Perp: $12.1070 | FR: -0.0151%
[89/591] BANANAS31
  ✅ Spot: $0.0033 | Perp: $0.0033 | FR: 0.0050%
[90/591] BAND
  ✅ Spot: $0.5490 | Perp: $0.5485 | FR: 0.0100%
[91/591] BANK
  ⚠️  Spot data unavailable: 400 Client Error: Bad Request for url: https://api.binance.com/api/v3/ticker/24hr?symbol=BANKUSDT
  ✅ Perp: $0.1345 | FR: 0.0050%
[92/591] BAR
  ⚠️  Perp data unavailable: 400 Client Error: Bad Request for url: https://fapi.binance.com/fapi/v1/ticker/24hr?symbol=BARUSDT
  ✅ Spot: $0.7740
[93/591] BARD
  ✅ Spot: $0.6606 | Perp: $0.6608 | FR: 0.0050%
[94/591] BAS
  ⚠️  Spot data unavailable: 400 Client Error: Bad Request for url: https://api.binance.com/api/v3/ticker/24hr?symbol=BASUSDT
  ✅ Perp: $0.0155 | FR: 0.0139%
[95/591] BAT
  ✅ Spot: $0.1746 | Perp: $0.1744 | FR: 0.0100%
[96/591] BB
  ✅ Spot: $0.1244 | Perp: $0.1243 | FR: -0.0318%
[97/591] BCH
  ✅ Spot: $484.8000 | Perp: $484.4300 | FR: -0.0090%
[98/591] BDXN
  ⚠️  Spot data unavailable: 400 Client Error: Bad Request for url: https://api.binance.com/api/v3/ticker/24hr?symbol=BDXNUSDT
  ✅ Perp: $0.0360 | FR: 0.0050%
[99/591] BEAMX
  ✅ Spot: $0.0050 | Perp: $0.0050 | FR: 0.0050%
[100/591] BEL
  ✅ Spot: $0.2629 | Perp: $0.2628 | FR: 0.0100%
[101/591] BERA
  ✅ Spot: $1.9960 | Perp: $1.9950 | FR: -0.0067%
[102/591] BFUSD
  ⚠️  Perp data unavailable: 400 Client Error: Bad Request for url: https://fapi.binance.com/fapi/v1/ticker/24hr?symbol=BFUSDUSDT
  ✅ Spot: $0.9996
[103/591] BICO
  ✅ Spot: $0.0652 | Perp: $0.0652 | FR: 0.0100%
[104/591] BID
  ⚠️  Spot data unavailable: 400 Client Error: Bad Request for url: https://api.binance.com/api/v3/ticker/24hr?symbol=BIDUSDT
  ✅ Perp: $0.0481 | FR: 0.0050%
[105/591] BIFI
  ⚠️  Perp data unavailable: 400 Client Error: Bad Request for url: https://fapi.binance.com/fapi/v1/ticker/24hr?symbol=BIFIUSDT
  ✅ Spot: $141.9000
[106/591] BIGTIME
  ✅ Spot: $0.0330 | Perp: $0.0330 | FR: 0.0050%
[107/591] BIO
  ✅ Spot: $0.0877 | Perp: $0.0866 | FR: -0.1219%
[108/591] BLESS
  ⚠️  Spot data unavailable: 400 Client Error: Bad Request for url: https://api.binance.com/api/v3/ticker/24hr?symbol=BLESSUSDT
  ✅ Perp: $0.0411 | FR: 0.0685%
[109/591] BLUAI
  ⚠️  Spot data unavailable: 400 Client Error: Bad Request for url: https://api.binance.com/api/v3/ticker/24hr?symbol=BLUAIUSDT
  ✅ Perp: $0.0237 | FR: 0.0354%
[110/591] BLUR
  ✅ Spot: $0.0517 | Perp: $0.0516 | FR: 0.0033%
[111/591] BMT
  ✅ Spot: $0.0426 | Perp: $0.0425 | FR: -0.0030%
[112/591] BNB
  ⚠️  Open interest unavailable: HTTPSConnectionPool(host='fapi.binance.com', port=443): Max retries exceeded with url: /fapi/v1/openInterest?symbol=BNBUSDT (Caused by SSLError(SSLEOFError(8, 'EOF occurred in violation of protocol (_ssl.c:1007)')))
  ✅ Spot: $1136.3300 | Perp: $1135.7300 | FR: -0.0354%
[113/591] BNSOL
  ⚠️  Perp data unavailable: 400 Client Error: Bad Request for url: https://fapi.binance.com/fapi/v1/ticker/24hr?symbol=BNSOLUSDT
  ✅ Spot: $208.0000
[114/591] BNT
  ✅ Spot: $0.5911 | Perp: $0.5900 | FR: -0.0280%
[115/591] BOME
  ✅ Spot: $0.0011 | Perp: $0.0011 | FR: 0.0050%
[116/591] BONK
❌ Error querying Notion: HTTPSConnectionPool(host='api.notion.com', port=443): Max retries exceeded with url: /v1/databases/29453c63-57c7-8068-a2e7-c2cd793b5eb2/query (Caused by ProxyError('Cannot connect to proxy.', ConnectionResetError(54, 'Connection reset by peer')))
  ⚠️  Page not found in Notion, skipping
[117/591] BR
  ⚠️  Spot data unavailable: 400 Client Error: Bad Request for url: https://api.binance.com/api/v3/ticker/24hr?symbol=BRUSDT
  ✅ Perp: $0.0661 | FR: 0.0050%
[118/591] BRETT
  ⚠️  Spot data unavailable: 400 Client Error: Bad Request for url: https://api.binance.com/api/v3/ticker/24hr?symbol=BRETTUSDT
  ✅ Perp: $0.0264 | FR: -0.0125%
[119/591] BROCCOLI714
  ✅ Spot: $0.0252 | Perp: $0.0252 | FR: 0.0050%
[120/591] BROCCOLIF3B
  ⚠️  Spot data unavailable: 400 Client Error: Bad Request for url: https://api.binance.com/api/v3/ticker/24hr?symbol=BROCCOLIF3BUSDT
  ✅ Perp: $0.0185 | FR: 0.1184%
[121/591] BSV
  ⚠️  Spot data unavailable: 400 Client Error: Bad Request for url: https://api.binance.com/api/v3/ticker/24hr?symbol=BSVUSDT
  ✅ Perp: $21.4300 | FR: -0.0277%
[122/591] BTC
  ✅ Spot: $111096.0400 | Perp: $111039.0000 | FR: 0.0023%
[123/591] BTCDOM
  ⚠️  Spot data unavailable: 400 Client Error: Bad Request for url: https://api.binance.com/api/v3/ticker/24hr?symbol=BTCDOMUSDT
  ✅ Perp: $4307.2000 | FR: 0.0307%
[124/591] BTR
  ⚠️  Spot data unavailable: 400 Client Error: Bad Request for url: https://api.binance.com/api/v3/ticker/24hr?symbol=BTRUSDT
  ✅ Perp: $0.0779 | FR: 0.0050%
[125/591] BTTC
  ⚠️  Page not found in Notion, skipping
[126/591] BULLA
  ⚠️  Spot data unavailable: 400 Client Error: Bad Request for url: https://api.binance.com/api/v3/ticker/24hr?symbol=BULLAUSDT
  ✅ Perp: $0.0516 | FR: 0.0050%
[127/591] C
  ✅ Spot: $0.1146 | Perp: $0.1145 | FR: 0.0050%
[128/591] C98
  ✅ Spot: $0.0381 | Perp: $0.0380 | FR: 0.0100%
[129/591] CAKE
  ✅ Spot: $2.7760 | Perp: $2.7748 | FR: 0.0046%
[130/591] CARV
  ⚠️  Spot data unavailable: 400 Client Error: Bad Request for url: https://api.binance.com/api/v3/ticker/24hr?symbol=CARVUSDT
  ✅ Perp: $0.1494 | FR: 0.0050%
[131/591] CATI
  ✅ Spot: $0.0855 | Perp: $0.0853 | FR: 0.0050%
[132/591] CELO
  ✅ Spot: $0.2508 | Perp: $0.2500 | FR: -0.0275%
[133/591] CELR
  ✅ Spot: $0.0056 | Perp: $0.0056 | FR: 0.0100%
[134/591] CETUS
  ✅ Spot: $0.0489 | Perp: $0.0488 | FR: 0.0050%
[135/591] CFX
  ✅ Spot: $0.1113 | Perp: $0.1112 | FR: 0.0100%
[136/591] CGPT
  ✅ Spot: $0.0556 | Perp: $0.0555 | FR: 0.0050%
[137/591] CHESS
  ✅ Spot: $0.0472 | Perp: $0.0471 | FR: 0.0050%
[138/591] CHILLGUY
  ⚠️  Spot data unavailable: HTTPSConnectionPool(host='api.binance.com', port=443): Max retries exceeded with url: /api/v3/ticker/24hr?symbol=CHILLGUYUSDT (Caused by ProxyError('Cannot connect to proxy.', ConnectionResetError(54, 'Connection reset by peer')))
  ✅ Perp: $0.0265 | FR: 0.0050%
[139/591] CHR
  ✅ Spot: $0.0733 | Perp: $0.0733 | FR: -0.0179%
[140/591] CHZ
  ✅ Spot: $0.0324 | Perp: $0.0324 | FR: -0.0212%
[141/591] CITY
  ⚠️  Perp data unavailable: 400 Client Error: Bad Request for url: https://fapi.binance.com/fapi/v1/ticker/24hr?symbol=CITYUSDT
  ✅ Spot: $0.7490
[142/591] CKB
  ✅ Spot: $0.0033 | Perp: $0.0033 | FR: -0.0050%
[143/591] CLO
  ⚠️  Spot data unavailable: 400 Client Error: Bad Request for url: https://api.binance.com/api/v3/ticker/24hr?symbol=CLOUSDT
  ✅ Perp: $0.3296 | FR: 0.0169%
[144/591] COAI
  ⚠️  Spot data unavailable: 400 Client Error: Bad Request for url: https://api.binance.com/api/v3/ticker/24hr?symbol=COAIUSDT
  ✅ Perp: $17.1490 | FR: -0.3817%
[145/591] COMP
  ✅ Spot: $38.3100 | Perp: $38.2400 | FR: 0.0100%
[146/591] COOKIE
  ⚠️  Funding rate unavailable: HTTPSConnectionPool(host='fapi.binance.com', port=443): Max retries exceeded with url: /fapi/v1/premiumIndex?symbol=COOKIEUSDT (Caused by ProxyError('Cannot connect to proxy.', ConnectionResetError(54, 'Connection reset by peer')))
  ✅ Spot: $0.0841 | Perp: $0.0841
[147/591] COS
  ✅ Spot: $0.0021 | Perp: $0.0021 | FR: 0.0050%
[148/591] COTI
  ✅ Spot: $0.0345 | Perp: $0.0345 | FR: 0.0100%
[149/591] COW
  ✅ Spot: $0.2286 | Perp: $0.2286 | FR: 0.0050%
[150/591] CROSS
  ⚠️  Spot data unavailable: 400 Client Error: Bad Request for url: https://api.binance.com/api/v3/ticker/24hr?symbol=CROSSUSDT
  ✅ Perp: $0.1252 | FR: 0.0050%
[151/591] CRV
  ✅ Spot: $0.5337 | Perp: $0.5340 | FR: 0.0100%
[152/591] CTK
  ✅ Spot: $0.3231 | Perp: $0.3215 | FR: 0.0030%
[153/591] CTSI
  ✅ Spot: $0.0535 | Perp: $0.0535 | FR: 0.0100%
[154/591] CUDIS
  ⚠️  Spot data unavailable: 400 Client Error: Bad Request for url: https://api.binance.com/api/v3/ticker/24hr?symbol=CUDISUSDT
  ✅ Perp: $0.0551 | FR: 0.0250%
[155/591] CVC
  ✅ Spot: $0.0617 | Perp: $0.0616 | FR: 0.0050%
[156/591] CVX
  ✅ Spot: $2.2530 | Perp: $2.2490 | FR: 0.0050%
[157/591] CYBER
  ✅ Spot: $1.0830 | Perp: $1.0800 | FR: -0.0317%
[158/591] D
  ✅ Spot: $0.0233 | Perp: $0.0233 | FR: 0.0050%
[159/591] DAM
  ⚠️  Spot data unavailable: 400 Client Error: Bad Request for url: https://api.binance.com/api/v3/ticker/24hr?symbol=DAMUSDT
  ✅ Perp: $0.0489 | FR: 0.0050%
[160/591] DASH
  ✅ Spot: $42.6600 | Perp: $42.6300 | FR: -0.0133%
[161/591] DATA
  ⚠️  Perp data unavailable: 400 Client Error: Bad Request for url: https://fapi.binance.com/fapi/v1/ticker/24hr?symbol=DATAUSDT
  ✅ Spot: $0.0085
[162/591] DCR
  ⚠️  Perp data unavailable: 400 Client Error: Bad Request for url: https://fapi.binance.com/fapi/v1/ticker/24hr?symbol=DCRUSDT
  ✅ Spot: $16.4400
[163/591] DEEP
  ⚠️  Spot data unavailable: 400 Client Error: Bad Request for url: https://api.binance.com/api/v3/ticker/24hr?symbol=DEEPUSDT
  ✅ Perp: $0.0806 | FR: -0.0321%
[164/591] DEGEN
  ⚠️  Spot data unavailable: 400 Client Error: Bad Request for url: https://api.binance.com/api/v3/ticker/24hr?symbol=DEGENUSDT
  ✅ Perp: $0.0020 | FR: 0.0050%
[165/591] DEGO
  ✅ Spot: $1.1010 | Perp: $1.0961 | FR: -0.0483%
[166/591] DENT
  ✅ Spot: $0.0005 | Perp: $0.0005 | FR: 0.0100%
[167/591] DEXE
  ✅ Spot: $6.3140 | Perp: $6.3070 | FR: 0.0050%
[168/591] DF
  ✅ Spot: $0.0192 | Perp: $0.0192 | FR: 0.0050%
[169/591] DGB
  ⚠️  Open interest unavailable: 400 Client Error: Bad Request for url: https://fapi.binance.com/fapi/v1/openInterest?symbol=DGBUSDT
  ✅ Spot: $0.0064 | Perp: $0.0192
[170/591] DIA
  ✅ Spot: $0.4183 | Perp: $0.4181 | FR: 0.0050%
[171/591] DMC
  ⚠️  Spot data unavailable: 400 Client Error: Bad Request for url: https://api.binance.com/api/v3/ticker/24hr?symbol=DMCUSDT
  ✅ Perp: $0.0026 | FR: 0.0050%
[172/591] DODO
  ⚠️  Perp data unavailable: 'lastPrice'
  ✅ Spot: $0.0327
[173/591] DODOX
  ⚠️  Spot data unavailable: 400 Client Error: Bad Request for url: https://api.binance.com/api/v3/ticker/24hr?symbol=DODOXUSDT
  ✅ Perp: $0.0327 | FR: 0.0050%
[174/591] DOGE
  ✅ Spot: $0.1972 | Perp: $0.1971 | FR: 0.0082%
[175/591] DOGS
  ✅ Spot: $0.0001 | Perp: $0.0001 | FR: 0.0050%
[176/591] DOLO
  ✅ Spot: $0.0855 | Perp: $0.0853 | FR: 0.0039%
[177/591] DOOD
  ⚠️  Spot data unavailable: 400 Client Error: Bad Request for url: https://api.binance.com/api/v3/ticker/24hr?symbol=DOODUSDT
  ✅ Perp: $0.0067 | FR: -0.0079%
[178/591] DOT
  ✅ Spot: $3.0460 | Perp: $3.0440 | FR: -0.0026%
[179/591] DRIFT
  ⚠️  Spot data unavailable: 400 Client Error: Bad Request for url: https://api.binance.com/api/v3/ticker/24hr?symbol=DRIFTUSDT
  ✅ Perp: $0.4904 | FR: 0.0050%
[180/591] DUSK
  ✅ Spot: $0.0477 | Perp: $0.0476 | FR: 0.0100%
[181/591] DYDX
  ✅ Spot: $0.3265 | Perp: $0.3250 | FR: 0.0100%
[182/591] DYM
  ✅ Spot: $0.1089 | Perp: $0.1088 | FR: 0.0050%
[183/591] EDEN
  ✅ Spot: $0.1456 | Perp: $0.1459 | FR: 0.0050%
[184/591] EDU
  ✅ Spot: $0.1815 | Perp: $0.1812 | FR: -0.0489%
[185/591] EGLD
  ✅ Spot: $9.8200 | Perp: $9.8170 | FR: 0.0028%
[186/591] EIGEN
  ✅ Spot: $1.1000 | Perp: $1.0985 | FR: 0.0050%
[187/591] ENA
  ✅ Spot: $0.4699 | Perp: $0.4690 | FR: -0.0115%
[188/591] ENJ
  ✅ Spot: $0.0444 | Perp: $0.0444 | FR: 0.0100%
[189/591] ENS
  ✅ Spot: $15.5400 | Perp: $15.5320 | FR: 0.0100%
[190/591] ENSO
  ✅ Spot: $1.6320 | Perp: $1.6300 | FR: 0.0050%
[191/591] EPIC
  ✅ Spot: $0.9050 | Perp: $0.9038 | FR: 0.0050%
[192/591] EPT
  ⚠️  Spot data unavailable: 400 Client Error: Bad Request for url: https://api.binance.com/api/v3/ticker/24hr?symbol=EPTUSDT
  ✅ Perp: $0.0051 | FR: 0.0292%
[193/591] ERA
  ✅ Spot: $0.3428 | Perp: $0.3422 | FR: 0.0030%
[194/591] ESPORTS
  ⚠️  Spot data unavailable: 400 Client Error: Bad Request for url: https://api.binance.com/api/v3/ticker/24hr?symbol=ESPORTSUSDT
  ✅ Perp: $0.2127 | FR: 0.0696%
[195/591] ETC
  ✅ Spot: $15.8500 | Perp: $15.8470 | FR: -0.0003%
[196/591] ETH
  ✅ Spot: $3957.7700 | Perp: $3956.3900 | FR: 0.0029%
[197/591] ETHFI
  ✅ Spot: $1.0020 | Perp: $1.0020 | FR: -0.0045%
[198/591] ETHW
  ⚠️  Spot data unavailable: 400 Client Error: Bad Request for url: https://api.binance.com/api/v3/ticker/24hr?symbol=ETHWUSDT
  ✅ Perp: $0.9836 | FR: 0.0050%
[199/591] EUL
  ✅ Spot: $7.3840 | Perp: $7.3740 | FR: 0.0050%
[200/591] EUR
  ⚠️  Page not found in Notion, skipping
[201/591] EURI
  ⚠️  Perp data unavailable: 400 Client Error: Bad Request for url: https://fapi.binance.com/fapi/v1/ticker/24hr?symbol=EURIUSDT
  ✅ Spot: $1.1603
[202/591] EVAA
  ⚠️  Spot data unavailable: 400 Client Error: Bad Request for url: https://api.binance.com/api/v3/ticker/24hr?symbol=EVAAUSDT
  ✅ Perp: $7.4269 | FR: 0.0256%
[203/591] F
  ⚠️  Spot data unavailable: 400 Client Error: Bad Request for url: https://api.binance.com/api/v3/ticker/24hr?symbol=FUSDT
  ✅ Perp: $0.0221 | FR: -0.1526%
[204/591] FARM
  ⚠️  Perp data unavailable: 400 Client Error: Bad Request for url: https://fapi.binance.com/fapi/v1/ticker/24hr?symbol=FARMUSDT
  ✅ Spot: $22.5600
[205/591] FARTCOIN
  ⚠️  Spot data unavailable: 400 Client Error: Bad Request for url: https://api.binance.com/api/v3/ticker/24hr?symbol=FARTCOINUSDT
  ✅ Perp: $0.3761 | FR: 0.0050%
[206/591] FDUSD
  ⚠️  Perp data unavailable: 400 Client Error: Bad Request for url: https://fapi.binance.com/fapi/v1/ticker/24hr?symbol=FDUSDUSDT
  ✅ Spot: $0.9978
[207/591] FET
  ✅ Spot: $0.2632 | Perp: $0.2632 | FR: -0.0038%
[208/591] FF
  ✅ Spot: $0.1575 | Perp: $0.1574 | FR: 0.0050%
[209/591] FHE
  ⚠️  Spot data unavailable: 400 Client Error: Bad Request for url: https://api.binance.com/api/v3/ticker/24hr?symbol=FHEUSDT
  ✅ Perp: $0.0369 | FR: 0.0050%
[210/591] FIDA
  ✅ Spot: $0.0584 | Perp: $0.0585 | FR: 0.0050%
[211/591] FIL
  ✅ Spot: $1.5760 | Perp: $1.5750 | FR: 0.0000%
[212/591] FIO
  ✅ Spot: $0.0132 | Perp: $0.0132 | FR: 0.0050%
[213/591] FIS
  ✅ Spot: $0.0700 | Perp: $0.0699 | FR: 0.0050%
[214/591] FLM
  ✅ Spot: $0.0215 | Perp: $0.0215 | FR: 0.0050%
[215/591] FLOCK
  ⚠️  Spot data unavailable: 400 Client Error: Bad Request for url: https://api.binance.com/api/v3/ticker/24hr?symbol=FLOCKUSDT
  ✅ Perp: $0.1937 | FR: 0.0050%
[216/591] FLOKI
  ⚠️  Perp data unavailable: 400 Client Error: Bad Request for url: https://fapi.binance.com/fapi/v1/ticker/24hr?symbol=FLOKIUSDT
  ✅ Spot: $0.0001
[217/591] FLOW
  ✅ Spot: $0.2770 | Perp: $0.2770 | FR: -0.0116%
[218/591] FLUID
  ⚠️  Spot data unavailable: 400 Client Error: Bad Request for url: https://api.binance.com/api/v3/ticker/24hr?symbol=FLUIDUSDT
  ✅ Perp: $4.5530 | FR: -0.0229%
[219/591] FLUX
  ✅ Spot: $0.1248 | Perp: $0.1246 | FR: 0.0050%
[220/591] FORM
  ⚠️  Spot data unavailable: HTTPSConnectionPool(host='api.binance.com', port=443): Max retries exceeded with url: /api/v3/ticker/24hr?symbol=FORMUSDT (Caused by ProxyError('Cannot connect to proxy.', TimeoutError('_ssl.c:990: The handshake operation timed out')))
  ✅ Perp: $0.7390 | FR: 0.0050%
[221/591] FORTH
  ✅ Spot: $2.1950 | Perp: $2.1940 | FR: 0.0050%
[222/591] FTT
  ⚠️  Perp data unavailable: 'lastPrice'
  ✅ Spot: $0.8852
[223/591] FUN
  ✅ Spot: $0.0037 | Perp: $0.0037 | FR: 0.0050%
[224/591] FXS
  ✅ Spot: $1.4240 | Perp: $1.4229 | FR: 0.0100%
[225/591] G
  ✅ Spot: $0.0074 | Perp: $0.0074 | FR: 0.0050%
[226/591] GALA
  ✅ Spot: $0.0111 | Perp: $0.0111 | FR: 0.0100%
[227/591] GAS
  ✅ Spot: $2.6040 | Perp: $2.6040 | FR: 0.0000%
[228/591] GHST
  ✅ Spot: $0.3030 | Perp: $0.3032 | FR: 0.0050%
[229/591] GIGGLE
  ⚠️  Spot data unavailable: 400 Client Error: Bad Request for url: https://api.binance.com/api/v3/ticker/24hr?symbol=GIGGLEUSDT
  ✅ Perp: $109.1500 | FR: 0.0214%
[230/591] GLM
  ✅ Spot: $0.1815 | Perp: $0.1812 | FR: -0.0353%
[231/591] GLMR
  ⚠️  Open interest unavailable: 400 Client Error: Bad Request for url: https://fapi.binance.com/fapi/v1/openInterest?symbol=GLMRUSDT
  ✅ Spot: $0.0398 | Perp: $0.2592
[232/591] GMT
  ✅ Spot: $0.0275 | Perp: $0.0275 | FR: 0.0100%
[233/591] GMX
  ✅ Spot: $10.5400 | Perp: $10.5350 | FR: 0.0019%
[234/591] GNO
❌ Error querying Notion: HTTPSConnectionPool(host='api.notion.com', port=443): Max retries exceeded with url: /v1/databases/29453c63-57c7-8068-a2e7-c2cd793b5eb2/query (Caused by ProxyError('Cannot connect to proxy.', ConnectionResetError(54, 'Connection reset by peer')))
  ⚠️  Page not found in Notion, skipping
[235/591] GNS
  ⚠️  Perp data unavailable: 400 Client Error: Bad Request for url: https://fapi.binance.com/fapi/v1/ticker/24hr?symbol=GNSUSDT
  ✅ Spot: $1.4310
[236/591] GOAT
  ⚠️  Spot data unavailable: 400 Client Error: Bad Request for url: https://api.binance.com/api/v3/ticker/24hr?symbol=GOATUSDT
  ✅ Perp: $0.0534 | FR: 0.0044%
[237/591] GPS
  ✅ Spot: $0.0086 | Perp: $0.0086 | FR: 0.0050%
[238/591] GRASS
  ⚠️  Spot data unavailable: 400 Client Error: Bad Request for url: https://api.binance.com/api/v3/ticker/24hr?symbol=GRASSUSDT
  ✅ Perp: $0.4219 | FR: -0.0178%
[239/591] GRIFFAIN
  ⚠️  Spot data unavailable: 400 Client Error: Bad Request for url: https://api.binance.com/api/v3/ticker/24hr?symbol=GRIFFAINUSDT
  ✅ Perp: $0.0196 | FR: 0.0050%
[240/591] GRT
  ✅ Spot: $0.0650 | Perp: $0.0650 | FR: 0.0100%
[241/591] GTC
  ✅ Spot: $0.2100 | Perp: $0.2100 | FR: 0.0100%
[242/591] GUN
  ✅ Spot: $0.0190 | Perp: $0.0190 | FR: 0.0050%
[243/591] H
  ⚠️  Spot data unavailable: 400 Client Error: Bad Request for url: https://api.binance.com/api/v3/ticker/24hr?symbol=HUSDT
  ✅ Perp: $0.1722 | FR: 0.0050%
[244/591] HAEDAL
  ✅ Spot: $0.0933 | Perp: $0.0932 | FR: 0.0050%
[245/591] HANA
  ⚠️  Spot data unavailable: 400 Client Error: Bad Request for url: https://api.binance.com/api/v3/ticker/24hr?symbol=HANAUSDT
  ✅ Perp: $0.0550 | FR: 0.0013%
[246/591] HBAR
  ✅ Spot: $0.1682 | Perp: $0.1682 | FR: 0.0020%
[247/591] HEI
  ✅ Spot: $0.2531 | Perp: $0.2529 | FR: 0.0050%
[248/591] HEMI
  ✅ Spot: $0.0606 | Perp: $0.0605 | FR: 0.0050%
[249/591] HFT
  ✅ Spot: $0.0502 | Perp: $0.0502 | FR: 0.0100%
[250/591] HIGH
  ✅ Spot: $0.3120 | Perp: $0.3123 | FR: 0.0100%
[251/591] HIPPO
  ⚠️  Spot data unavailable: 400 Client Error: Bad Request for url: https://api.binance.com/api/v3/ticker/24hr?symbol=HIPPOUSDT
  ✅ Perp: $0.0013 | FR: 0.0050%
[252/591] HIVE
  ✅ Spot: $0.1375 | Perp: $0.1373 | FR: 0.0050%
[253/591] HMSTR
  ✅ Spot: $0.0004 | Perp: $0.0004 | FR: 0.0050%
[254/591] HOLO
  ✅ Spot: $0.1393 | Perp: $0.1391 | FR: 0.0050%
[255/591] HOME
  ✅ Spot: $0.0238 | Perp: $0.0238 | FR: 0.0050%
[256/591] HOOK
  ✅ Spot: $0.0662 | Perp: $0.0662 | FR: 0.0100%
[257/591] HOT
  ✅ Spot: $0.0007 | Perp: $0.0007 | FR: 0.0100%
[258/591] HUMA
  ✅ Spot: $0.0265 | Perp: $0.0265 | FR: 0.0050%
[259/591] HYPE
  ⚠️  Spot data unavailable: 400 Client Error: Bad Request for url: https://api.binance.com/api/v3/ticker/24hr?symbol=HYPEUSDT
  ✅ Perp: $40.2070 | FR: 0.0050%
[260/591] HYPER
  ✅ Spot: $0.1960 | Perp: $0.1954 | FR: -0.0235%
[261/591] ICNT
  ⚠️  Spot data unavailable: 400 Client Error: Bad Request for url: https://api.binance.com/api/v3/ticker/24hr?symbol=ICNTUSDT
  ✅ Perp: $0.2329 | FR: 0.0035%
[262/591] ICP
  ✅ Spot: $3.1030 | Perp: $3.1010 | FR: -0.0040%
[263/591] ICX
  ✅ Spot: $0.0905 | Perp: $0.0905 | FR: 0.0100%
[264/591] ID
  ✅ Spot: $0.1107 | Perp: $0.1106 | FR: 0.0008%
[265/591] IDEX
  ⚠️  Open interest unavailable: 400 Client Error: Bad Request for url: https://fapi.binance.com/fapi/v1/openInterest?symbol=IDEXUSDT
  ✅ Spot: $0.0195 | Perp: $0.0561
[266/591] IDOL
  ⚠️  Spot data unavailable: 400 Client Error: Bad Request for url: https://api.binance.com/api/v3/ticker/24hr?symbol=IDOLUSDT
  ✅ Perp: $0.0381 | FR: 0.0050%
[267/591] ILV
  ✅ Spot: $11.1300 | Perp: $11.1190 | FR: 0.0050%
[268/591] IMX
  ✅ Spot: $0.5250 | Perp: $0.5239 | FR: -0.0069%
[269/591] IN
  ⚠️  Spot data unavailable: 400 Client Error: Bad Request for url: https://api.binance.com/api/v3/ticker/24hr?symbol=INUSDT
  ✅ Perp: $0.1482 | FR: -0.0156%
[270/591] INIT
  ✅ Spot: $0.1696 | Perp: $0.1696 | FR: 0.0050%
[271/591] INJ
  ✅ Spot: $8.5300 | Perp: $8.5240 | FR: 0.0059%
[272/591] IO
  ✅ Spot: $0.3420 | Perp: $0.3411 | FR: -0.0434%
[273/591] IOST
  ✅ Spot: $0.0024 | Perp: $0.0024 | FR: -0.0176%
[274/591] IOTA
  ✅ Spot: $0.1470 | Perp: $0.1467 | FR: 0.0071%
[275/591] IOTX
  ✅ Spot: $0.0118 | Perp: $0.0118 | FR: 0.0100%
[276/591] IP
  ⚠️  Spot data unavailable: 400 Client Error: Bad Request for url: https://api.binance.com/api/v3/ticker/24hr?symbol=IPUSDT
  ✅ Perp: $5.2430 | FR: -0.0108%
[277/591] IQ
  ⚠️  Perp data unavailable: 400 Client Error: Bad Request for url: https://fapi.binance.com/fapi/v1/ticker/24hr?symbol=IQUSDT
  ✅ Spot: $0.0024
[278/591] JASMY
  ✅ Spot: $0.0109 | Perp: $0.0109 | FR: -0.0286%
[279/591] JELLYJELLY
  ⚠️  Spot data unavailable: 400 Client Error: Bad Request for url: https://api.binance.com/api/v3/ticker/24hr?symbol=JELLYJELLYUSDT
  ✅ Perp: $0.0798 | FR: 0.0826%
[280/591] JOE
  ✅ Spot: $0.1157 | Perp: $0.1159 | FR: 0.0100%
[281/591] JST
  ✅ Spot: $0.0337 | Perp: $0.0336 | FR: 0.0030%
[282/591] JTO
  ✅ Spot: $1.1060 | Perp: $1.1048 | FR: 0.0050%
[283/591] JUP
  ✅ Spot: $0.3629 | Perp: $0.3624 | FR: -0.0156%
[284/591] JUV
  ⚠️  Perp data unavailable: 400 Client Error: Bad Request for url: https://fapi.binance.com/fapi/v1/ticker/24hr?symbol=JUVUSDT
  ✅ Spot: $0.8710
[285/591] KAIA
  ✅ Spot: $0.1088 | Perp: $0.1087 | FR: 0.0050%
[286/591] KAITO
  ✅ Spot: $1.0646 | Perp: $1.0642 | FR: 0.0005%
[287/591] KAS
  ⚠️  Spot data unavailable: 400 Client Error: Bad Request for url: https://api.binance.com/api/v3/ticker/24hr?symbol=KASUSDT
  ✅ Perp: $0.0517 | FR: 0.0050%
[288/591] KAVA
  ✅ Spot: $0.1417 | Perp: $0.1412 | FR: -0.1099%
[289/591] KDA
  ✅ Spot: $0.0613 | Perp: $0.0612 | FR: -0.1062%
[290/591] KERNEL
  ✅ Spot: $0.1753 | Perp: $0.1749 | FR: 0.0026%
[291/591] KGEN
  ⚠️  Spot data unavailable: 400 Client Error: Bad Request for url: https://api.binance.com/api/v3/ticker/24hr?symbol=KGENUSDT
  ✅ Perp: $0.2472 | FR: 0.0050%
[292/591] KMNO
  ✅ Spot: $0.0602 | Perp: $0.0602 | FR: 0.0050%
[293/591] KNC
  ✅ Spot: $0.3094 | Perp: $0.3090 | FR: 0.0100%
[294/591] KOMA
  ⚠️  Spot data unavailable: 400 Client Error: Bad Request for url: https://api.binance.com/api/v3/ticker/24hr?symbol=KOMAUSDT
  ✅ Perp: $0.0193 | FR: 0.0569%
[295/591] KSM
  ✅ Spot: $10.8200 | Perp: $10.8180 | FR: -0.0087%
[296/591] LA
  ✅ Spot: $0.4287 | Perp: $0.4283 | FR: -0.0102%
[297/591] LAB
  ⚠️  Spot data unavailable: 400 Client Error: Bad Request for url: https://api.binance.com/api/v3/ticker/24hr?symbol=LABUSDT
  ✅ Perp: $0.2583 | FR: 0.0384%
[298/591] LAYER
  ✅ Spot: $0.2876 | Perp: $0.2875 | FR: 0.0050%
[299/591] LAZIO
  ⚠️  Perp data unavailable: 400 Client Error: Bad Request for url: https://fapi.binance.com/fapi/v1/ticker/24hr?symbol=LAZIOUSDT
  ✅ Spot: $0.8700
[300/591] LDO
  ✅ Spot: $0.9254 | Perp: $0.9252 | FR: 0.0011%
[301/591] LIGHT
  ⚠️  Spot data unavailable: 400 Client Error: Bad Request for url: https://api.binance.com/api/v3/ticker/24hr?symbol=LIGHTUSDT
  ✅ Perp: $2.3016 | FR: 0.0331%
[302/591] LINEA
  ✅ Spot: $0.0158 | Perp: $0.0158 | FR: -0.0008%
[303/591] LINK
  ✅ Spot: $17.7000 | Perp: $17.6840 | FR: 0.0039%
[304/591] LISTA
  ✅ Spot: $0.2987 | Perp: $0.2983 | FR: 0.0040%
[305/591] LPT
  ✅ Spot: $5.0390 | Perp: $5.0340 | FR: -0.0308%
[306/591] LQTY
  ✅ Spot: $0.5280 | Perp: $0.5276 | FR: 0.0099%
[307/591] LRC
  ✅ Spot: $0.0698 | Perp: $0.0697 | FR: 0.0100%
[308/591] LSK
  ✅ Spot: $0.2170 | Perp: $0.2168 | FR: 0.0050%
[309/591] LTC
  ✅ Spot: $95.2800 | Perp: $95.2500 | FR: -0.0043%
[310/591] LUMIA
  ✅ Spot: $0.1410 | Perp: $0.1419 | FR: 0.0300%
[311/591] LUNA
  ⚠️  Perp data unavailable: 'lastPrice'
  ✅ Spot: $0.1003
[312/591] LUNA2
  ⚠️  Spot data unavailable: 400 Client Error: Bad Request for url: https://api.binance.com/api/v3/ticker/24hr?symbol=LUNA2USDT
  ✅ Perp: $0.1001 | FR: 0.0100%
[313/591] LUNC
  ⚠️  Perp data unavailable: 400 Client Error: Bad Request for url: https://fapi.binance.com/fapi/v1/ticker/24hr?symbol=LUNCUSDT
  ✅ Spot: $0.0000
[314/591] LYN
  ⚠️  Spot data unavailable: 400 Client Error: Bad Request for url: https://api.binance.com/api/v3/ticker/24hr?symbol=LYNUSDT
  ✅ Perp: $0.1530 | FR: 0.0050%
[315/591] M
  ⚠️  Spot data unavailable: 400 Client Error: Bad Request for url: https://api.binance.com/api/v3/ticker/24hr?symbol=MUSDT
  ✅ Perp: $2.2742 | FR: 0.0050%
[316/591] MAGIC
  ✅ Spot: $0.1426 | Perp: $0.1425 | FR: -0.0065%
[317/591] MANA
  ✅ Spot: $0.2384 | Perp: $0.2381 | FR: 0.0100%
[318/591] MANTA
  ✅ Spot: $0.1148 | Perp: $0.1147 | FR: -0.0013%
[319/591] MASK
  ✅ Spot: $0.8650 | Perp: $0.8652 | FR: 0.0020%
[320/591] MAV
  ✅ Spot: $0.0394 | Perp: $0.0393 | FR: 0.0013%
[321/591] MAVIA
  ⚠️  Spot data unavailable: 400 Client Error: Bad Request for url: https://api.binance.com/api/v3/ticker/24hr?symbol=MAVIAUSDT
  ✅ Perp: $0.0768 | FR: 0.0050%
[322/591] MBL
  ⚠️  Perp data unavailable: 'lastPrice'
  ✅ Spot: $0.0015
[323/591] MBOX
  ✅ Spot: $0.0492 | Perp: $0.0491 | FR: 0.0050%
[324/591] MDT
  ⚠️  Open interest unavailable: 400 Client Error: Bad Request for url: https://fapi.binance.com/fapi/v1/openInterest?symbol=MDTUSDT
  ✅ Spot: $0.0182 | Perp: $0.0633
[325/591] ME
  ✅ Spot: $0.4360 | Perp: $0.4359 | FR: -0.0068%
[326/591] MELANIA
  ⚠️  Spot data unavailable: 400 Client Error: Bad Request for url: https://api.binance.com/api/v3/ticker/24hr?symbol=MELANIAUSDT
  ✅ Perp: $0.0990 | FR: 0.0050%
[327/591] MEME
  ✅ Spot: $0.0017 | Perp: $0.0017 | FR: 0.0050%
[328/591] MERL
  ⚠️  Spot data unavailable: 400 Client Error: Bad Request for url: https://api.binance.com/api/v3/ticker/24hr?symbol=MERLUSDT
  ✅ Perp: $0.3680 | FR: -0.0085%
[329/591] MET
  ⚠️  Spot data unavailable: 400 Client Error: Bad Request for url: https://api.binance.com/api/v3/ticker/24hr?symbol=METUSDT
  ✅ Perp: $0.5831 | FR: 0.0284%
[330/591] METIS
  ✅ Spot: $10.0900 | Perp: $10.0900 | FR: 0.0050%
[331/591] MEW
  ⚠️  Spot data unavailable: 400 Client Error: Bad Request for url: https://api.binance.com/api/v3/ticker/24hr?symbol=MEWUSDT
  ⚠️  Perp data unavailable: HTTPSConnectionPool(host='fapi.binance.com', port=443): Max retries exceeded with url: /fapi/v1/ticker/24hr?symbol=MEWUSDT (Caused by ProxyError('Cannot connect to proxy.', TimeoutError('_ssl.c:990: The handshake operation timed out')))
  ⚠️  No data available, skipping
[332/591] MILK
  ⚠️  Spot data unavailable: 400 Client Error: Bad Request for url: https://api.binance.com/api/v3/ticker/24hr?symbol=MILKUSDT
  ✅ Perp: $0.0357 | FR: 0.0050%
[333/591] MINA
  ✅ Spot: $0.1061 | Perp: $0.1060 | FR: 0.0100%
[334/591] MIRA
  ⚠️  Open interest unavailable: HTTPSConnectionPool(host='fapi.binance.com', port=443): Max retries exceeded with url: /fapi/v1/openInterest?symbol=MIRAUSDT (Caused by ProxyError('Cannot connect to proxy.', TimeoutError('_ssl.c:990: The handshake operation timed out')))
  ✅ Spot: $0.3197 | Perp: $0.3193 | FR: 0.0050%
[335/591] MITO
  ✅ Spot: $0.1164 | Perp: $0.1162 | FR: 0.0050%
[336/591] MLN
  ✅ Spot: $8.1400 | Perp: $8.1450 | FR: 0.0050%
[337/591] MOCA
  ⚠️  Spot data unavailable: 400 Client Error: Bad Request for url: https://api.binance.com/api/v3/ticker/24hr?symbol=MOCAUSDT
  ✅ Perp: $0.0535 | FR: 0.0050%
[338/591] MON
  ⚠️  Spot data unavailable: 400 Client Error: Bad Request for url: https://api.binance.com/api/v3/ticker/24hr?symbol=MONUSDT
  ✅ Perp: $0.0678 | FR: 0.0050%
[339/591] MOODENG
  ⚠️  Spot data unavailable: 400 Client Error: Bad Request for url: https://api.binance.com/api/v3/ticker/24hr?symbol=MOODENGUSDT
  ✅ Perp: $0.1123 | FR: -0.0160%
[340/591] MORPHO
  ✅ Spot: $1.9860 | Perp: $1.9808 | FR: -0.0455%
[341/591] MOVE
  ✅ Spot: $0.0740 | Perp: $0.0739 | FR: 0.0048%
[342/591] MOVR
  ✅ Spot: $3.7800 | Perp: $3.7750 | FR: 0.0050%
[343/591] MTL
  ✅ Spot: $0.5090 | Perp: $0.5078 | FR: 0.0082%
[344/591] MUBARAK
  ✅ Spot: $0.0248 | Perp: $0.0247 | FR: -0.0177%
[345/591] MYRO
  ⚠️  Spot data unavailable: 400 Client Error: Bad Request for url: https://api.binance.com/api/v3/ticker/24hr?symbol=MYROUSDT
  ✅ Perp: $0.0140 | FR: 0.0050%
[346/591] MYX
  ⚠️  Spot data unavailable: 400 Client Error: Bad Request for url: https://api.binance.com/api/v3/ticker/24hr?symbol=MYXUSDT
  ✅ Perp: $2.9090 | FR: 0.0050%
[347/591] NAORIS
  ⚠️  Spot data unavailable: 400 Client Error: Bad Request for url: https://api.binance.com/api/v3/ticker/24hr?symbol=NAORISUSDT
  ✅ Perp: $0.0488 | FR: 0.0112%
[348/591] NEAR
  ✅ Spot: $2.2450 | Perp: $2.2450 | FR: 0.0100%
[349/591] NEIRO
  ✅ Spot: $0.0002 | Perp: $0.0002 | FR: 0.0050%
[350/591] NEO
  ✅ Spot: $5.1790 | Perp: $5.1720 | FR: 0.0039%
[351/591] NEWT
  ✅ Spot: $0.1537 | Perp: $0.1537 | FR: 0.0050%
[352/591] NEXO
  ⚠️  Perp data unavailable: 400 Client Error: Bad Request for url: https://fapi.binance.com/fapi/v1/ticker/24hr?symbol=NEXOUSDT
  ✅ Spot: $1.1370
[353/591] NFP
  ✅ Spot: $0.0419 | Perp: $0.0419 | FR: 0.0050%
[354/591] NIL
  ✅ Spot: $0.3252 | Perp: $0.3249 | FR: 0.0050%
[355/591] NKN
  ✅ Spot: $0.0200 | Perp: $0.0201 | FR: 0.0050%
[356/591] NMR
  ✅ Spot: $12.9400 | Perp: $12.8780 | FR: -0.0979%
[357/591] NOM
  ✅ Spot: $0.0206 | Perp: $0.0206 | FR: 0.0050%
[358/591] NOT
  ✅ Spot: $0.0008 | Perp: $0.0008 | FR: 0.0050%
[359/591] NTRN
  ✅ Spot: $0.0500 | Perp: $0.0499 | FR: 0.0050%
[360/591] NXPC
  ✅ Spot: $0.3492 | Perp: $0.3489 | FR: 0.0050%
[361/591] OBOL
  ⚠️  Spot data unavailable: 400 Client Error: Bad Request for url: https://api.binance.com/api/v3/ticker/24hr?symbol=OBOLUSDT
  ✅ Perp: $0.0999 | FR: 0.0050%
[362/591] OG
  ✅ Spot: $17.4230 | Perp: $17.4040 | FR: 0.0050%
[363/591] OGN
  ✅ Spot: $0.0478 | Perp: $0.0478 | FR: 0.0100%
[364/591] OL
  ⚠️  Spot data unavailable: 400 Client Error: Bad Request for url: https://api.binance.com/api/v3/ticker/24hr?symbol=OLUSDT
  ✅ Perp: $0.0215 | FR: 0.0983%
[365/591] OM
  ✅ Spot: $0.1190 | Perp: $0.1188 | FR: -0.0573%
[366/591] ONDO
  ✅ Spot: $0.7320 | Perp: $0.7316 | FR: 0.0004%
[367/591] ONE
  ✅ Spot: $0.0066 | Perp: $0.0066 | FR: 0.0100%
[368/591] ONG
  ✅ Spot: $0.1163 | Perp: $0.1161 | FR: 0.0050%
[369/591] ONT
  ✅ Spot: $0.0924 | Perp: $0.0923 | FR: -0.0026%
[370/591] OP
  ✅ Spot: $0.4407 | Perp: $0.4405 | FR: 0.0100%
[371/591] OPEN
  ✅ Spot: $0.3615 | Perp: $0.3585 | FR: -0.3626%
[372/591] ORCA
  ✅ Spot: $1.4540 | Perp: $1.4520 | FR: -0.0034%
[373/591] ORDER
  ⚠️  Spot data unavailable: 400 Client Error: Bad Request for url: https://api.binance.com/api/v3/ticker/24hr?symbol=ORDERUSDT
  ✅ Perp: $0.2326 | FR: 0.0100%
[374/591] ORDI
  ✅ Spot: $5.2330 | Perp: $5.2270 | FR: 0.0014%
[375/591] OSMO
  ⚠️  Perp data unavailable: 400 Client Error: Bad Request for url: https://fapi.binance.com/fapi/v1/ticker/24hr?symbol=OSMOUSDT
  ✅ Spot: $0.1172
[376/591] OXT
  ✅ Spot: $0.0408 | Perp: $0.0408 | FR: 0.0100%
[377/591] PARTI
  ✅ Spot: $0.0844 | Perp: $0.0841 | FR: -0.0134%
[378/591] PAXG
  ✅ Spot: $4112.4000 | Perp: $4112.3000 | FR: -0.0001%
[379/591] PENDLE
  ✅ Spot: $3.1350 | Perp: $3.1307 | FR: 0.0100%
[380/591] PENGU
  ✅ Spot: $0.0210 | Perp: $0.0209 | FR: -0.0064%
[381/591] PEOPLE
  ✅ Spot: $0.0125 | Perp: $0.0125 | FR: 0.0100%
[382/591] PEPE
  ⚠️  Perp data unavailable: 400 Client Error: Bad Request for url: https://fapi.binance.com/fapi/v1/ticker/24hr?symbol=PEPEUSDT
  ✅ Spot: $0.0000
[383/591] PERP
  ✅ Spot: $0.2251 | Perp: $0.2247 | FR: 0.0036%
[384/591] PHA
  ✅ Spot: $0.0602 | Perp: $0.0602 | FR: 0.0050%
[385/591] PHB
  ✅ Spot: $0.5230 | Perp: $0.5240 | FR: 0.0100%
[386/591] PIPPIN
  ⚠️  Spot data unavailable: 400 Client Error: Bad Request for url: https://api.binance.com/api/v3/ticker/24hr?symbol=PIPPINUSDT
  ✅ Perp: $0.0215 | FR: 0.0174%
[387/591] PIVX
  ⚠️  Perp data unavailable: 400 Client Error: Bad Request for url: https://fapi.binance.com/fapi/v1/ticker/24hr?symbol=PIVXUSDT
  ✅ Spot: $0.1716
[388/591] PIXEL
  ✅ Spot: $0.0176 | Perp: $0.0176 | FR: 0.0050%
[389/591] PLAY
  ⚠️  Spot data unavailable: 400 Client Error: Bad Request for url: https://api.binance.com/api/v3/ticker/24hr?symbol=PLAYUSDT
  ✅ Perp: $0.0287 | FR: 0.0050%
[390/591] PLUME
  ✅ Spot: $0.0730 | Perp: $0.0729 | FR: 0.0050%
[391/591] PNUT
  ✅ Spot: $0.1376 | Perp: $0.1375 | FR: 0.0050%
[392/591] POL
  ✅ Spot: $0.1950 | Perp: $0.1949 | FR: 0.0011%
[393/591] POLYX
  ✅ Spot: $0.0877 | Perp: $0.0876 | FR: 0.0050%
[394/591] POND
  ⚠️  Perp data unavailable: 400 Client Error: Bad Request for url: https://fapi.binance.com/fapi/v1/ticker/24hr?symbol=PONDUSDT
  ✅ Spot: $0.0059
[395/591] PONKE
  ⚠️  Spot data unavailable: 400 Client Error: Bad Request for url: https://api.binance.com/api/v3/ticker/24hr?symbol=PONKEUSDT
  ✅ Perp: $0.0629 | FR: 0.0050%
[396/591] POPCAT
  ⚠️  Spot data unavailable: 400 Client Error: Bad Request for url: https://api.binance.com/api/v3/ticker/24hr?symbol=POPCATUSDT
  ✅ Perp: $0.1545 | FR: 0.0050%
[397/591] PORT3
  ⚠️  Spot data unavailable: HTTPSConnectionPool(host='api.binance.com', port=443): Max retries exceeded with url: /api/v3/ticker/24hr?symbol=PORT3USDT (Caused by ProxyError('Cannot connect to proxy.', TimeoutError('_ssl.c:990: The handshake operation timed out')))
  ✅ Perp: $0.0414 | FR: 0.0135%
[398/591] PORTAL
  ✅ Spot: $0.0253 | Perp: $0.0253 | FR: 0.0050%
[399/591] PORTO
  ⚠️  Perp data unavailable: 400 Client Error: Bad Request for url: https://fapi.binance.com/fapi/v1/ticker/24hr?symbol=PORTOUSDT
  ✅ Spot: $1.0270
[400/591] POWR
  ✅ Spot: $0.1193 | Perp: $0.1189 | FR: 0.0041%
[401/591] PROM
  ✅ Spot: $9.7960 | Perp: $9.7870 | FR: 0.0050%
[402/591] PROMPT
  ⚠️  Spot data unavailable: 400 Client Error: Bad Request for url: https://api.binance.com/api/v3/ticker/24hr?symbol=PROMPTUSDT
  ✅ Perp: $0.0873 | FR: 0.0050%
[403/591] PROVE
  ✅ Spot: $0.9698 | Perp: $0.9694 | FR: -0.0574%
[404/591] PSG
  ⚠️  Perp data unavailable: 400 Client Error: Bad Request for url: https://fapi.binance.com/fapi/v1/ticker/24hr?symbol=PSGUSDT
  ✅ Spot: $1.2240
[405/591] PTB
  ⚠️  Spot data unavailable: 400 Client Error: Bad Request for url: https://api.binance.com/api/v3/ticker/24hr?symbol=PTBUSDT
  ✅ Perp: $0.0316 | FR: 0.0050%
[406/591] PUFFER
  ⚠️  Spot data unavailable: 400 Client Error: Bad Request for url: https://api.binance.com/api/v3/ticker/24hr?symbol=PUFFERUSDT
  ✅ Perp: $0.0889 | FR: 0.0050%
[407/591] PUMP
  ✅ Spot: $0.0039 | Perp: $0.0039 | FR: 0.0050%
[408/591] PUMPBTC
  ⚠️  Spot data unavailable: 400 Client Error: Bad Request for url: https://api.binance.com/api/v3/ticker/24hr?symbol=PUMPBTCUSDT
❌ Error updating page: HTTPSConnectionPool(host='api.notion.com', port=443): Read timed out. (read timeout=30)
  ❌ Failed: HTTPSConnectionPool(host='api.notion.com', port=443): Read timed out. (read timeout=30)
[409/591] PUNDIX
  ✅ Spot: $0.3682 | Perp: $0.3672 | FR: 0.0050%
[410/591] PYR
  ⚠️  Perp data unavailable: 400 Client Error: Bad Request for url: https://fapi.binance.com/fapi/v1/ticker/24hr?symbol=PYRUSDT
  ✅ Spot: $0.6810
[411/591] PYTH
  ✅ Spot: $0.1152 | Perp: $0.1152 | FR: 0.0014%
[412/591] Q
  ⚠️  Spot data unavailable: 400 Client Error: Bad Request for url: https://api.binance.com/api/v3/ticker/24hr?symbol=QUSDT
  ✅ Perp: $0.0338 | FR: 0.0295%
[413/591] QI
  ⚠️  Spot data unavailable: HTTPSConnectionPool(host='api.binance.com', port=443): Max retries exceeded with url: /api/v3/ticker/24hr?symbol=QIUSDT (Caused by ProxyError('Cannot connect to proxy.', TimeoutError('_ssl.c:990: The handshake operation timed out')))
  ⚠️  Perp data unavailable: 400 Client Error: Bad Request for url: https://fapi.binance.com/fapi/v1/ticker/24hr?symbol=QIUSDT
  ⚠️  No data available, skipping
[414/591] QKC
  ⚠️  Perp data unavailable: 400 Client Error: Bad Request for url: https://fapi.binance.com/fapi/v1/ticker/24hr?symbol=QKCUSDT
  ✅ Spot: $0.0054
[415/591] QNT
  ✅ Spot: $82.3900 | Perp: $82.3200 | FR: 0.0100%
[416/591] QTUM
  ✅ Spot: $1.9930 | Perp: $1.9910 | FR: 0.0100%
[417/591] QUICK
  ✅ Spot: $0.0190 | Perp: $0.0190 | FR: 0.0050%
[418/591] RAD
  ⚠️  Open interest unavailable: 400 Client Error: Bad Request for url: https://fapi.binance.com/fapi/v1/openInterest?symbol=RADUSDT
  ✅ Spot: $0.5200 | Perp: $1.6874
[419/591] RARE
  ✅ Spot: $0.0365 | Perp: $0.0365 | FR: 0.0050%
[420/591] RAY
  ⚠️  Perp data unavailable: 'lastPrice'
  ✅ Spot: $1.8110
[421/591] RAYSOL
  ⚠️  Spot data unavailable: 400 Client Error: Bad Request for url: https://api.binance.com/api/v3/ticker/24hr?symbol=RAYSOLUSDT
  ✅ Perp: $1.8103 | FR: 0.0050%
[422/591] RDNT
  ✅ Spot: $0.0172 | Perp: $0.0172 | FR: 0.0100%
[423/591] RECALL
  ⚠️  Spot data unavailable: 400 Client Error: Bad Request for url: https://api.binance.com/api/v3/ticker/24hr?symbol=RECALLUSDT
  ✅ Perp: $0.3938 | FR: 0.0050%
[424/591] RED
  ✅ Spot: $0.3493 | Perp: $0.3485 | FR: -0.0126%
[425/591] REI
  ✅ Spot: $0.0121 | Perp: $0.0121 | FR: 0.0045%
[426/591] RENDER
  ✅ Spot: $2.4920 | Perp: $2.4900 | FR: 0.0050%
[427/591] REQ
  ⚠️  Perp data unavailable: 400 Client Error: Bad Request for url: https://fapi.binance.com/fapi/v1/ticker/24hr?symbol=REQUSDT
  ✅ Spot: $0.1276
[428/591] RESOLV
  ✅ Spot: $0.0574 | Perp: $0.0573 | FR: 0.0050%
[429/591] REZ
  ✅ Spot: $0.0105 | Perp: $0.0105 | FR: -0.0184%
[430/591] RIF
  ✅ Spot: $0.0482 | Perp: $0.0481 | FR: 0.0050%
[431/591] RIVER
  ⚠️  Spot data unavailable: 400 Client Error: Bad Request for url: https://api.binance.com/api/v3/ticker/24hr?symbol=RIVERUSDT
  ✅ Perp: $10.2200 | FR: 0.0489%
[432/591] RLC
  ✅ Spot: $0.8730 | Perp: $0.8711 | FR: -0.0051%
[433/591] RONIN
  ✅ Spot: $0.3805 | Perp: $0.3796 | FR: -0.0341%
[434/591] ROSE
  ✅ Spot: $0.0167 | Perp: $0.0167 | FR: 0.0009%
[435/591] RPL
  ✅ Spot: $3.3800 | Perp: $3.3800 | FR: 0.0050%
[436/591] RSR
  ✅ Spot: $0.0056 | Perp: $0.0056 | FR: -0.0109%
[437/591] RUNE
  ✅ Spot: $0.8580 | Perp: $0.8570 | FR: -0.0187%
[438/591] RVN
  ✅ Spot: $0.0099 | Perp: $0.0099 | FR: -0.0196%
[439/591] RVV
  ⚠️  Spot data unavailable: 400 Client Error: Bad Request for url: https://api.binance.com/api/v3/ticker/24hr?symbol=RVVUSDT
  ✅ Perp: $0.0140 | FR: 0.0692%
[440/591] S
  ✅ Spot: $0.1670 | Perp: $0.1670 | FR: 0.0032%
[441/591] SAFE
  ⚠️  Spot data unavailable: 400 Client Error: Bad Request for url: https://api.binance.com/api/v3/ticker/24hr?symbol=SAFEUSDT
  ✅ Perp: $0.2575 | FR: 0.0014%
[442/591] SAGA
  ✅ Spot: $0.1164 | Perp: $0.1164 | FR: 0.0050%
[443/591] SAHARA
  ✅ Spot: $0.0799 | Perp: $0.0801 | FR: 0.0050%
[444/591] SAND
  ✅ Spot: $0.2130 | Perp: $0.2130 | FR: 0.0090%
[445/591] SANTOS
  ✅ Spot: $1.3860 | Perp: $1.3850 | FR: 0.0050%
[446/591] SAPIEN
  ⚠️  Spot data unavailable: 400 Client Error: Bad Request for url: https://api.binance.com/api/v3/ticker/24hr?symbol=SAPIENUSDT
  ✅ Perp: $0.1256 | FR: 0.0050%
[447/591] SC
  ⚠️  Perp data unavailable: 'lastPrice'
  ✅ Spot: $0.0020
[448/591] SCR
  ✅ Spot: $0.1640 | Perp: $0.1642 | FR: 0.0050%
[449/591] SCRT
  ✅ Spot: $0.1570 | Perp: $0.1570 | FR: 0.0050%
[450/591] SEI
  ✅ Spot: $0.1955 | Perp: $0.1954 | FR: 0.0035%
[451/591] SFP
  ✅ Spot: $0.3878 | Perp: $0.3875 | FR: 0.0100%
[452/591] SHELL
  ✅ Spot: $0.0969 | Perp: $0.0967 | FR: -0.0065%
[453/591] SHIB
  ⚠️  Perp data unavailable: 400 Client Error: Bad Request for url: https://fapi.binance.com/fapi/v1/ticker/24hr?symbol=SHIBUSDT
  ✅ Spot: $0.0000
[454/591] SIGN
  ✅ Spot: $0.0407 | Perp: $0.0407 | FR: -0.0025%
[455/591] SIREN
  ⚠️  Spot data unavailable: 400 Client Error: Bad Request for url: https://api.binance.com/api/v3/ticker/24hr?symbol=SIRENUSDT
  ✅ Perp: $0.0893 | FR: 0.0141%
[456/591] SKATE
  ⚠️  Spot data unavailable: 400 Client Error: Bad Request for url: https://api.binance.com/api/v3/ticker/24hr?symbol=SKATEUSDT
  ✅ Perp: $0.0403 | FR: 0.0050%
[457/591] SKL
  ✅ Spot: $0.0186 | Perp: $0.0186 | FR: -0.0145%
[458/591] SKY
  ✅ Spot: $0.0598 | Perp: $0.0597 | FR: 0.0014%
[459/591] SKYAI
  ⚠️  Spot data unavailable: 400 Client Error: Bad Request for url: https://api.binance.com/api/v3/ticker/24hr?symbol=SKYAIUSDT
  ✅ Perp: $0.0234 | FR: 0.0050%
[460/591] SLP
  ✅ Spot: $0.0012 | Perp: $0.0012 | FR: 0.0050%
[461/591] SNX
  ✅ Spot: $1.2690 | Perp: $1.2680 | FR: -0.0053%
[462/591] SOL
  ✅ Spot: $193.6100 | Perp: $193.5500 | FR: 0.0100%
[463/591] SOLV
  ✅ Spot: $0.0180 | Perp: $0.0179 | FR: 0.0050%
[464/591] SOMI
  ✅ Spot: $0.5223 | Perp: $0.5221 | FR: 0.0050%
[465/591] SONIC
  ⚠️  Spot data unavailable: 400 Client Error: Bad Request for url: https://api.binance.com/api/v3/ticker/24hr?symbol=SONICUSDT
  ✅ Perp: $0.1271 | FR: 0.0050%
[466/591] SOON
  ⚠️  Spot data unavailable: 400 Client Error: Bad Request for url: https://api.binance.com/api/v3/ticker/24hr?symbol=SOONUSDT
  ✅ Perp: $0.7691 | FR: 0.0050%
[467/591] SOPH
  ✅ Spot: $0.0311 | Perp: $0.0310 | FR: -0.0636%
[468/591] SPELL
  ✅ Spot: $0.0004 | Perp: $0.0004 | FR: 0.0100%
[469/591] SPK
  ✅ Spot: $0.0392 | Perp: $0.0391 | FR: -0.0033%
[470/591] SPX
  ⚠️  Spot data unavailable: 400 Client Error: Bad Request for url: https://api.binance.com/api/v3/ticker/24hr?symbol=SPXUSDT
  ✅ Perp: $1.0184 | FR: 0.0050%
[471/591] SQD
  ⚠️  Spot data unavailable: 400 Client Error: Bad Request for url: https://api.binance.com/api/v3/ticker/24hr?symbol=SQDUSDT
  ✅ Perp: $0.1441 | FR: -0.0605%
[472/591] SSV
  ✅ Spot: $5.6000 | Perp: $5.5970 | FR: 0.0100%
[473/591] STBL
  ⚠️  Spot data unavailable: 400 Client Error: Bad Request for url: https://api.binance.com/api/v3/ticker/24hr?symbol=STBLUSDT
  ✅ Perp: $0.1035 | FR: 0.0050%
[474/591] STEEM
  ✅ Spot: $0.0910 | Perp: $0.0910 | FR: 0.0050%
[475/591] STG
  ✅ Spot: $0.1567 | Perp: $0.1566 | FR: -0.0167%
[476/591] STO
  ✅ Spot: $0.1835 | Perp: $0.1832 | FR: 0.0050%
[477/591] STORJ
  ✅ Spot: $0.1825 | Perp: $0.1822 | FR: 0.0100%
[478/591] STRAX
  ⚠️  Open interest unavailable: 400 Client Error: Bad Request for url: https://fapi.binance.com/fapi/v1/openInterest?symbol=STRAXUSDT
  ✅ Spot: $0.0321 | Perp: $1.4174
[479/591] STRK
  ✅ Spot: $0.1227 | Perp: $0.1226 | FR: -0.0012%
[480/591] STX
  ✅ Spot: $0.4415 | Perp: $0.4410 | FR: 0.0064%
[481/591] SUI
  ✅ Spot: $2.4814 | Perp: $2.4799 | FR: 0.0074%
[482/591] SUN
  ✅ Spot: $0.0230 | Perp: $0.0230 | FR: -0.0254%
[483/591] SUPER
  ✅ Spot: $0.3894 | Perp: $0.3888 | FR: 0.0007%
[484/591] SUSHI
  ✅ Spot: $0.5384 | Perp: $0.5376 | FR: 0.0100%
[485/591] SWARMS
  ⚠️  Spot data unavailable: 400 Client Error: Bad Request for url: https://api.binance.com/api/v3/ticker/24hr?symbol=SWARMSUSDT
  ✅ Perp: $0.0154 | FR: 0.0050%
[486/591] SWELL
❌ Error querying Notion: 400 Client Error: Bad Request for url: https://api.notion.com/v1/databases/29453c63-57c7-8068-a2e7-c2cd793b5eb2/query
  ⚠️  Spot data unavailable: 400 Client Error: Bad Request for url: https://api.binance.com/api/v3/ticker/24hr?symbol=SWELLUSDT
  ✅ Perp: $0.0060 | FR: 0.0050%
[487/591] SXP
  ✅ Spot: $0.1215 | Perp: $0.1212 | FR: 0.0100%
[488/591] SXT
  ✅ Spot: $0.0576 | Perp: $0.0576 | FR: 0.0050%
[489/591] SYN
  ✅ Spot: $0.0798 | Perp: $0.0798 | FR: 0.0050%
[490/591] SYRUP
  ✅ Spot: $0.3765 | Perp: $0.3761 | FR: -0.0085%
[491/591] SYS
  ✅ Spot: $0.0291 | Perp: $0.0291 | FR: 0.0050%
[492/591] T
  ✅ Spot: $0.0127 | Perp: $0.0127 | FR: 0.0033%
[493/591] TA
  ⚠️  Spot data unavailable: 400 Client Error: Bad Request for url: https://api.binance.com/api/v3/ticker/24hr?symbol=TAUSDT
  ✅ Perp: $0.0521 | FR: 0.0050%
[494/591] TAC
  ⚠️  Spot data unavailable: 400 Client Error: Bad Request for url: https://api.binance.com/api/v3/ticker/24hr?symbol=TACUSDT
  ✅ Perp: $0.0049 | FR: 0.0388%
[495/591] TAG
  ⚠️  Spot data unavailable: 400 Client Error: Bad Request for url: https://api.binance.com/api/v3/ticker/24hr?symbol=TAGUSDT
  ✅ Perp: $0.0004 | FR: 0.0050%
[496/591] TAIKO
  ⚠️  Spot data unavailable: 400 Client Error: Bad Request for url: https://api.binance.com/api/v3/ticker/24hr?symbol=TAIKOUSDT
  ✅ Perp: $0.2621 | FR: 0.0050%
[497/591] TAKE
  ⚠️  Spot data unavailable: 400 Client Error: Bad Request for url: https://api.binance.com/api/v3/ticker/24hr?symbol=TAKEUSDT
  ✅ Perp: $0.3076 | FR: 0.0061%
[498/591] TANSSI
  ⚠️  Spot data unavailable: 400 Client Error: Bad Request for url: https://api.binance.com/api/v3/ticker/24hr?symbol=TANSSIUSDT
  ✅ Perp: $0.0348 | FR: 0.0218%
[499/591] TAO
  ✅ Spot: $392.7000 | Perp: $392.4800 | FR: 0.0041%
[500/591] TFUEL
  ⚠️  Perp data unavailable: 400 Client Error: Bad Request for url: https://fapi.binance.com/fapi/v1/ticker/24hr?symbol=TFUELUSDT
  ✅ Spot: $0.0266
[501/591] THE
  ✅ Spot: $0.2651 | Perp: $0.2648 | FR: 0.0050%
[502/591] THETA
  ✅ Spot: $0.5640 | Perp: $0.5639 | FR: 0.0100%
[503/591] TIA
  ✅ Spot: $1.0230 | Perp: $1.0224 | FR: 0.0050%
[504/591] TKO
  ⚠️  Perp data unavailable: 400 Client Error: Bad Request for url: https://fapi.binance.com/fapi/v1/ticker/24hr?symbol=TKOUSDT
  ✅ Spot: $0.1318
[505/591] TLM
  ✅ Spot: $0.0034 | Perp: $0.0034 | FR: 0.0100%
[506/591] TNSR
  ✅ Spot: $0.0658 | Perp: $0.0656 | FR: 0.0044%
[507/591] TOKEN
  ⚠️  Spot data unavailable: 400 Client Error: Bad Request for url: https://api.binance.com/api/v3/ticker/24hr?symbol=TOKENUSDT
  ✅ Perp: $0.0081 | FR: 0.0050%
[508/591] TON
  ✅ Spot: $2.1440 | Perp: $2.1423 | FR: 0.0050%
[509/591] TOSHI
  ⚠️  Spot data unavailable: 400 Client Error: Bad Request for url: https://api.binance.com/api/v3/ticker/24hr?symbol=TOSHIUSDT
  ✅ Perp: $0.0007 | FR: -0.0237%
[510/591] TOWNS
  ✅ Spot: $0.0116 | Perp: $0.0116 | FR: 0.0050%
[511/591] TRADOOR
  ⚠️  Spot data unavailable: 400 Client Error: Bad Request for url: https://api.binance.com/api/v3/ticker/24hr?symbol=TRADOORUSDT
  ✅ Perp: $2.4150 | FR: 0.0050%
[512/591] TRB
  ✅ Spot: $25.1000 | Perp: $25.0990 | FR: 0.0050%
[513/591] TREE
  ✅ Spot: $0.1770 | Perp: $0.1768 | FR: 0.0050%
[514/591] TRU
  ✅ Spot: $0.0183 | Perp: $0.0182 | FR: -0.0150%
[515/591] TRUMP
  ✅ Spot: $5.9200 | Perp: $5.9160 | FR: -0.0075%
[516/591] TRUTH
  ⚠️  Spot data unavailable: 400 Client Error: Bad Request for url: https://api.binance.com/api/v3/ticker/24hr?symbol=TRUTHUSDT
  ✅ Perp: $0.0165 | FR: 0.0050%
[517/591] TRX
  ✅ Spot: $0.3134 | Perp: $0.3131 | FR: -0.0281%
[518/591] TST
  ✅ Spot: $0.0205 | Perp: $0.0204 | FR: 0.0050%
[519/591] TURBO
  ✅ Spot: $0.0024 | Perp: $0.0024 | FR: 0.0039%
[520/591] TURTLE
  ✅ Spot: $0.1773 | Perp: $0.1770 | FR: 0.0013%
[521/591] TUSD
  ⚠️  Perp data unavailable: 400 Client Error: Bad Request for url: https://fapi.binance.com/fapi/v1/ticker/24hr?symbol=TUSDUSDT
  ✅ Spot: $0.9962
[522/591] TUT
  ✅ Spot: $0.0244 | Perp: $0.0244 | FR: 0.0050%
[523/591] TWT
  ✅ Spot: $1.2661 | Perp: $1.2653 | FR: 0.0050%
[524/591] UB
  ⚠️  Spot data unavailable: 400 Client Error: Bad Request for url: https://api.binance.com/api/v3/ticker/24hr?symbol=UBUSDT
  ✅ Perp: $0.0575 | FR: 0.0444%
[525/591] UMA
  ✅ Spot: $1.1920 | Perp: $1.1880 | FR: 0.0050%
[526/591] UNI
  ✅ Spot: $6.3840 | Perp: $6.3810 | FR: 0.0074%
[527/591] USD1
  ⚠️  Perp data unavailable: 400 Client Error: Bad Request for url: https://fapi.binance.com/fapi/v1/ticker/24hr?symbol=USD1USDT
  ✅ Spot: $0.9999
[528/591] USDC
  ✅ Spot: $0.9996 | Perp: $0.9991 | FR: -0.0119%
[529/591] USDE
  ⚠️  Perp data unavailable: 400 Client Error: Bad Request for url: https://fapi.binance.com/fapi/v1/ticker/24hr?symbol=USDEUSDT
  ✅ Spot: $0.9993
[530/591] USDP
  ⚠️  Perp data unavailable: 400 Client Error: Bad Request for url: https://fapi.binance.com/fapi/v1/ticker/24hr?symbol=USDPUSDT
  ✅ Spot: $0.9994
[531/591] USELESS
  ⚠️  Spot data unavailable: 400 Client Error: Bad Request for url: https://api.binance.com/api/v3/ticker/24hr?symbol=USELESSUSDT
  ✅ Perp: $0.2955 | FR: 0.0050%
[532/591] USTC
  ✅ Spot: $0.0082 | Perp: $0.0082 | FR: 0.0038%
[533/591] USUAL
  ✅ Spot: $0.0320 | Perp: $0.0319 | FR: 0.0050%
[534/591] UTK
  ⚠️  Perp data unavailable: 400 Client Error: Bad Request for url: https://fapi.binance.com/fapi/v1/ticker/24hr?symbol=UTKUSDT
  ✅ Spot: $0.0192
[535/591] VANA
  ✅ Spot: $2.6160 | Perp: $2.6130 | FR: 0.0050%
[536/591] VANRY
  ✅ Spot: $0.0164 | Perp: $0.0164 | FR: 0.0322%
[537/591] VELODROME
  ✅ Spot: $0.0330 | Perp: $0.0330 | FR: 0.0050%
[538/591] VELVET
  ⚠️  Spot data unavailable: 400 Client Error: Bad Request for url: https://api.binance.com/api/v3/ticker/24hr?symbol=VELVETUSDT
  ✅ Perp: $0.2165 | FR: 0.0243%
[539/591] VET
  ✅ Spot: $0.0173 | Perp: $0.0173 | FR: -0.0059%
[540/591] VFY
  ⚠️  Spot data unavailable: 400 Client Error: Bad Request for url: https://api.binance.com/api/v3/ticker/24hr?symbol=VFYUSDT
  ✅ Perp: $0.0780 | FR: 0.0050%
[541/591] VIC
  ⚠️  Open interest unavailable: HTTPSConnectionPool(host='fapi.binance.com', port=443): Max retries exceeded with url: /fapi/v1/openInterest?symbol=VICUSDT (Caused by ProxyError('Cannot connect to proxy.', TimeoutError('_ssl.c:990: The handshake operation timed out')))
  ✅ Spot: $0.1510 | Perp: $0.1510 | FR: 0.0050%
[542/591] VINE
  ⚠️  Spot data unavailable: 400 Client Error: Bad Request for url: https://api.binance.com/api/v3/ticker/24hr?symbol=VINEUSDT
  ✅ Perp: $0.0465 | FR: -0.0068%
[543/591] VIRTUAL
  ✅ Spot: $0.7995 | Perp: $0.7989 | FR: -0.0039%
[544/591] VOXEL
  ✅ Spot: $0.0399 | Perp: $0.0399 | FR: 0.0050%
[545/591] VTHO
  ✅ Spot: $0.0012 | Perp: $0.0012 | FR: 0.0050%
[546/591] VVV
  ⚠️  Spot data unavailable: 400 Client Error: Bad Request for url: https://api.binance.com/api/v3/ticker/24hr?symbol=VVVUSDT
  ✅ Perp: $1.4390 | FR: 0.0050%
[547/591] W
  ✅ Spot: $0.0748 | Perp: $0.0747 | FR: 0.0050%
[548/591] WAL
  ✅ Spot: $0.2556 | Perp: $0.2533 | FR: -0.2791%
[549/591] WAN
  ⚠️  Perp data unavailable: 400 Client Error: Bad Request for url: https://fapi.binance.com/fapi/v1/ticker/24hr?symbol=WANUSDT
  ✅ Spot: $0.0742
[550/591] WAXP
  ✅ Spot: $0.0134 | Perp: $0.0134 | FR: 0.0050%
[551/591] WBETH
  ⚠️  Perp data unavailable: 400 Client Error: Bad Request for url: https://fapi.binance.com/fapi/v1/ticker/24hr?symbol=WBETHUSDT
  ✅ Spot: $4288.5000
[552/591] WBTC
  ⚠️  Perp data unavailable: 400 Client Error: Bad Request for url: https://fapi.binance.com/fapi/v1/ticker/24hr?symbol=WBTCUSDT
  ✅ Spot: $111246.2600
[553/591] WCT
  ✅ Spot: $0.1663 | Perp: $0.1661 | FR: 0.0050%
[554/591] WIF
  ✅ Spot: $0.5320 | Perp: $0.5329 | FR: 0.0050%
[555/591] WIN
  ⚠️  Perp data unavailable: 400 Client Error: Bad Request for url: https://fapi.binance.com/fapi/v1/ticker/24hr?symbol=WINUSDT
  ✅ Spot: $0.0000
[556/591] WLD
  ✅ Spot: $0.8800 | Perp: $0.8792 | FR: 0.0023%
[557/591] WLFI
  ✅ Spot: $0.1430 | Perp: $0.1427 | FR: -0.0068%
[558/591] WOO
  ✅ Spot: $0.0416 | Perp: $0.0415 | FR: 0.0100%
[559/591] XAI
  ✅ Spot: $0.0266 | Perp: $0.0266 | FR: 0.0050%
[560/591] XAN
  ⚠️  Spot data unavailable: 400 Client Error: Bad Request for url: https://api.binance.com/api/v3/ticker/24hr?symbol=XANUSDT
  ✅ Perp: $0.0415 | FR: 0.0050%
[561/591] XCN
  ⚠️  Spot data unavailable: 400 Client Error: Bad Request for url: https://api.binance.com/api/v3/ticker/24hr?symbol=XCNUSDT
  ✅ Perp: $0.0089 | FR: 0.0010%
[562/591] XEC
  ⚠️  Perp data unavailable: 400 Client Error: Bad Request for url: https://fapi.binance.com/fapi/v1/ticker/24hr?symbol=XECUSDT
  ✅ Spot: $0.0000
[563/591] XLM
  ✅ Spot: $0.3162 | Perp: $0.3160 | FR: 0.0027%
[564/591] XMR
  ✅ Spot: $118.7000 | Perp: $324.3000 | FR: 0.0100%
[565/591] XNO
  ⚠️  Perp data unavailable: 400 Client Error: Bad Request for url: https://fapi.binance.com/fapi/v1/ticker/24hr?symbol=XNOUSDT
  ✅ Spot: $0.6910
[566/591] XNY
  ⚠️  Spot data unavailable: 400 Client Error: Bad Request for url: https://api.binance.com/api/v3/ticker/24hr?symbol=XNYUSDT
  ✅ Perp: $0.0059 | FR: 0.0050%
[567/591] XPIN
  ⚠️  Spot data unavailable: 400 Client Error: Bad Request for url: https://api.binance.com/api/v3/ticker/24hr?symbol=XPINUSDT
  ✅ Perp: $0.0080 | FR: 0.0223%
[568/591] XPL
  ✅ Spot: $0.3661 | Perp: $0.3661 | FR: 0.0050%
[569/591] XRP
  ✅ Spot: $2.4405 | Perp: $2.4394 | FR: 0.0038%
[570/591] XTZ
  ✅ Spot: $0.6028 | Perp: $0.6010 | FR: -0.0004%
[571/591] XUSD
  ⚠️  Perp data unavailable: 400 Client Error: Bad Request for url: https://fapi.binance.com/fapi/v1/ticker/24hr?symbol=XUSDUSDT
  ✅ Spot: $0.9999
[572/591] XVG
  ✅ Spot: $0.0055 | Perp: $0.0055 | FR: 0.0100%
[573/591] XVS
  ✅ Spot: $4.9200 | Perp: $4.9080 | FR: 0.0100%
[574/591] YALA
  ⚠️  Spot data unavailable: 400 Client Error: Bad Request for url: https://api.binance.com/api/v3/ticker/24hr?symbol=YALAUSDT
  ✅ Perp: $0.0968 | FR: 0.0050%
[575/591] YB
  ✅ Spot: $0.5041 | Perp: $0.5037 | FR: 0.0047%
[576/591] YFI
  ✅ Spot: $4805.0000 | Perp: $4798.0000 | FR: 0.0037%
[577/591] YGG
  ✅ Spot: $0.1398 | Perp: $0.1397 | FR: 0.0050%
[578/591] ZBT
  ✅ Spot: $0.2705 | Perp: $0.2698 | FR: -0.0222%
[579/591] ZEC
  ✅ Spot: $267.1100 | Perp: $266.8100 | FR: -0.0356%
[580/591] ZEN
  ✅ Spot: $11.2080 | Perp: $11.1980 | FR: 0.0041%
[581/591] ZEREBRO
  ⚠️  Spot data unavailable: 400 Client Error: Bad Request for url: https://api.binance.com/api/v3/ticker/24hr?symbol=ZEREBROUSDT
  ✅ Perp: $0.0336 | FR: 0.0379%
[582/591] ZETA
  ⚠️  Spot data unavailable: 400 Client Error: Bad Request for url: https://api.binance.com/api/v3/ticker/24hr?symbol=ZETAUSDT
  ✅ Perp: $0.1212 | FR: -0.0078%
[583/591] ZIL
  ✅ Spot: $0.0080 | Perp: $0.0080 | FR: 0.0100%
[584/591] ZK
  ✅ Spot: $0.0343 | Perp: $0.0343 | FR: 0.0050%
[585/591] ZKC
  ✅ Spot: $0.2407 | Perp: $0.2404 | FR: -0.0390%
[586/591] ZKJ
  ⚠️  Spot data unavailable: 400 Client Error: Bad Request for url: https://api.binance.com/api/v3/ticker/24hr?symbol=ZKJUSDT
  ✅ Perp: $0.0736 | FR: 0.0050%
[587/591] ZORA
  ⚠️  Spot data unavailable: 400 Client Error: Bad Request for url: https://api.binance.com/api/v3/ticker/24hr?symbol=ZORAUSDT
  ✅ Perp: $0.0936 | FR: -0.0941%
[588/591] ZRC
  ⚠️  Spot data unavailable: 400 Client Error: Bad Request for url: https://api.binance.com/api/v3/ticker/24hr?symbol=ZRCUSDT
  ✅ Perp: $0.0155 | FR: 0.0050%
[589/591] ZRO
  ✅ Spot: $1.7400 | Perp: $1.7380 | FR: 0.0028%
[590/591] ZRX
  ✅ Spot: $0.2005 | Perp: $0.2003 | FR: 0.0086%
[591/591] 币安人生
  ⚠️  Spot data unavailable: 400 Client Error: Bad Request for url: https://api.binance.com/api/v3/ticker/24hr?symbol=%E5%B8%81%E5%AE%89%E4%BA%BA%E7%94%9FUSDT
  ✅ Perp: $0.2730 | FR: 0.0122%

✨ Update complete!
  Success: 582
  Skipped: 7
  Errors: 2
