[2025-10-26 15:43:30] ==========================================
[2025-10-26 15:43:30] Starting daily Binance data update
[2025-10-26 15:43:30] ==========================================
[2025-10-26 15:43:30] Step 1: Regenerating perp-only token list...
Kept 155 perp-only rows (perp present, spot missing/non-positive)
Wrote CSV: /Users/wanjinwoo/Desktop/Work/trading/Binance/data/aggregated_usdt_perp_only.csv
Wrote JSON: /Users/wanjinwoo/Desktop/Work/trading/Binance/data/aggregated_usdt_perp_only.json
[2025-10-26 15:43:30] ✅ Perp-only list updated
[2025-10-26 15:43:30] 
[2025-10-26 15:43:30] Step 2: Updating Binance trading data (perp-only)...
🚀 Updating Binance trading data to Notion...

📊 Will update 591 symbols

[1/591] 0G
  ℹ️  Skipping spot fetch for perp-only symbol: 0G
  ✅ Perp: $1.7334 | FR: -0.0151%
[2/591] 1000000BOB
  ℹ️  Skipping spot fetch for perp-only symbol: 1000000BOB
  ✅ Perp: $0.0314 | FR: 0.0659%
[3/591] 1000000MOG
  ℹ️  Skipping spot fetch for perp-only symbol: 1000000MOG
  ✅ Perp: $0.4597 | FR: 0.0050%
[4/591] 1000BONK
  ℹ️  Skipping spot fetch for perp-only symbol: 1000BONK
  ✅ Perp: $0.0148 | FR: 0.0040%
[5/591] 1000CAT
  ℹ️  Skipping spot fetch for perp-only symbol: 1000CAT
  ✅ Perp: $0.0056 | FR: 0.0050%
[6/591] 1000CHEEMS
  ℹ️  Skipping spot fetch for perp-only symbol: 1000CHEEMS
  ✅ Perp: $0.0014 | FR: 0.0050%
[7/591] 1000FLOKI
  ℹ️  Skipping spot fetch for perp-only symbol: 1000FLOKI
  ✅ Perp: $0.0735 | FR: -0.0126%
[8/591] 1000LUNC
  ℹ️  Skipping spot fetch for perp-only symbol: 1000LUNC
  ✅ Perp: $0.0468 | FR: -0.0032%
[9/591] 1000PEPE
  ℹ️  Skipping spot fetch for perp-only symbol: 1000PEPE
  ✅ Perp: $0.0071 | FR: 0.0005%
[10/591] 1000RATS
  ℹ️  Skipping spot fetch for perp-only symbol: 1000RATS
  ✅ Perp: $0.0300 | FR: 0.0233%
[11/591] 1000SATS
  ℹ️  Skipping spot fetch for perp-only symbol: 1000SATS
  ✅ Perp: $0.0000 | FR: 0.0050%
[12/591] 1000SHIB
  ℹ️  Skipping spot fetch for perp-only symbol: 1000SHIB
  ✅ Perp: $0.0102 | FR: -0.0017%
[13/591] 1000WHY
  ℹ️  Skipping spot fetch for perp-only symbol: 1000WHY
  ✅ Perp: $0.0000 | FR: 0.0050%
[14/591] 1000X
  ℹ️  Skipping spot fetch for perp-only symbol: 1000X
  ✅ Perp: $0.0337 | FR: 0.0050%
[15/591] 1000XEC
  ℹ️  Skipping spot fetch for perp-only symbol: 1000XEC
  ✅ Perp: $0.0146 | FR: 0.0100%
[16/591] 1INCH
  ℹ️  Skipping spot fetch for perp-only symbol: 1INCH
  ✅ Perp: $0.1776 | FR: 0.0027%
[17/591] 1MBABYDOGE
  ℹ️  Skipping spot fetch for perp-only symbol: 1MBABYDOGE
  ✅ Perp: $0.0010 | FR: 0.0023%
[18/591] 2Z
  ℹ️  Skipping spot fetch for perp-only symbol: 2Z
  ✅ Perp: $0.2476 | FR: 0.0050%
[19/591] 4
  ℹ️  Skipping spot fetch for perp-only symbol: 4
  ✅ Perp: $0.1324 | FR: 0.0111%
[20/591] A
  ℹ️  Skipping spot fetch for perp-only symbol: A
  ✅ Perp: $0.2941 | FR: 0.0050%
[21/591] A2Z
  ℹ️  Skipping spot fetch for perp-only symbol: A2Z
  ✅ Perp: $0.0039 | FR: 0.0050%
[22/591] AAVE
  ℹ️  Skipping spot fetch for perp-only symbol: AAVE
  ✅ Perp: $227.6000 | FR: 0.0052%
[23/591] ACA
  ℹ️  Skipping spot fetch for perp-only symbol: ACA
  ⚠️  Perp data unavailable: 400 Client Error: Bad Request for url: https://fapi.binance.com/fapi/v1/ticker/24hr?symbol=ACAUSDT
  ⚠️  No data available, skipping
[24/591] ACE
  ℹ️  Skipping spot fetch for perp-only symbol: ACE
  ✅ Perp: $0.3066 | FR: 0.0050%
[25/591] ACH
  ℹ️  Skipping spot fetch for perp-only symbol: ACH
  ✅ Perp: $0.0130 | FR: 0.0100%
[26/591] ACM
  ℹ️  Skipping spot fetch for perp-only symbol: ACM
  ⚠️  Perp data unavailable: 400 Client Error: Bad Request for url: https://fapi.binance.com/fapi/v1/ticker/24hr?symbol=ACMUSDT
  ⚠️  No data available, skipping
[27/591] ACT
  ℹ️  Skipping spot fetch for perp-only symbol: ACT
  ✅ Perp: $0.0231 | FR: 0.0050%
[28/591] ACX
  ℹ️  Skipping spot fetch for perp-only symbol: ACX
  ✅ Perp: $0.0744 | FR: 0.0050%
[29/591] ADA
  ℹ️  Skipping spot fetch for perp-only symbol: ADA
  ✅ Perp: $0.6560 | FR: 0.0048%
[30/591] ADX
  ℹ️  Skipping spot fetch for perp-only symbol: ADX
  ⚠️  Perp data unavailable: 400 Client Error: Bad Request for url: https://fapi.binance.com/fapi/v1/ticker/24hr?symbol=ADXUSDT
  ⚠️  No data available, skipping
[31/591] AERGO
  ℹ️  Skipping spot fetch for perp-only symbol: AERGO
  ✅ Perp: $0.0778 | FR: 0.0050%
[32/591] AERO
  ℹ️  Skipping spot fetch for perp-only symbol: AERO
  ✅ Perp: $0.9054 | FR: 0.0050%
[33/591] AEUR
  ℹ️  Skipping spot fetch for perp-only symbol: AEUR
  ⚠️  Perp data unavailable: 400 Client Error: Bad Request for url: https://fapi.binance.com/fapi/v1/ticker/24hr?symbol=AEURUSDT
  ⚠️  No data available, skipping
[34/591] AEVO
  ℹ️  Skipping spot fetch for perp-only symbol: AEVO
  ✅ Perp: $0.0664 | FR: 0.0050%
[35/591] AGLD
  ℹ️  Skipping spot fetch for perp-only symbol: AGLD
  ✅ Perp: $0.4127 | FR: 0.0100%
[36/591] AGT
  ℹ️  Skipping spot fetch for perp-only symbol: AGT
  ✅ Perp: $0.0048 | FR: 0.0050%
[37/591] AI
  ℹ️  Skipping spot fetch for perp-only symbol: AI
  ✅ Perp: $0.0824 | FR: 0.0050%
[38/591] AI16Z
  ℹ️  Skipping spot fetch for perp-only symbol: AI16Z
  ✅ Perp: $0.0694 | FR: 0.0050%
[39/591] AIA
  ℹ️  Skipping spot fetch for perp-only symbol: AIA
  ✅ Perp: $1.2476 | FR: -0.0251%
[40/591] AIN
  ℹ️  Skipping spot fetch for perp-only symbol: AIN
  ✅ Perp: $0.1448 | FR: 0.0568%
[41/591] AIO
  ℹ️  Skipping spot fetch for perp-only symbol: AIO
  ✅ Perp: $0.1418 | FR: 0.0050%
[42/591] AIOT
  ℹ️  Skipping spot fetch for perp-only symbol: AIOT
  ✅ Perp: $0.4488 | FR: 0.0050%
[43/591] AIXBT
  ℹ️  Skipping spot fetch for perp-only symbol: AIXBT
  ✅ Perp: $0.0908 | FR: -0.0330%
[44/591] AKE
  ℹ️  Skipping spot fetch for perp-only symbol: AKE
  ✅ Perp: $0.0018 | FR: 0.0770%
[45/591] AKT
  ℹ️  Skipping spot fetch for perp-only symbol: AKT
  ✅ Perp: $0.7740 | FR: -0.3338%
[46/591] ALCH
  ℹ️  Skipping spot fetch for perp-only symbol: ALCH
  ✅ Perp: $0.0730 | FR: 0.0649%
[47/591] ALCX
  ℹ️  Skipping spot fetch for perp-only symbol: ALCX
  ⚠️  Perp data unavailable: 400 Client Error: Bad Request for url: https://fapi.binance.com/fapi/v1/ticker/24hr?symbol=ALCXUSDT
  ⚠️  No data available, skipping
[48/591] ALGO
  ℹ️  Skipping spot fetch for perp-only symbol: ALGO
  ✅ Perp: $0.1853 | FR: -0.0034%
[49/591] ALICE
  ℹ️  Skipping spot fetch for perp-only symbol: ALICE
  ✅ Perp: $0.3390 | FR: -0.2248%
[50/591] ALL
  ℹ️  Skipping spot fetch for perp-only symbol: ALL
  ✅ Perp: $0.9091 | FR: -0.0608%
[51/591] ALPINE
  ℹ️  Skipping spot fetch for perp-only symbol: ALPINE
  ✅ Perp: $0.8435 | FR: 0.0050%
[52/591] ALT
  ℹ️  Skipping spot fetch for perp-only symbol: ALT
  ✅ Perp: $0.0196 | FR: 0.0050%
[53/591] AMP
  ℹ️  Skipping spot fetch for perp-only symbol: AMP
  ⚠️  Perp data unavailable: 400 Client Error: Bad Request for url: https://fapi.binance.com/fapi/v1/ticker/24hr?symbol=AMPUSDT
  ⚠️  No data available, skipping
[54/591] ANIME
  ℹ️  Skipping spot fetch for perp-only symbol: ANIME
  ✅ Perp: $0.0097 | FR: 0.0050%
[55/591] ANKR
  ℹ️  Skipping spot fetch for perp-only symbol: ANKR
  ✅ Perp: $0.0102 | FR: 0.0100%
[56/591] APE
  ℹ️  Skipping spot fetch for perp-only symbol: APE
  ✅ Perp: $0.4412 | FR: -0.0034%
[57/591] API3
  ℹ️  Skipping spot fetch for perp-only symbol: API3
  ✅ Perp: $0.7024 | FR: -0.0305%
[58/591] APT
  ℹ️  Skipping spot fetch for perp-only symbol: APT
  ✅ Perp: $3.3293 | FR: -0.0489%
[59/591] AR
  ℹ️  Skipping spot fetch for perp-only symbol: AR
  ✅ Perp: $3.7960 | FR: -0.0022%
[60/591] ARB
  ℹ️  Skipping spot fetch for perp-only symbol: ARB
  ✅ Perp: $0.3191 | FR: 0.0038%
[61/591] ARC
  ℹ️  Skipping spot fetch for perp-only symbol: ARC
  ✅ Perp: $0.0144 | FR: 0.0351%
[62/591] ARDR
  ℹ️  Skipping spot fetch for perp-only symbol: ARDR
  ⚠️  Perp data unavailable: 400 Client Error: Bad Request for url: https://fapi.binance.com/fapi/v1/ticker/24hr?symbol=ARDRUSDT
  ⚠️  No data available, skipping
[63/591] ARIA
  ℹ️  Skipping spot fetch for perp-only symbol: ARIA
  ✅ Perp: $0.1794 | FR: 0.0050%
[64/591] ARK
  ℹ️  Skipping spot fetch for perp-only symbol: ARK
  ✅ Perp: $0.3323 | FR: 0.0050%
[65/591] ARKM
  ℹ️  Skipping spot fetch for perp-only symbol: ARKM
  ✅ Perp: $0.3652 | FR: 0.0084%
[66/591] ARPA
  ℹ️  Skipping spot fetch for perp-only symbol: ARPA
  ✅ Perp: $0.0198 | FR: 0.0100%
[67/591] ASR
  ℹ️  Skipping spot fetch for perp-only symbol: ASR
  ✅ Perp: $1.4920 | FR: 0.0050%
[68/591] ASTER
  ℹ️  Skipping spot fetch for perp-only symbol: ASTER
  ✅ Perp: $1.1714 | FR: 0.0050%
[69/591] ASTR
  ℹ️  Skipping spot fetch for perp-only symbol: ASTR
  ✅ Perp: $0.0176 | FR: 0.0100%
[70/591] ATA
  ℹ️  Skipping spot fetch for perp-only symbol: ATA
  ✅ Perp: $0.0292 | FR: 0.0100%
[71/591] ATH
  ℹ️  Skipping spot fetch for perp-only symbol: ATH
  ✅ Perp: $0.0304 | FR: -0.0165%
[72/591] ATM
  ℹ️  Skipping spot fetch for perp-only symbol: ATM
  ⚠️  Perp data unavailable: 400 Client Error: Bad Request for url: https://fapi.binance.com/fapi/v1/ticker/24hr?symbol=ATMUSDT
  ⚠️  No data available, skipping
[73/591] ATOM
  ℹ️  Skipping spot fetch for perp-only symbol: ATOM
  ✅ Perp: $3.1540 | FR: -0.0368%
[74/591] AUCTION
  ℹ️  Skipping spot fetch for perp-only symbol: AUCTION
  ✅ Perp: $7.3340 | FR: -0.0028%
[75/591] AUDIO
  ℹ️  Skipping spot fetch for perp-only symbol: AUDIO
  ⚠️  Perp data unavailable: 'lastPrice'
  ⚠️  No data available, skipping
[76/591] AVA
  ℹ️  Skipping spot fetch for perp-only symbol: AVA
  ✅ Perp: $0.3824 | FR: 0.0050%
[77/591] AVAAI
  ℹ️  Skipping spot fetch for perp-only symbol: AVAAI
  ✅ Perp: $0.0154 | FR: 0.0050%
[78/591] AVAX
  ℹ️  Skipping spot fetch for perp-only symbol: AVAX
  ✅ Perp: $19.6890 | FR: 0.0047%
[79/591] AVNT
  ℹ️  Skipping spot fetch for perp-only symbol: AVNT
  ✅ Perp: $0.8130 | FR: -0.2290%
[80/591] AWE
  ℹ️  Skipping spot fetch for perp-only symbol: AWE
  ✅ Perp: $0.0744 | FR: 0.0050%
[81/591] AXL
  ℹ️  Skipping spot fetch for perp-only symbol: AXL
  ✅ Perp: $0.1884 | FR: 0.0050%
[82/591] AXS
  ℹ️  Skipping spot fetch for perp-only symbol: AXS
  ✅ Perp: $1.6070 | FR: 0.0096%
[83/591] B
  ℹ️  Skipping spot fetch for perp-only symbol: B
  ✅ Perp: $0.1720 | FR: 0.0050%
[84/591] B2
  ℹ️  Skipping spot fetch for perp-only symbol: B2
  ✅ Perp: $1.8137 | FR: 0.0700%
[85/591] B3
  ℹ️  Skipping spot fetch for perp-only symbol: B3
  ✅ Perp: $0.0024 | FR: 0.0050%
[86/591] BABY
  ℹ️  Skipping spot fetch for perp-only symbol: BABY
  ✅ Perp: $0.0318 | FR: 0.0050%
[87/591] BAN
  ℹ️  Skipping spot fetch for perp-only symbol: BAN
  ✅ Perp: $0.0654 | FR: 0.0050%
[88/591] BANANA
  ℹ️  Skipping spot fetch for perp-only symbol: BANANA
  ✅ Perp: $12.3690 | FR: 0.0050%
[89/591] BANANAS31
  ℹ️  Skipping spot fetch for perp-only symbol: BANANAS31
  ✅ Perp: $0.0033 | FR: 0.0050%
[90/591] BAND
  ℹ️  Skipping spot fetch for perp-only symbol: BAND
  ✅ Perp: $0.5397 | FR: 0.0100%
[91/591] BANK
  ℹ️  Skipping spot fetch for perp-only symbol: BANK
  ✅ Perp: $0.0864 | FR: 0.0050%
[92/591] BAR
  ℹ️  Skipping spot fetch for perp-only symbol: BAR
  ⚠️  Perp data unavailable: 400 Client Error: Bad Request for url: https://fapi.binance.com/fapi/v1/ticker/24hr?symbol=BARUSDT
  ⚠️  No data available, skipping
[93/591] BARD
  ℹ️  Skipping spot fetch for perp-only symbol: BARD
  ✅ Perp: $0.6753 | FR: 0.0050%
[94/591] BAS
  ℹ️  Skipping spot fetch for perp-only symbol: BAS
  ✅ Perp: $0.0164 | FR: 0.0105%
[95/591] BAT
  ℹ️  Skipping spot fetch for perp-only symbol: BAT
  ✅ Perp: $0.1654 | FR: 0.0100%
[96/591] BB
  ℹ️  Skipping spot fetch for perp-only symbol: BB
  ✅ Perp: $0.1258 | FR: -0.0134%
[97/591] BCH
  ℹ️  Skipping spot fetch for perp-only symbol: BCH
  ✅ Perp: $518.1200 | FR: -0.0418%
[98/591] BDXN
  ℹ️  Skipping spot fetch for perp-only symbol: BDXN
  ✅ Perp: $0.0341 | FR: 0.0185%
[99/591] BEAMX
  ℹ️  Skipping spot fetch for perp-only symbol: BEAMX
  ✅ Perp: $0.0051 | FR: 0.0050%
[100/591] BEL
  ℹ️  Skipping spot fetch for perp-only symbol: BEL
  ✅ Perp: $0.2415 | FR: -0.0241%
[101/591] BERA
  ℹ️  Skipping spot fetch for perp-only symbol: BERA
  ✅ Perp: $1.8930 | FR: -0.0216%
[102/591] BFUSD
  ℹ️  Skipping spot fetch for perp-only symbol: BFUSD
  ⚠️  Perp data unavailable: 400 Client Error: Bad Request for url: https://fapi.binance.com/fapi/v1/ticker/24hr?symbol=BFUSDUSDT
  ⚠️  No data available, skipping
[103/591] BICO
  ℹ️  Skipping spot fetch for perp-only symbol: BICO
  ✅ Perp: $0.0644 | FR: 0.0100%
[104/591] BID
  ℹ️  Skipping spot fetch for perp-only symbol: BID
  ✅ Perp: $0.0705 | FR: 0.0050%
[105/591] BIFI
  ℹ️  Skipping spot fetch for perp-only symbol: BIFI
  ⚠️  Perp data unavailable: 400 Client Error: Bad Request for url: https://fapi.binance.com/fapi/v1/ticker/24hr?symbol=BIFIUSDT
  ⚠️  No data available, skipping
[106/591] BIGTIME
  ℹ️  Skipping spot fetch for perp-only symbol: BIGTIME
  ✅ Perp: $0.0338 | FR: 0.0050%
[107/591] BIO
  ℹ️  Skipping spot fetch for perp-only symbol: BIO
  ✅ Perp: $0.0914 | FR: -0.1341%
[108/591] BLESS
  ℹ️  Skipping spot fetch for perp-only symbol: BLESS
  ✅ Perp: $0.0466 | FR: 0.0254%
[109/591] BLUAI
  ℹ️  Skipping spot fetch for perp-only symbol: BLUAI
  ✅ Perp: $0.0348 | FR: 0.0782%
[110/591] BLUR
  ℹ️  Skipping spot fetch for perp-only symbol: BLUR
  ✅ Perp: $0.0520 | FR: 0.0100%
[111/591] BMT
  ℹ️  Skipping spot fetch for perp-only symbol: BMT
  ✅ Perp: $0.0425 | FR: 0.0050%
[112/591] BNB
  ℹ️  Skipping spot fetch for perp-only symbol: BNB
  ✅ Perp: $1120.5900
[113/591] BNSOL
  ℹ️  Skipping spot fetch for perp-only symbol: BNSOL
  ⚠️  Perp data unavailable: 400 Client Error: Bad Request for url: https://fapi.binance.com/fapi/v1/ticker/24hr?symbol=BNSOLUSDT
  ⚠️  No data available, skipping
[114/591] BNT
  ℹ️  Skipping spot fetch for perp-only symbol: BNT
  ⚠️  Open interest unavailable: HTTPSConnectionPool(host='fapi.binance.com', port=443): Max retries exceeded with url: /fapi/v1/openInterest?symbol=BNTUSDT (Caused by ProxyError('Cannot connect to proxy.', TimeoutError('_ssl.c:990: The handshake operation timed out')))
  ✅ Perp: $0.5970 | FR: 0.0100%
[115/591] BOME
  ℹ️  Skipping spot fetch for perp-only symbol: BOME
  ✅ Perp: $0.0011 | FR: 0.0050%
[116/591] BONK
  ℹ️  Skipping spot fetch for perp-only symbol: BONK
  ⚠️  Perp data unavailable: 400 Client Error: Bad Request for url: https://fapi.binance.com/fapi/v1/ticker/24hr?symbol=BONKUSDT
  ⚠️  No data available, skipping
[117/591] BR
  ℹ️  Skipping spot fetch for perp-only symbol: BR
  ✅ Perp: $0.0661 | FR: 0.0050%
[118/591] BRETT
  ℹ️  Skipping spot fetch for perp-only symbol: BRETT
  ⚠️  Open interest unavailable: HTTPSConnectionPool(host='fapi.binance.com', port=443): Max retries exceeded with url: /fapi/v1/openInterest?symbol=BRETTUSDT (Caused by ProxyError('Cannot connect to proxy.', TimeoutError('_ssl.c:990: The handshake operation timed out')))
  ✅ Perp: $0.0280 | FR: 0.0050%
[119/591] BROCCOLI714
  ℹ️  Skipping spot fetch for perp-only symbol: BROCCOLI714
  ✅ Perp: $0.0242 | FR: 0.0050%
[120/591] BROCCOLIF3B
  ℹ️  Skipping spot fetch for perp-only symbol: BROCCOLIF3B
  ✅ Perp: $0.0165 | FR: 0.0375%
[121/591] BSV
  ℹ️  Skipping spot fetch for perp-only symbol: BSV
  ✅ Perp: $21.6300 | FR: -0.0787%
[122/591] BTC
  ℹ️  Skipping spot fetch for perp-only symbol: BTC
  ✅ Perp: $111672.8000 | FR: 0.0005%
[123/591] BTCDOM
  ℹ️  Skipping spot fetch for perp-only symbol: BTCDOM
  ✅ Perp: $4274.5000 | FR: 0.0100%
[124/591] BTR
  ℹ️  Skipping spot fetch for perp-only symbol: BTR
  ✅ Perp: $0.0740 | FR: 0.0050%
[125/591] BTTC
  ⚠️  Page not found in Notion, skipping
[126/591] BULLA
  ℹ️  Skipping spot fetch for perp-only symbol: BULLA
  ✅ Perp: $0.0544 | FR: 0.0050%
[127/591] C
  ℹ️  Skipping spot fetch for perp-only symbol: C
  ✅ Perp: $0.1185 | FR: 0.0050%
[128/591] C98
  ℹ️  Skipping spot fetch for perp-only symbol: C98
  ✅ Perp: $0.0383 | FR: 0.0100%
[129/591] CAKE
  ℹ️  Skipping spot fetch for perp-only symbol: CAKE
  ✅ Perp: $2.6967 | FR: 0.0050%
[130/591] CARV
  ℹ️  Skipping spot fetch for perp-only symbol: CARV
  ✅ Perp: $0.1601 | FR: 0.0050%
[131/591] CATI
  ℹ️  Skipping spot fetch for perp-only symbol: CATI
  ✅ Perp: $0.0870 | FR: 0.0050%
[132/591] CELO
  ℹ️  Skipping spot fetch for perp-only symbol: CELO
  ✅ Perp: $0.2550 | FR: 0.0024%
[133/591] CELR
  ℹ️  Skipping spot fetch for perp-only symbol: CELR
  ✅ Perp: $0.0059 | FR: 0.0100%
[134/591] CETUS
  ℹ️  Skipping spot fetch for perp-only symbol: CETUS
  ✅ Perp: $0.0484 | FR: 0.0039%
[135/591] CFX
  ℹ️  Skipping spot fetch for perp-only symbol: CFX
  ✅ Perp: $0.1109 | FR: 0.0100%
[136/591] CGPT
  ℹ️  Skipping spot fetch for perp-only symbol: CGPT
  ⚠️  Perp data unavailable: HTTPSConnectionPool(host='fapi.binance.com', port=443): Max retries exceeded with url: /fapi/v1/ticker/24hr?symbol=CGPTUSDT (Caused by ProxyError('Cannot connect to proxy.', ConnectionResetError(54, 'Connection reset by peer')))
  ⚠️  No data available, skipping
[137/591] CHESS
❌ Error querying Notion: HTTPSConnectionPool(host='api.notion.com', port=443): Max retries exceeded with url: /v1/databases/29453c63-57c7-8068-a2e7-c2cd793b5eb2/query (Caused by ProxyError('Cannot connect to proxy.', ConnectionResetError(54, 'Connection reset by peer')))
  ⚠️  Page not found in Notion, skipping
[138/591] CHILLGUY
  ℹ️  Skipping spot fetch for perp-only symbol: CHILLGUY
  ✅ Perp: $0.0270 | FR: 0.0050%
[139/591] CHR
  ℹ️  Skipping spot fetch for perp-only symbol: CHR
  ✅ Perp: $0.0721 | FR: 0.0100%
[140/591] CHZ
  ℹ️  Skipping spot fetch for perp-only symbol: CHZ
  ✅ Perp: $0.0330 | FR: -0.0021%
[141/591] CITY
  ℹ️  Skipping spot fetch for perp-only symbol: CITY
  ⚠️  Perp data unavailable: 400 Client Error: Bad Request for url: https://fapi.binance.com/fapi/v1/ticker/24hr?symbol=CITYUSDT
  ⚠️  No data available, skipping
[142/591] CKB
  ℹ️  Skipping spot fetch for perp-only symbol: CKB
  ✅ Perp: $0.0033 | FR: 0.0100%
[143/591] CLO
  ℹ️  Skipping spot fetch for perp-only symbol: CLO
  ✅ Perp: $0.3480 | FR: 0.0819%
[144/591] COAI
  ℹ️  Skipping spot fetch for perp-only symbol: COAI
  ✅ Perp: $6.2370 | FR: -0.1167%
[145/591] COMP
  ℹ️  Skipping spot fetch for perp-only symbol: COMP
  ✅ Perp: $38.2400 | FR: 0.0100%
[146/591] COOKIE
  ℹ️  Skipping spot fetch for perp-only symbol: COOKIE
  ✅ Perp: $0.0939 | FR: 0.0050%
[147/591] COS
  ℹ️  Skipping spot fetch for perp-only symbol: COS
  ✅ Perp: $0.0021 | FR: 0.0050%
[148/591] COTI
  ℹ️  Skipping spot fetch for perp-only symbol: COTI
  ✅ Perp: $0.0335 | FR: 0.0100%
[149/591] COW
  ℹ️  Skipping spot fetch for perp-only symbol: COW
  ✅ Perp: $0.2287 | FR: 0.0050%
[150/591] CROSS
  ℹ️  Skipping spot fetch for perp-only symbol: CROSS
  ✅ Perp: $0.1377 | FR: 0.0050%
[151/591] CRV
  ℹ️  Skipping spot fetch for perp-only symbol: CRV
  ✅ Perp: $0.5350 | FR: 0.0100%
[152/591] CTK
  ℹ️  Skipping spot fetch for perp-only symbol: CTK
  ✅ Perp: $0.3221 | FR: -0.0118%
[153/591] CTSI
  ℹ️  Skipping spot fetch for perp-only symbol: CTSI
  ✅ Perp: $0.0531 | FR: 0.0100%
[154/591] CUDIS
  ℹ️  Skipping spot fetch for perp-only symbol: CUDIS
  ✅ Perp: $0.0562 | FR: 0.0504%
[155/591] CVC
  ℹ️  Skipping spot fetch for perp-only symbol: CVC
  ✅ Perp: $0.0613 | FR: 0.0050%
[156/591] CVX
  ℹ️  Skipping spot fetch for perp-only symbol: CVX
  ✅ Perp: $2.2290 | FR: 0.0050%
[157/591] CYBER
  ℹ️  Skipping spot fetch for perp-only symbol: CYBER
  ✅ Perp: $1.0770 | FR: 0.0016%
[158/591] D
  ℹ️  Skipping spot fetch for perp-only symbol: D
  ✅ Perp: $0.0230 | FR: 0.0050%
[159/591] DAM
  ℹ️  Skipping spot fetch for perp-only symbol: DAM
  ✅ Perp: $0.0496 | FR: 0.0404%
[160/591] DASH
  ℹ️  Skipping spot fetch for perp-only symbol: DASH
  ✅ Perp: $45.3100 | FR: -0.0046%
[161/591] DATA
  ℹ️  Skipping spot fetch for perp-only symbol: DATA
  ⚠️  Perp data unavailable: 400 Client Error: Bad Request for url: https://fapi.binance.com/fapi/v1/ticker/24hr?symbol=DATAUSDT
  ⚠️  No data available, skipping
[162/591] DCR
  ℹ️  Skipping spot fetch for perp-only symbol: DCR
  ⚠️  Perp data unavailable: 400 Client Error: Bad Request for url: https://fapi.binance.com/fapi/v1/ticker/24hr?symbol=DCRUSDT
  ⚠️  No data available, skipping
[163/591] DEEP
  ℹ️  Skipping spot fetch for perp-only symbol: DEEP
  ✅ Perp: $0.0844 | FR: -0.0321%
[164/591] DEGEN
  ℹ️  Skipping spot fetch for perp-only symbol: DEGEN
  ✅ Perp: $0.0021 | FR: 0.0050%
[165/591] DEGO
  ℹ️  Skipping spot fetch for perp-only symbol: DEGO
  ✅ Perp: $2.0658 | FR: 0.0050%
[166/591] DENT
  ℹ️  Skipping spot fetch for perp-only symbol: DENT
  ✅ Perp: $0.0005 | FR: 0.0100%
[167/591] DEXE
  ℹ️  Skipping spot fetch for perp-only symbol: DEXE
  ✅ Perp: $6.5180 | FR: 0.0050%
[168/591] DF
  ℹ️  Skipping spot fetch for perp-only symbol: DF
  ✅ Perp: $0.0192 | FR: 0.0050%
[169/591] DGB
  ℹ️  Skipping spot fetch for perp-only symbol: DGB
  ⚠️  Open interest unavailable: 400 Client Error: Bad Request for url: https://fapi.binance.com/fapi/v1/openInterest?symbol=DGBUSDT
  ✅ Perp: $0.0192
[170/591] DIA
  ℹ️  Skipping spot fetch for perp-only symbol: DIA
  ✅ Perp: $0.4257 | FR: 0.0050%
[171/591] DMC
  ℹ️  Skipping spot fetch for perp-only symbol: DMC
  ✅ Perp: $0.0027 | FR: 0.0050%
[172/591] DODO
  ℹ️  Skipping spot fetch for perp-only symbol: DODO
  ⚠️  Perp data unavailable: 'lastPrice'
  ⚠️  No data available, skipping
[173/591] DODOX
  ℹ️  Skipping spot fetch for perp-only symbol: DODOX
  ✅ Perp: $0.0326 | FR: 0.0050%
[174/591] DOGE
  ℹ️  Skipping spot fetch for perp-only symbol: DOGE
  ✅ Perp: $0.1968 | FR: 0.0001%
[175/591] DOGS
  ℹ️  Skipping spot fetch for perp-only symbol: DOGS
  ✅ Perp: $0.0001 | FR: 0.0050%
[176/591] DOLO
  ℹ️  Skipping spot fetch for perp-only symbol: DOLO
  ✅ Perp: $0.0845 | FR: 0.0050%
[177/591] DOOD
  ℹ️  Skipping spot fetch for perp-only symbol: DOOD
  ✅ Perp: $0.0077 | FR: -0.0483%
[178/591] DOT
  ℹ️  Skipping spot fetch for perp-only symbol: DOT
  ✅ Perp: $3.1030 | FR: -0.0042%
[179/591] DRIFT
  ℹ️  Skipping spot fetch for perp-only symbol: DRIFT
  ✅ Perp: $0.4922 | FR: 0.0050%
[180/591] DUSK
  ℹ️  Skipping spot fetch for perp-only symbol: DUSK
  ✅ Perp: $0.0474 | FR: 0.0100%
[181/591] DYDX
  ℹ️  Skipping spot fetch for perp-only symbol: DYDX
  ✅ Perp: $0.3450 | FR: 0.0100%
[182/591] DYM
  ℹ️  Skipping spot fetch for perp-only symbol: DYM
  ✅ Perp: $0.1070 | FR: 0.0050%
[183/591] EDEN
  ℹ️  Skipping spot fetch for perp-only symbol: EDEN
  ✅ Perp: $0.1921 | FR: 0.0050%
[184/591] EDU
  ℹ️  Skipping spot fetch for perp-only symbol: EDU
  ✅ Perp: $0.2012 | FR: 0.0034%
[185/591] EGLD
  ℹ️  Skipping spot fetch for perp-only symbol: EGLD
  ✅ Perp: $9.8610 | FR: 0.0100%
[186/591] EIGEN
  ℹ️  Skipping spot fetch for perp-only symbol: EIGEN
  ✅ Perp: $1.1110 | FR: 0.0044%
[187/591] ENA
  ℹ️  Skipping spot fetch for perp-only symbol: ENA
  ✅ Perp: $0.4649 | FR: -0.0248%
[188/591] ENJ
  ℹ️  Skipping spot fetch for perp-only symbol: ENJ
  ✅ Perp: $0.0449 | FR: 0.0100%
[189/591] ENS
  ℹ️  Skipping spot fetch for perp-only symbol: ENS
  ✅ Perp: $15.5270 | FR: 0.0100%
[190/591] ENSO
  ℹ️  Skipping spot fetch for perp-only symbol: ENSO
  ✅ Perp: $1.7840 | FR: 0.0050%
[191/591] EPIC
  ℹ️  Skipping spot fetch for perp-only symbol: EPIC
  ✅ Perp: $0.9422 | FR: 0.0050%
[192/591] EPT
  ℹ️  Skipping spot fetch for perp-only symbol: EPT
  ✅ Perp: $0.0056 | FR: 0.0482%
[193/591] ERA
  ℹ️  Skipping spot fetch for perp-only symbol: ERA
  ✅ Perp: $0.3366 | FR: 0.0050%
[194/591] ESPORTS
  ℹ️  Skipping spot fetch for perp-only symbol: ESPORTS
  ✅ Perp: $0.2067 | FR: 0.0091%
[195/591] ETC
  ℹ️  Skipping spot fetch for perp-only symbol: ETC
  ✅ Perp: $16.0120 | FR: 0.0065%
[196/591] ETH
  ℹ️  Skipping spot fetch for perp-only symbol: ETH
  ✅ Perp: $3954.5000 | FR: 0.0022%
[197/591] ETHFI
  ℹ️  Skipping spot fetch for perp-only symbol: ETHFI
  ✅ Perp: $1.0357 | FR: 0.0050%
[198/591] ETHW
  ℹ️  Skipping spot fetch for perp-only symbol: ETHW
  ✅ Perp: $0.9814 | FR: 0.0050%
[199/591] EUL
  ℹ️  Skipping spot fetch for perp-only symbol: EUL
  ✅ Perp: $7.8520 | FR: 0.0050%
[200/591] EUR
  ⚠️  Page not found in Notion, skipping
[201/591] EURI
  ℹ️  Skipping spot fetch for perp-only symbol: EURI
  ⚠️  Perp data unavailable: 400 Client Error: Bad Request for url: https://fapi.binance.com/fapi/v1/ticker/24hr?symbol=EURIUSDT
  ⚠️  No data available, skipping
[202/591] EVAA
  ℹ️  Skipping spot fetch for perp-only symbol: EVAA
  ✅ Perp: $9.3297 | FR: 0.0184%
[203/591] F
  ℹ️  Skipping spot fetch for perp-only symbol: F
  ✅ Perp: $0.0216 | FR: -0.3042%
[204/591] FARM
  ℹ️  Skipping spot fetch for perp-only symbol: FARM
  ⚠️  Perp data unavailable: 400 Client Error: Bad Request for url: https://fapi.binance.com/fapi/v1/ticker/24hr?symbol=FARMUSDT
  ⚠️  No data available, skipping
[205/591] FARTCOIN
  ℹ️  Skipping spot fetch for perp-only symbol: FARTCOIN
  ✅ Perp: $0.4068 | FR: 0.0050%
[206/591] FDUSD
  ℹ️  Skipping spot fetch for perp-only symbol: FDUSD
  ⚠️  Perp data unavailable: 400 Client Error: Bad Request for url: https://fapi.binance.com/fapi/v1/ticker/24hr?symbol=FDUSDUSDT
  ⚠️  No data available, skipping
[207/591] FET
  ℹ️  Skipping spot fetch for perp-only symbol: FET
  ✅ Perp: $0.2631 | FR: 0.0085%
[208/591] FF
  ℹ️  Skipping spot fetch for perp-only symbol: FF
  ✅ Perp: $0.1642 | FR: 0.0050%
[209/591] FHE
  ℹ️  Skipping spot fetch for perp-only symbol: FHE
  ✅ Perp: $0.0424 | FR: 0.0224%
[210/591] FIDA
  ℹ️  Skipping spot fetch for perp-only symbol: FIDA
  ✅ Perp: $0.0610 | FR: -0.0212%
[211/591] FIL
  ℹ️  Skipping spot fetch for perp-only symbol: FIL
  ✅ Perp: $1.5750 | FR: 0.0100%
[212/591] FIO
  ℹ️  Skipping spot fetch for perp-only symbol: FIO
  ✅ Perp: $0.0132 | FR: 0.0050%
[213/591] FIS
  ℹ️  Skipping spot fetch for perp-only symbol: FIS
  ✅ Perp: $0.0693 | FR: 0.0050%
[214/591] FLM
  ℹ️  Skipping spot fetch for perp-only symbol: FLM
  ✅ Perp: $0.0213 | FR: 0.0050%
[215/591] FLOCK
  ℹ️  Skipping spot fetch for perp-only symbol: FLOCK
  ✅ Perp: $0.2255 | FR: 0.0050%
[216/591] FLOKI
  ℹ️  Skipping spot fetch for perp-only symbol: FLOKI
  ⚠️  Perp data unavailable: 400 Client Error: Bad Request for url: https://fapi.binance.com/fapi/v1/ticker/24hr?symbol=FLOKIUSDT
  ⚠️  No data available, skipping
[217/591] FLOW
  ℹ️  Skipping spot fetch for perp-only symbol: FLOW
  ✅ Perp: $0.2740 | FR: 0.0100%
[218/591] FLUID
  ℹ️  Skipping spot fetch for perp-only symbol: FLUID
  ✅ Perp: $4.5940 | FR: 0.0050%
[219/591] FLUX
  ℹ️  Skipping spot fetch for perp-only symbol: FLUX
  ✅ Perp: $0.1232 | FR: 0.0050%
[220/591] FORM
  ℹ️  Skipping spot fetch for perp-only symbol: FORM
  ✅ Perp: $0.6840 | FR: 0.0050%
[221/591] FORTH
  ℹ️  Skipping spot fetch for perp-only symbol: FORTH
  ✅ Perp: $2.4130 | FR: 0.0050%
[222/591] FTT
  ℹ️  Skipping spot fetch for perp-only symbol: FTT
  ⚠️  Perp data unavailable: 'lastPrice'
  ⚠️  No data available, skipping
[223/591] FUN
  ℹ️  Skipping spot fetch for perp-only symbol: FUN
  ✅ Perp: $0.0035 | FR: 0.0050%
[224/591] FXS
  ℹ️  Skipping spot fetch for perp-only symbol: FXS
  ✅ Perp: $1.4175 | FR: 0.0100%
[225/591] G
  ℹ️  Skipping spot fetch for perp-only symbol: G
  ✅ Perp: $0.0073 | FR: 0.0050%
[226/591] GALA
  ℹ️  Skipping spot fetch for perp-only symbol: GALA
  ✅ Perp: $0.0111 | FR: 0.0100%
[227/591] GAS
  ℹ️  Skipping spot fetch for perp-only symbol: GAS
  ✅ Perp: $2.6130 | FR: 0.0050%
[228/591] GHST
  ℹ️  Skipping spot fetch for perp-only symbol: GHST
  ✅ Perp: $0.3265 | FR: 0.0050%
[229/591] GIGGLE
  ℹ️  Skipping spot fetch for perp-only symbol: GIGGLE
  ✅ Perp: $232.7500 | FR: 0.0334%
[230/591] GLM
  ℹ️  Skipping spot fetch for perp-only symbol: GLM
  ✅ Perp: $0.1805 | FR: 0.0010%
[231/591] GLMR
  ℹ️  Skipping spot fetch for perp-only symbol: GLMR
  ⚠️  Open interest unavailable: 400 Client Error: Bad Request for url: https://fapi.binance.com/fapi/v1/openInterest?symbol=GLMRUSDT
  ✅ Perp: $0.2592
[232/591] GMT
  ℹ️  Skipping spot fetch for perp-only symbol: GMT
  ✅ Perp: $0.0281 | FR: 0.0100%
[233/591] GMX
  ℹ️  Skipping spot fetch for perp-only symbol: GMX
  ✅ Perp: $10.4560 | FR: 0.0100%
[234/591] GNO
  ℹ️  Skipping spot fetch for perp-only symbol: GNO
  ⚠️  Perp data unavailable: 400 Client Error: Bad Request for url: https://fapi.binance.com/fapi/v1/ticker/24hr?symbol=GNOUSDT
  ⚠️  No data available, skipping
[235/591] GNS
  ℹ️  Skipping spot fetch for perp-only symbol: GNS
  ⚠️  Perp data unavailable: 400 Client Error: Bad Request for url: https://fapi.binance.com/fapi/v1/ticker/24hr?symbol=GNSUSDT
  ⚠️  No data available, skipping
[236/591] GOAT
  ℹ️  Skipping spot fetch for perp-only symbol: GOAT
  ✅ Perp: $0.0555 | FR: 0.0050%
[237/591] GPS
  ℹ️  Skipping spot fetch for perp-only symbol: GPS
  ✅ Perp: $0.0084 | FR: 0.0050%
[238/591] GRASS
  ℹ️  Skipping spot fetch for perp-only symbol: GRASS
  ✅ Perp: $0.4343 | FR: -0.0136%
[239/591] GRIFFAIN
  ℹ️  Skipping spot fetch for perp-only symbol: GRIFFAIN
  ✅ Perp: $0.0204 | FR: 0.0050%
[240/591] GRT
  ℹ️  Skipping spot fetch for perp-only symbol: GRT
  ✅ Perp: $0.0651 | FR: 0.0100%
[241/591] GTC
  ℹ️  Skipping spot fetch for perp-only symbol: GTC
  ✅ Perp: $0.2070 | FR: 0.0100%
[242/591] GUN
  ℹ️  Skipping spot fetch for perp-only symbol: GUN
  ✅ Perp: $0.0191 | FR: 0.0050%
[243/591] H
  ℹ️  Skipping spot fetch for perp-only symbol: H
  ✅ Perp: $0.3088 | FR: 0.0558%
[244/591] HAEDAL
  ℹ️  Skipping spot fetch for perp-only symbol: HAEDAL
  ✅ Perp: $0.0900 | FR: 0.0050%
[245/591] HANA
  ℹ️  Skipping spot fetch for perp-only symbol: HANA
  ✅ Perp: $0.0551 | FR: 0.0023%
[246/591] HBAR
  ℹ️  Skipping spot fetch for perp-only symbol: HBAR
  ✅ Perp: $0.1747 | FR: -0.0035%
[247/591] HEI
  ℹ️  Skipping spot fetch for perp-only symbol: HEI
  ✅ Perp: $0.2393 | FR: 0.0050%
[248/591] HEMI
  ℹ️  Skipping spot fetch for perp-only symbol: HEMI
  ✅ Perp: $0.0595 | FR: 0.0050%
[249/591] HFT
  ℹ️  Skipping spot fetch for perp-only symbol: HFT
  ✅ Perp: $0.0501 | FR: 0.0100%
[250/591] HIGH
  ℹ️  Skipping spot fetch for perp-only symbol: HIGH
  ✅ Perp: $0.3148 | FR: 0.0089%
[251/591] HIPPO
  ℹ️  Skipping spot fetch for perp-only symbol: HIPPO
  ✅ Perp: $0.0015 | FR: 0.0050%
[252/591] HIVE
  ℹ️  Skipping spot fetch for perp-only symbol: HIVE
  ✅ Perp: $0.1369 | FR: 0.0050%
[253/591] HMSTR
  ℹ️  Skipping spot fetch for perp-only symbol: HMSTR
  ✅ Perp: $0.0004 | FR: 0.0050%
[254/591] HOLO
  ℹ️  Skipping spot fetch for perp-only symbol: HOLO
  ✅ Perp: $0.1529 | FR: 0.0050%
[255/591] HOME
  ℹ️  Skipping spot fetch for perp-only symbol: HOME
  ✅ Perp: $0.0231 | FR: 0.0050%
[256/591] HOOK
  ℹ️  Skipping spot fetch for perp-only symbol: HOOK
  ✅ Perp: $0.0670 | FR: 0.0100%
[257/591] HOT
  ℹ️  Skipping spot fetch for perp-only symbol: HOT
  ✅ Perp: $0.0007 | FR: 0.0100%
[258/591] HUMA
  ℹ️  Skipping spot fetch for perp-only symbol: HUMA
  ✅ Perp: $0.0270 | FR: 0.0050%
[259/591] HYPE
  ℹ️  Skipping spot fetch for perp-only symbol: HYPE
  ✅ Perp: $44.7820 | FR: 0.0050%
[260/591] HYPER
  ℹ️  Skipping spot fetch for perp-only symbol: HYPER
  ✅ Perp: $0.1997 | FR: 0.0050%
[261/591] ICNT
  ℹ️  Skipping spot fetch for perp-only symbol: ICNT
  ✅ Perp: $0.2174 | FR: 0.0050%
[262/591] ICP
  ℹ️  Skipping spot fetch for perp-only symbol: ICP
  ✅ Perp: $3.1390 | FR: -0.0084%
[263/591] ICX
  ℹ️  Skipping spot fetch for perp-only symbol: ICX
  ✅ Perp: $0.0908 | FR: 0.0100%
[264/591] ID
  ℹ️  Skipping spot fetch for perp-only symbol: ID
  ✅ Perp: $0.1121 | FR: -0.0163%
[265/591] IDEX
  ℹ️  Skipping spot fetch for perp-only symbol: IDEX
  ⚠️  Open interest unavailable: 400 Client Error: Bad Request for url: https://fapi.binance.com/fapi/v1/openInterest?symbol=IDEXUSDT
  ✅ Perp: $0.0561
[266/591] IDOL
  ℹ️  Skipping spot fetch for perp-only symbol: IDOL
  ✅ Perp: $0.0319 | FR: 0.0050%
[267/591] ILV
  ℹ️  Skipping spot fetch for perp-only symbol: ILV
  ✅ Perp: $11.1450 | FR: 0.0050%
[268/591] IMX
  ℹ️  Skipping spot fetch for perp-only symbol: IMX
  ✅ Perp: $0.5351 | FR: 0.0047%
[269/591] IN
  ℹ️  Skipping spot fetch for perp-only symbol: IN
  ✅ Perp: $0.1454 | FR: -0.0195%
[270/591] INIT
  ℹ️  Skipping spot fetch for perp-only symbol: INIT
  ✅ Perp: $0.1698 | FR: 0.0050%
[271/591] INJ
  ℹ️  Skipping spot fetch for perp-only symbol: INJ
  ✅ Perp: $8.5120 | FR: 0.0072%
[272/591] IO
  ℹ️  Skipping spot fetch for perp-only symbol: IO
  ✅ Perp: $0.3599 | FR: -0.0375%
[273/591] IOST
  ℹ️  Skipping spot fetch for perp-only symbol: IOST
  ✅ Perp: $0.0024 | FR: -0.0163%
[274/591] IOTA
  ℹ️  Skipping spot fetch for perp-only symbol: IOTA
  ✅ Perp: $0.1475 | FR: 0.0030%
[275/591] IOTX
  ℹ️  Skipping spot fetch for perp-only symbol: IOTX
  ✅ Perp: $0.0115 | FR: 0.0100%
[276/591] IP
  ℹ️  Skipping spot fetch for perp-only symbol: IP
  ✅ Perp: $5.1260 | FR: -0.0153%
[277/591] IQ
  ℹ️  Skipping spot fetch for perp-only symbol: IQ
  ⚠️  Perp data unavailable: 400 Client Error: Bad Request for url: https://fapi.binance.com/fapi/v1/ticker/24hr?symbol=IQUSDT
  ⚠️  No data available, skipping
[278/591] JASMY
  ℹ️  Skipping spot fetch for perp-only symbol: JASMY
  ✅ Perp: $0.0105 | FR: -0.0030%
[279/591] JELLYJELLY
  ℹ️  Skipping spot fetch for perp-only symbol: JELLYJELLY
  ✅ Perp: $0.0760 | FR: 0.0490%
[280/591] JOE
  ℹ️  Skipping spot fetch for perp-only symbol: JOE
  ✅ Perp: $0.1175 | FR: 0.0100%
[281/591] JST
  ℹ️  Skipping spot fetch for perp-only symbol: JST
  ✅ Perp: $0.0335 | FR: 0.0050%
[282/591] JTO
  ℹ️  Skipping spot fetch for perp-only symbol: JTO
  ⚠️  Open interest unavailable: HTTPSConnectionPool(host='fapi.binance.com', port=443): Max retries exceeded with url: /fapi/v1/openInterest?symbol=JTOUSDT (Caused by ProxyError('Cannot connect to proxy.', TimeoutError('_ssl.c:990: The handshake operation timed out')))
  ✅ Perp: $1.1356 | FR: 0.0050%
[283/591] JUP
  ℹ️  Skipping spot fetch for perp-only symbol: JUP
  ✅ Perp: $0.4275 | FR: -0.0494%
[284/591] JUV
  ℹ️  Skipping spot fetch for perp-only symbol: JUV
  ⚠️  Perp data unavailable: 400 Client Error: Bad Request for url: https://fapi.binance.com/fapi/v1/ticker/24hr?symbol=JUVUSDT
  ⚠️  No data available, skipping
[285/591] KAIA
  ℹ️  Skipping spot fetch for perp-only symbol: KAIA
  ✅ Perp: $0.1084 | FR: 0.0050%
[286/591] KAITO
  ℹ️  Skipping spot fetch for perp-only symbol: KAITO
  ✅ Perp: $1.1209 | FR: -0.1889%
[287/591] KAS
  ℹ️  Skipping spot fetch for perp-only symbol: KAS
  ✅ Perp: $0.0575 | FR: 0.0032%
[288/591] KAVA
  ℹ️  Skipping spot fetch for perp-only symbol: KAVA
  ✅ Perp: $0.1444 | FR: -0.2660%
[289/591] KDA
  ℹ️  Skipping spot fetch for perp-only symbol: KDA
  ✅ Perp: $0.0705 | FR: -0.0006%
[290/591] KERNEL
  ℹ️  Skipping spot fetch for perp-only symbol: KERNEL
  ✅ Perp: $0.1694 | FR: -0.0037%
[291/591] KGEN
  ℹ️  Skipping spot fetch for perp-only symbol: KGEN
  ✅ Perp: $0.3080 | FR: 0.0232%
[292/591] KMNO
  ℹ️  Skipping spot fetch for perp-only symbol: KMNO
  ✅ Perp: $0.0617 | FR: -0.0217%
[293/591] KNC
  ℹ️  Skipping spot fetch for perp-only symbol: KNC
  ✅ Perp: $0.3066 | FR: 0.0100%
[294/591] KOMA
  ℹ️  Skipping spot fetch for perp-only symbol: KOMA
  ✅ Perp: $0.0199 | FR: 0.0492%
[295/591] KSM
  ℹ️  Skipping spot fetch for perp-only symbol: KSM
  ✅ Perp: $10.5740 | FR: 0.0100%
[296/591] LA
  ℹ️  Skipping spot fetch for perp-only symbol: LA
  ✅ Perp: $0.4395 | FR: -0.0165%
[297/591] LAB
  ℹ️  Skipping spot fetch for perp-only symbol: LAB
  ✅ Perp: $0.2225 | FR: 0.0394%
[298/591] LAYER
  ℹ️  Skipping spot fetch for perp-only symbol: LAYER
  ✅ Perp: $0.2902 | FR: 0.0050%
[299/591] LAZIO
  ℹ️  Skipping spot fetch for perp-only symbol: LAZIO
  ⚠️  Perp data unavailable: 400 Client Error: Bad Request for url: https://fapi.binance.com/fapi/v1/ticker/24hr?symbol=LAZIOUSDT
  ⚠️  No data available, skipping
[300/591] LDO
  ℹ️  Skipping spot fetch for perp-only symbol: LDO
  ✅ Perp: $0.9286 | FR: 0.0100%
[301/591] LIGHT
  ℹ️  Skipping spot fetch for perp-only symbol: LIGHT
  ✅ Perp: $2.3056 | FR: 0.0868%
[302/591] LINEA
  ℹ️  Skipping spot fetch for perp-only symbol: LINEA
  ✅ Perp: $0.0153 | FR: 0.0050%
[303/591] LINK
  ℹ️  Skipping spot fetch for perp-only symbol: LINK
  ✅ Perp: $17.8630 | FR: 0.0041%
[304/591] LISTA
  ℹ️  Skipping spot fetch for perp-only symbol: LISTA
  ✅ Perp: $0.2992 | FR: 0.0005%
[305/591] LPT
  ℹ️  Skipping spot fetch for perp-only symbol: LPT
  ✅ Perp: $5.0960 | FR: 0.0050%
[306/591] LQTY
  ℹ️  Skipping spot fetch for perp-only symbol: LQTY
  ✅ Perp: $0.5265 | FR: 0.0065%
[307/591] LRC
  ℹ️  Skipping spot fetch for perp-only symbol: LRC
  ✅ Perp: $0.0693 | FR: 0.0100%
[308/591] LSK
  ℹ️  Skipping spot fetch for perp-only symbol: LSK
  ✅ Perp: $0.2164 | FR: -0.0402%
[309/591] LTC
  ℹ️  Skipping spot fetch for perp-only symbol: LTC
  ✅ Perp: $97.5600 | FR: 0.0072%
[310/591] LUMIA
  ℹ️  Skipping spot fetch for perp-only symbol: LUMIA
  ✅ Perp: $0.1414 | FR: 0.0160%
[311/591] LUNA
  ℹ️  Skipping spot fetch for perp-only symbol: LUNA
  ⚠️  Perp data unavailable: 'lastPrice'
  ⚠️  No data available, skipping
[312/591] LUNA2
  ℹ️  Skipping spot fetch for perp-only symbol: LUNA2
  ✅ Perp: $0.1013 | FR: 0.0100%
[313/591] LUNC
  ℹ️  Skipping spot fetch for perp-only symbol: LUNC
  ⚠️  Perp data unavailable: 400 Client Error: Bad Request for url: https://fapi.binance.com/fapi/v1/ticker/24hr?symbol=LUNCUSDT
  ⚠️  No data available, skipping
[314/591] LYN
  ℹ️  Skipping spot fetch for perp-only symbol: LYN
  ✅ Perp: $0.1654 | FR: 0.0114%
[315/591] M
  ℹ️  Skipping spot fetch for perp-only symbol: M
  ✅ Perp: $2.2595 | FR: 0.0050%
[316/591] MAGIC
  ℹ️  Skipping spot fetch for perp-only symbol: MAGIC
  ✅ Perp: $0.1442 | FR: -0.0039%
[317/591] MANA
  ℹ️  Skipping spot fetch for perp-only symbol: MANA
  ✅ Perp: $0.2416 | FR: 0.0100%
[318/591] MANTA
  ℹ️  Skipping spot fetch for perp-only symbol: MANTA
  ✅ Perp: $0.1164 | FR: 0.0050%
[319/591] MASK
  ℹ️  Skipping spot fetch for perp-only symbol: MASK
  ✅ Perp: $0.8702 | FR: 0.0050%
[320/591] MAV
  ℹ️  Skipping spot fetch for perp-only symbol: MAV
  ✅ Perp: $0.0390 | FR: -0.0167%
[321/591] MAVIA
  ℹ️  Skipping spot fetch for perp-only symbol: MAVIA
  ✅ Perp: $0.0916 | FR: 0.0158%
[322/591] MBL
  ℹ️  Skipping spot fetch for perp-only symbol: MBL
  ⚠️  Perp data unavailable: 'lastPrice'
  ⚠️  No data available, skipping
[323/591] MBOX
  ℹ️  Skipping spot fetch for perp-only symbol: MBOX
  ✅ Perp: $0.0503 | FR: -0.0010%
[324/591] MDT
  ℹ️  Skipping spot fetch for perp-only symbol: MDT
  ⚠️  Open interest unavailable: 400 Client Error: Bad Request for url: https://fapi.binance.com/fapi/v1/openInterest?symbol=MDTUSDT
  ✅ Perp: $0.0633
[325/591] ME
  ℹ️  Skipping spot fetch for perp-only symbol: ME
  ✅ Perp: $0.4394 | FR: -0.0138%
[326/591] MELANIA
  ℹ️  Skipping spot fetch for perp-only symbol: MELANIA
  ✅ Perp: $0.1001 | FR: 0.0050%
[327/591] MEME
  ℹ️  Skipping spot fetch for perp-only symbol: MEME
  ✅ Perp: $0.0017 | FR: 0.0009%
[328/591] MERL
  ℹ️  Skipping spot fetch for perp-only symbol: MERL
  ✅ Perp: $0.4166 | FR: -0.0880%
[329/591] MET
  ℹ️  Skipping spot fetch for perp-only symbol: MET
  ✅ Perp: $0.5380 | FR: 0.0447%
[330/591] METIS
  ℹ️  Skipping spot fetch for perp-only symbol: METIS
  ✅ Perp: $10.0100 | FR: 0.0050%
[331/591] MEW
  ℹ️  Skipping spot fetch for perp-only symbol: MEW
  ✅ Perp: $0.0019 | FR: 0.0050%
[332/591] MILK
  ℹ️  Skipping spot fetch for perp-only symbol: MILK
  ✅ Perp: $0.0369 | FR: 0.0195%
[333/591] MINA
  ℹ️  Skipping spot fetch for perp-only symbol: MINA
  ✅ Perp: $0.1073 | FR: 0.0100%
[334/591] MIRA
  ℹ️  Skipping spot fetch for perp-only symbol: MIRA
  ✅ Perp: $0.3361 | FR: 0.0022%
[335/591] MITO
  ℹ️  Skipping spot fetch for perp-only symbol: MITO
  ✅ Perp: $0.1156 | FR: 0.0050%
[336/591] MLN
  ℹ️  Skipping spot fetch for perp-only symbol: MLN
  ✅ Perp: $7.9330 | FR: 0.0050%
[337/591] MOCA
  ℹ️  Skipping spot fetch for perp-only symbol: MOCA
  ✅ Perp: $0.0544 | FR: 0.0050%
[338/591] MON
  ℹ️  Skipping spot fetch for perp-only symbol: MON
  ✅ Perp: $0.0684 | FR: 0.0050%
[339/591] MOODENG
  ℹ️  Skipping spot fetch for perp-only symbol: MOODENG
  ✅ Perp: $0.1167 | FR: -0.0109%
[340/591] MORPHO
  ℹ️  Skipping spot fetch for perp-only symbol: MORPHO
  ✅ Perp: $1.9951 | FR: -0.0199%
[341/591] MOVE
  ℹ️  Skipping spot fetch for perp-only symbol: MOVE
  ✅ Perp: $0.0744 | FR: 0.0050%
[342/591] MOVR
  ℹ️  Skipping spot fetch for perp-only symbol: MOVR
  ✅ Perp: $3.6650 | FR: 0.0050%
[343/591] MTL
  ℹ️  Skipping spot fetch for perp-only symbol: MTL
  ✅ Perp: $0.5084 | FR: 0.0062%
[344/591] MUBARAK
  ℹ️  Skipping spot fetch for perp-only symbol: MUBARAK
  ✅ Perp: $0.0244 | FR: 0.0050%
[345/591] MYRO
  ℹ️  Skipping spot fetch for perp-only symbol: MYRO
  ✅ Perp: $0.0144 | FR: 0.0050%
[346/591] MYX
  ℹ️  Skipping spot fetch for perp-only symbol: MYX
  ✅ Perp: $2.9260 | FR: 0.0216%
[347/591] NAORIS
  ℹ️  Skipping spot fetch for perp-only symbol: NAORIS
  ✅ Perp: $0.0511 | FR: 0.0222%
[348/591] NEAR
  ℹ️  Skipping spot fetch for perp-only symbol: NEAR
  ✅ Perp: $2.3100 | FR: -0.0019%
[349/591] NEIRO
  ℹ️  Skipping spot fetch for perp-only symbol: NEIRO
  ✅ Perp: $0.0002 | FR: 0.0050%
[350/591] NEO
  ℹ️  Skipping spot fetch for perp-only symbol: NEO
  ✅ Perp: $5.1920 | FR: 0.0100%
[351/591] NEWT
  ℹ️  Skipping spot fetch for perp-only symbol: NEWT
  ✅ Perp: $0.1580 | FR: 0.0050%
[352/591] NEXO
  ℹ️  Skipping spot fetch for perp-only symbol: NEXO
  ⚠️  Perp data unavailable: 400 Client Error: Bad Request for url: https://fapi.binance.com/fapi/v1/ticker/24hr?symbol=NEXOUSDT
  ⚠️  No data available, skipping
[353/591] NFP
  ℹ️  Skipping spot fetch for perp-only symbol: NFP
  ✅ Perp: $0.0426 | FR: 0.0050%
[354/591] NIL
  ℹ️  Skipping spot fetch for perp-only symbol: NIL
  ✅ Perp: $0.3181 | FR: 0.0050%
[355/591] NKN
  ℹ️  Skipping spot fetch for perp-only symbol: NKN
  ✅ Perp: $0.0197 | FR: 0.0050%
[356/591] NMR
  ℹ️  Skipping spot fetch for perp-only symbol: NMR
  ✅ Perp: $12.8120 | FR: -0.1037%
[357/591] NOM
  ℹ️  Skipping spot fetch for perp-only symbol: NOM
  ✅ Perp: $0.0239 | FR: -0.0495%
[358/591] NOT
  ℹ️  Skipping spot fetch for perp-only symbol: NOT
  ✅ Perp: $0.0008 | FR: 0.0007%
[359/591] NTRN
  ℹ️  Skipping spot fetch for perp-only symbol: NTRN
  ✅ Perp: $0.0498 | FR: 0.0050%
[360/591] NXPC
  ℹ️  Skipping spot fetch for perp-only symbol: NXPC
  ✅ Perp: $0.3649 | FR: -0.0303%
[361/591] OBOL
  ℹ️  Skipping spot fetch for perp-only symbol: OBOL
  ✅ Perp: $0.1092 | FR: 0.0050%
[362/591] OG
  ℹ️  Skipping spot fetch for perp-only symbol: OG
  ✅ Perp: $15.5250 | FR: 0.0050%
[363/591] OGN
  ℹ️  Skipping spot fetch for perp-only symbol: OGN
  ✅ Perp: $0.0477 | FR: -0.0073%
[364/591] OL
  ℹ️  Skipping spot fetch for perp-only symbol: OL
  ✅ Perp: $0.0195 | FR: 0.0050%
[365/591] OM
  ℹ️  Skipping spot fetch for perp-only symbol: OM
  ✅ Perp: $0.1178 | FR: -0.1144%
[366/591] ONDO
  ℹ️  Skipping spot fetch for perp-only symbol: ONDO
  ✅ Perp: $0.7359 | FR: 0.0045%
[367/591] ONE
  ℹ️  Skipping spot fetch for perp-only symbol: ONE
  ✅ Perp: $0.0067 | FR: 0.0100%
[368/591] ONG
  ℹ️  Skipping spot fetch for perp-only symbol: ONG
  ✅ Perp: $0.1169 | FR: 0.0050%
[369/591] ONT
  ℹ️  Skipping spot fetch for perp-only symbol: ONT
  ✅ Perp: $0.0945 | FR: 0.0003%
[370/591] OP
  ℹ️  Skipping spot fetch for perp-only symbol: OP
  ✅ Perp: $0.4484 | FR: 0.0100%
[371/591] OPEN
  ℹ️  Skipping spot fetch for perp-only symbol: OPEN
  ✅ Perp: $0.4027 | FR: -0.3214%
[372/591] ORCA
  ℹ️  Skipping spot fetch for perp-only symbol: ORCA
  ✅ Perp: $1.4890 | FR: 0.0019%
[373/591] ORDER
  ℹ️  Skipping spot fetch for perp-only symbol: ORDER
  ✅ Perp: $0.2812 | FR: -0.1062%
[374/591] ORDI
  ℹ️  Skipping spot fetch for perp-only symbol: ORDI
  ✅ Perp: $5.2880 | FR: 0.0050%
[375/591] OSMO
  ℹ️  Skipping spot fetch for perp-only symbol: OSMO
  ⚠️  Perp data unavailable: 400 Client Error: Bad Request for url: https://fapi.binance.com/fapi/v1/ticker/24hr?symbol=OSMOUSDT
  ⚠️  No data available, skipping
[376/591] OXT
  ℹ️  Skipping spot fetch for perp-only symbol: OXT
  ✅ Perp: $0.0415 | FR: 0.0100%
[377/591] PARTI
  ℹ️  Skipping spot fetch for perp-only symbol: PARTI
  ✅ Perp: $0.0809 | FR: 0.0050%
[378/591] PAXG
  ℹ️  Skipping spot fetch for perp-only symbol: PAXG
  ✅ Perp: $4102.5000 | FR: 0.0050%
[379/591] PENDLE
  ℹ️  Skipping spot fetch for perp-only symbol: PENDLE
  ✅ Perp: $3.2694 | FR: 0.0100%
[380/591] PENGU
  ℹ️  Skipping spot fetch for perp-only symbol: PENGU
  ✅ Perp: $0.0211 | FR: -0.0023%
[381/591] PEOPLE
  ℹ️  Skipping spot fetch for perp-only symbol: PEOPLE
  ✅ Perp: $0.0125 | FR: 0.0100%
[382/591] PEPE
  ℹ️  Skipping spot fetch for perp-only symbol: PEPE
  ⚠️  Perp data unavailable: 400 Client Error: Bad Request for url: https://fapi.binance.com/fapi/v1/ticker/24hr?symbol=PEPEUSDT
  ⚠️  No data available, skipping
[383/591] PERP
  ℹ️  Skipping spot fetch for perp-only symbol: PERP
  ✅ Perp: $0.2208 | FR: 0.0050%
[384/591] PHA
  ℹ️  Skipping spot fetch for perp-only symbol: PHA
  ✅ Perp: $0.0632 | FR: 0.0050%
[385/591] PHB
  ℹ️  Skipping spot fetch for perp-only symbol: PHB
  ✅ Perp: $0.5529 | FR: 0.0100%
[386/591] PIPPIN
  ℹ️  Skipping spot fetch for perp-only symbol: PIPPIN
  ✅ Perp: $0.0202 | FR: -0.0216%
[387/591] PIVX
  ℹ️  Skipping spot fetch for perp-only symbol: PIVX
  ⚠️  Perp data unavailable: 400 Client Error: Bad Request for url: https://fapi.binance.com/fapi/v1/ticker/24hr?symbol=PIVXUSDT
  ⚠️  No data available, skipping
[388/591] PIXEL
  ℹ️  Skipping spot fetch for perp-only symbol: PIXEL
  ✅ Perp: $0.0178 | FR: 0.0050%
[389/591] PLAY
  ℹ️  Skipping spot fetch for perp-only symbol: PLAY
  ✅ Perp: $0.0292 | FR: 0.0389%
[390/591] PLUME
  ℹ️  Skipping spot fetch for perp-only symbol: PLUME
  ✅ Perp: $0.0725 | FR: 0.0050%
[391/591] PNUT
  ℹ️  Skipping spot fetch for perp-only symbol: PNUT
  ✅ Perp: $0.1378 | FR: 0.0050%
[392/591] POL
  ℹ️  Skipping spot fetch for perp-only symbol: POL
  ✅ Perp: $0.1965 | FR: 0.0009%
[393/591] POLYX
  ℹ️  Skipping spot fetch for perp-only symbol: POLYX
  ✅ Perp: $0.0877 | FR: 0.0050%
[394/591] POND
  ℹ️  Skipping spot fetch for perp-only symbol: POND
  ⚠️  Perp data unavailable: 400 Client Error: Bad Request for url: https://fapi.binance.com/fapi/v1/ticker/24hr?symbol=PONDUSDT
  ⚠️  No data available, skipping
[395/591] PONKE
  ℹ️  Skipping spot fetch for perp-only symbol: PONKE
  ✅ Perp: $0.0645 | FR: 0.0050%
[396/591] POPCAT
  ℹ️  Skipping spot fetch for perp-only symbol: POPCAT
  ✅ Perp: $0.1565 | FR: -0.0008%
[397/591] PORT3
  ℹ️  Skipping spot fetch for perp-only symbol: PORT3
  ✅ Perp: $0.0402 | FR: 0.0508%
[398/591] PORTAL
  ℹ️  Skipping spot fetch for perp-only symbol: PORTAL
  ✅ Perp: $0.0258 | FR: 0.0050%
[399/591] PORTO
  ℹ️  Skipping spot fetch for perp-only symbol: PORTO
  ⚠️  Perp data unavailable: 400 Client Error: Bad Request for url: https://fapi.binance.com/fapi/v1/ticker/24hr?symbol=PORTOUSDT
  ⚠️  No data available, skipping
[400/591] POWR
  ℹ️  Skipping spot fetch for perp-only symbol: POWR
  ✅ Perp: $0.1194 | FR: 0.0050%
[401/591] PROM
  ℹ️  Skipping spot fetch for perp-only symbol: PROM
  ✅ Perp: $9.4790 | FR: 0.0050%
[402/591] PROMPT
  ℹ️  Skipping spot fetch for perp-only symbol: PROMPT
  ✅ Perp: $0.0922 | FR: -0.0065%
[403/591] PROVE
  ℹ️  Skipping spot fetch for perp-only symbol: PROVE
  ✅ Perp: $0.8806 | FR: 0.0050%
[404/591] PSG
  ℹ️  Skipping spot fetch for perp-only symbol: PSG
  ⚠️  Perp data unavailable: 400 Client Error: Bad Request for url: https://fapi.binance.com/fapi/v1/ticker/24hr?symbol=PSGUSDT
  ⚠️  No data available, skipping
[405/591] PTB
  ℹ️  Skipping spot fetch for perp-only symbol: PTB
  ✅ Perp: $0.0322 | FR: 0.0050%
[406/591] PUFFER
  ℹ️  Skipping spot fetch for perp-only symbol: PUFFER
  ✅ Perp: $0.0874 | FR: 0.0050%
[407/591] PUMP
  ℹ️  Skipping spot fetch for perp-only symbol: PUMP
  ✅ Perp: $0.0045 | FR: 0.0050%
[408/591] PUMPBTC
  ℹ️  Skipping spot fetch for perp-only symbol: PUMPBTC
  ✅ Perp: $0.0553 | FR: 0.0050%
[409/591] PUNDIX
  ℹ️  Skipping spot fetch for perp-only symbol: PUNDIX
  ✅ Perp: $0.3457 | FR: 0.0050%
[410/591] PYR
  ℹ️  Skipping spot fetch for perp-only symbol: PYR
  ⚠️  Perp data unavailable: 400 Client Error: Bad Request for url: https://fapi.binance.com/fapi/v1/ticker/24hr?symbol=PYRUSDT
  ⚠️  No data available, skipping
[411/591] PYTH
  ℹ️  Skipping spot fetch for perp-only symbol: PYTH
  ✅ Perp: $0.1151 | FR: -0.0052%
[412/591] Q
  ℹ️  Skipping spot fetch for perp-only symbol: Q
  ✅ Perp: $0.0272 | FR: 0.0050%
[413/591] QI
  ℹ️  Skipping spot fetch for perp-only symbol: QI
  ⚠️  Perp data unavailable: 400 Client Error: Bad Request for url: https://fapi.binance.com/fapi/v1/ticker/24hr?symbol=QIUSDT
  ⚠️  No data available, skipping
[414/591] QKC
  ℹ️  Skipping spot fetch for perp-only symbol: QKC
  ⚠️  Perp data unavailable: 400 Client Error: Bad Request for url: https://fapi.binance.com/fapi/v1/ticker/24hr?symbol=QKCUSDT
  ⚠️  No data available, skipping
[415/591] QNT
  ℹ️  Skipping spot fetch for perp-only symbol: QNT
  ✅ Perp: $82.7200 | FR: 0.0036%
[416/591] QTUM
  ℹ️  Skipping spot fetch for perp-only symbol: QTUM
  ✅ Perp: $2.0060 | FR: 0.0016%
[417/591] QUICK
  ℹ️  Skipping spot fetch for perp-only symbol: QUICK
  ✅ Perp: $0.0190 | FR: 0.0050%
[418/591] RAD
  ℹ️  Skipping spot fetch for perp-only symbol: RAD
  ⚠️  Open interest unavailable: 400 Client Error: Bad Request for url: https://fapi.binance.com/fapi/v1/openInterest?symbol=RADUSDT
  ✅ Perp: $1.6874
[419/591] RARE
  ℹ️  Skipping spot fetch for perp-only symbol: RARE
  ✅ Perp: $0.0360 | FR: 0.0050%
[420/591] RAY
  ℹ️  Skipping spot fetch for perp-only symbol: RAY
  ⚠️  Perp data unavailable: 'lastPrice'
  ⚠️  No data available, skipping
[421/591] RAYSOL
  ℹ️  Skipping spot fetch for perp-only symbol: RAYSOL
  ✅ Perp: $1.8121 | FR: 0.0050%
[422/591] RDNT
  ℹ️  Skipping spot fetch for perp-only symbol: RDNT
  ✅ Perp: $0.0170 | FR: 0.0100%
[423/591] RECALL
  ℹ️  Skipping spot fetch for perp-only symbol: RECALL
  ✅ Perp: $0.4589 | FR: 0.0050%
[424/591] RED
  ℹ️  Skipping spot fetch for perp-only symbol: RED
  ✅ Perp: $0.3518 | FR: -0.0300%
[425/591] REI
  ℹ️  Skipping spot fetch for perp-only symbol: REI
  ✅ Perp: $0.0120 | FR: 0.0003%
[426/591] RENDER
  ℹ️  Skipping spot fetch for perp-only symbol: RENDER
  ✅ Perp: $2.4920 | FR: 0.0015%
[427/591] REQ
  ℹ️  Skipping spot fetch for perp-only symbol: REQ
  ⚠️  Perp data unavailable: 400 Client Error: Bad Request for url: https://fapi.binance.com/fapi/v1/ticker/24hr?symbol=REQUSDT
  ⚠️  No data available, skipping
[428/591] RESOLV
  ℹ️  Skipping spot fetch for perp-only symbol: RESOLV
  ✅ Perp: $0.0618 | FR: 0.0050%
[429/591] REZ
  ℹ️  Skipping spot fetch for perp-only symbol: REZ
  ✅ Perp: $0.0103 | FR: -0.0377%
[430/591] RIF
  ℹ️  Skipping spot fetch for perp-only symbol: RIF
  ✅ Perp: $0.0476 | FR: 0.0050%
[431/591] RIVER
  ℹ️  Skipping spot fetch for perp-only symbol: RIVER
  ✅ Perp: $7.1480 | FR: 0.0050%
[432/591] RLC
  ℹ️  Skipping spot fetch for perp-only symbol: RLC
  ✅ Perp: $0.8749 | FR: 0.0100%
[433/591] RONIN
  ℹ️  Skipping spot fetch for perp-only symbol: RONIN
  ✅ Perp: $0.3676 | FR: -0.0347%
[434/591] ROSE
  ℹ️  Skipping spot fetch for perp-only symbol: ROSE
  ✅ Perp: $0.0168 | FR: 0.0100%
[435/591] RPL
  ℹ️  Skipping spot fetch for perp-only symbol: RPL
  ✅ Perp: $3.4130 | FR: 0.0050%
[436/591] RSR
  ℹ️  Skipping spot fetch for perp-only symbol: RSR
  ✅ Perp: $0.0055 | FR: -0.0075%
[437/591] RUNE
  ℹ️  Skipping spot fetch for perp-only symbol: RUNE
  ✅ Perp: $0.8700 | FR: 0.0100%
[438/591] RVN
  ℹ️  Skipping spot fetch for perp-only symbol: RVN
  ✅ Perp: $0.0100 | FR: 0.0050%
[439/591] RVV
  ℹ️  Skipping spot fetch for perp-only symbol: RVV
  ✅ Perp: $0.0121 | FR: 0.0501%
[440/591] S
  ℹ️  Skipping spot fetch for perp-only symbol: S
  ✅ Perp: $0.1663 | FR: -0.0004%
[441/591] SAFE
  ℹ️  Skipping spot fetch for perp-only symbol: SAFE
  ✅ Perp: $0.2559 | FR: -0.0004%
[442/591] SAGA
  ℹ️  Skipping spot fetch for perp-only symbol: SAGA
  ✅ Perp: $0.1144 | FR: 0.0050%
[443/591] SAHARA
  ℹ️  Skipping spot fetch for perp-only symbol: SAHARA
  ✅ Perp: $0.0777 | FR: 0.0050%
[444/591] SAND
  ℹ️  Skipping spot fetch for perp-only symbol: SAND
  ✅ Perp: $0.2137 | FR: 0.0100%
[445/591] SANTOS
  ℹ️  Skipping spot fetch for perp-only symbol: SANTOS
  ✅ Perp: $1.4130 | FR: 0.0050%
[446/591] SAPIEN
  ℹ️  Skipping spot fetch for perp-only symbol: SAPIEN
  ✅ Perp: $0.1244 | FR: 0.0050%
[447/591] SC
  ℹ️  Skipping spot fetch for perp-only symbol: SC
  ⚠️  Perp data unavailable: 'lastPrice'
  ⚠️  No data available, skipping
[448/591] SCR
  ℹ️  Skipping spot fetch for perp-only symbol: SCR
  ✅ Perp: $0.1620 | FR: 0.0134%
[449/591] SCRT
  ℹ️  Skipping spot fetch for perp-only symbol: SCRT
  ✅ Perp: $0.1601 | FR: 0.0050%
[450/591] SEI
  ℹ️  Skipping spot fetch for perp-only symbol: SEI
  ✅ Perp: $0.2014 | FR: -0.0056%
[451/591] SFP
  ℹ️  Skipping spot fetch for perp-only symbol: SFP
  ✅ Perp: $0.3867 | FR: 0.0100%
[452/591] SHELL
  ℹ️  Skipping spot fetch for perp-only symbol: SHELL
  ✅ Perp: $0.1046 | FR: -0.0238%
[453/591] SHIB
  ℹ️  Skipping spot fetch for perp-only symbol: SHIB
  ⚠️  Perp data unavailable: 400 Client Error: Bad Request for url: https://fapi.binance.com/fapi/v1/ticker/24hr?symbol=SHIBUSDT
  ⚠️  No data available, skipping
[454/591] SIGN
  ℹ️  Skipping spot fetch for perp-only symbol: SIGN
  ✅ Perp: $0.0413 | FR: -0.1129%
[455/591] SIREN
  ℹ️  Skipping spot fetch for perp-only symbol: SIREN
  ✅ Perp: $0.0874 | FR: 0.0454%
[456/591] SKATE
  ℹ️  Skipping spot fetch for perp-only symbol: SKATE
  ✅ Perp: $0.0413 | FR: 0.0183%
[457/591] SKL
  ℹ️  Skipping spot fetch for perp-only symbol: SKL
  ✅ Perp: $0.0185 | FR: 0.0100%
[458/591] SKY
  ℹ️  Skipping spot fetch for perp-only symbol: SKY
  ✅ Perp: $0.0574 | FR: 0.0010%
[459/591] SKYAI
  ℹ️  Skipping spot fetch for perp-only symbol: SKYAI
  ✅ Perp: $0.0240 | FR: 0.0050%
[460/591] SLP
  ℹ️  Skipping spot fetch for perp-only symbol: SLP
  ✅ Perp: $0.0012 | FR: 0.0050%
[461/591] SNX
  ℹ️  Skipping spot fetch for perp-only symbol: SNX
  ✅ Perp: $1.2080 | FR: -0.0018%
[462/591] SOL
  ℹ️  Skipping spot fetch for perp-only symbol: SOL
  ✅ Perp: $194.0100 | FR: 0.0043%
[463/591] SOLV
  ℹ️  Skipping spot fetch for perp-only symbol: SOLV
  ✅ Perp: $0.0190 | FR: 0.0050%
[464/591] SOMI
  ℹ️  Skipping spot fetch for perp-only symbol: SOMI
  ✅ Perp: $0.5102 | FR: -0.0161%
[465/591] SONIC
  ℹ️  Skipping spot fetch for perp-only symbol: SONIC
  ✅ Perp: $0.1245 | FR: -0.0330%
[466/591] SOON
  ℹ️  Skipping spot fetch for perp-only symbol: SOON
  ✅ Perp: $0.6960 | FR: 0.0050%
[467/591] SOPH
  ℹ️  Skipping spot fetch for perp-only symbol: SOPH
  ✅ Perp: $0.0278 | FR: 0.0050%
[468/591] SPELL
  ℹ️  Skipping spot fetch for perp-only symbol: SPELL
  ✅ Perp: $0.0003 | FR: 0.0100%
[469/591] SPK
  ℹ️  Skipping spot fetch for perp-only symbol: SPK
  ✅ Perp: $0.0396 | FR: -0.0147%
[470/591] SPX
  ℹ️  Skipping spot fetch for perp-only symbol: SPX
  ✅ Perp: $1.0346 | FR: 0.0050%
[471/591] SQD
  ℹ️  Skipping spot fetch for perp-only symbol: SQD
  ✅ Perp: $0.1288 | FR: -0.0416%
[472/591] SSV
  ℹ️  Skipping spot fetch for perp-only symbol: SSV
  ✅ Perp: $5.5140 | FR: 0.0100%
[473/591] STBL
  ℹ️  Skipping spot fetch for perp-only symbol: STBL
  ✅ Perp: $0.1130 | FR: 0.0050%
[474/591] STEEM
  ℹ️  Skipping spot fetch for perp-only symbol: STEEM
  ✅ Perp: $0.0909 | FR: 0.0050%
[475/591] STG
  ℹ️  Skipping spot fetch for perp-only symbol: STG
  ✅ Perp: $0.1534 | FR: -0.0440%
[476/591] STO
  ℹ️  Skipping spot fetch for perp-only symbol: STO
  ✅ Perp: $0.1728 | FR: 0.0050%
[477/591] STORJ
  ℹ️  Skipping spot fetch for perp-only symbol: STORJ
  ✅ Perp: $0.1818 | FR: 0.0100%
[478/591] STRAX
  ℹ️  Skipping spot fetch for perp-only symbol: STRAX
  ⚠️  Open interest unavailable: 400 Client Error: Bad Request for url: https://fapi.binance.com/fapi/v1/openInterest?symbol=STRAXUSDT
  ✅ Perp: $1.4174
[479/591] STRK
  ℹ️  Skipping spot fetch for perp-only symbol: STRK
  ✅ Perp: $0.1202 | FR: -0.0121%
[480/591] STX
  ℹ️  Skipping spot fetch for perp-only symbol: STX
  ✅ Perp: $0.4560 | FR: 0.0100%
[481/591] SUI
  ℹ️  Skipping spot fetch for perp-only symbol: SUI
  ✅ Perp: $2.5449 | FR: 0.0022%
[482/591] SUN
  ℹ️  Skipping spot fetch for perp-only symbol: SUN
  ✅ Perp: $0.0224 | FR: 0.0050%
[483/591] SUPER
  ℹ️  Skipping spot fetch for perp-only symbol: SUPER
  ✅ Perp: $0.3955 | FR: 0.0013%
[484/591] SUSHI
  ℹ️  Skipping spot fetch for perp-only symbol: SUSHI
  ✅ Perp: $0.5326 | FR: 0.0100%
[485/591] SWARMS
  ℹ️  Skipping spot fetch for perp-only symbol: SWARMS
  ✅ Perp: $0.0176 | FR: 0.0474%
[486/591] SWELL
  ℹ️  Skipping spot fetch for perp-only symbol: SWELL
  ✅ Perp: $0.0060 | FR: 0.0050%
[487/591] SXP
  ℹ️  Skipping spot fetch for perp-only symbol: SXP
  ✅ Perp: $0.1234 | FR: 0.0100%
[488/591] SXT
  ℹ️  Skipping spot fetch for perp-only symbol: SXT
  ✅ Perp: $0.0572 | FR: 0.0050%
[489/591] SYN
  ℹ️  Skipping spot fetch for perp-only symbol: SYN
  ✅ Perp: $0.0823 | FR: 0.0050%
[490/591] SYRUP
  ℹ️  Skipping spot fetch for perp-only symbol: SYRUP
  ✅ Perp: $0.3871 | FR: 0.0046%
[491/591] SYS
  ℹ️  Skipping spot fetch for perp-only symbol: SYS
  ✅ Perp: $0.0313 | FR: 0.0050%
[492/591] T
  ℹ️  Skipping spot fetch for perp-only symbol: T
  ✅ Perp: $0.0130 | FR: 0.0050%
[493/591] TA
  ℹ️  Skipping spot fetch for perp-only symbol: TA
  ✅ Perp: $0.0519 | FR: 0.0050%
[494/591] TAC
  ℹ️  Skipping spot fetch for perp-only symbol: TAC
  ✅ Perp: $0.0054 | FR: 0.1079%
[495/591] TAG
  ℹ️  Skipping spot fetch for perp-only symbol: TAG
  ✅ Perp: $0.0005 | FR: 0.0479%
[496/591] TAIKO
  ℹ️  Skipping spot fetch for perp-only symbol: TAIKO
  ✅ Perp: $0.2699 | FR: 0.0050%
[497/591] TAKE
  ℹ️  Skipping spot fetch for perp-only symbol: TAKE
  ✅ Perp: $0.3061 | FR: 0.0981%
[498/591] TANSSI
  ℹ️  Skipping spot fetch for perp-only symbol: TANSSI
  ✅ Perp: $0.0331 | FR: 0.0904%
[499/591] TAO
  ℹ️  Skipping spot fetch for perp-only symbol: TAO
  ✅ Perp: $392.3500 | FR: 0.0028%
[500/591] TFUEL
  ℹ️  Skipping spot fetch for perp-only symbol: TFUEL
  ⚠️  Perp data unavailable: 400 Client Error: Bad Request for url: https://fapi.binance.com/fapi/v1/ticker/24hr?symbol=TFUELUSDT
  ⚠️  No data available, skipping
[501/591] THE
  ℹ️  Skipping spot fetch for perp-only symbol: THE
  ✅ Perp: $0.2622 | FR: 0.0050%
[502/591] THETA
  ℹ️  Skipping spot fetch for perp-only symbol: THETA
  ✅ Perp: $0.5548 | FR: 0.0100%
[503/591] TIA
  ℹ️  Skipping spot fetch for perp-only symbol: TIA
  ✅ Perp: $1.0300 | FR: -0.0058%
[504/591] TKO
  ℹ️  Skipping spot fetch for perp-only symbol: TKO
  ⚠️  Perp data unavailable: 400 Client Error: Bad Request for url: https://fapi.binance.com/fapi/v1/ticker/24hr?symbol=TKOUSDT
  ⚠️  No data available, skipping
[505/591] TLM
  ℹ️  Skipping spot fetch for perp-only symbol: TLM
  ✅ Perp: $0.0035 | FR: 0.0100%
[506/591] TNSR
  ℹ️  Skipping spot fetch for perp-only symbol: TNSR
  ✅ Perp: $0.0657 | FR: 0.0050%
[507/591] TOKEN
  ℹ️  Skipping spot fetch for perp-only symbol: TOKEN
  ✅ Perp: $0.0081 | FR: 0.0351%
[508/591] TON
  ℹ️  Skipping spot fetch for perp-only symbol: TON
  ✅ Perp: $2.1555 | FR: 0.0026%
[509/591] TOSHI
  ℹ️  Skipping spot fetch for perp-only symbol: TOSHI
  ✅ Perp: $0.0008 | FR: -0.1154%
[510/591] TOWNS
  ℹ️  Skipping spot fetch for perp-only symbol: TOWNS
  ✅ Perp: $0.0118 | FR: 0.0050%
[511/591] TRADOOR
  ℹ️  Skipping spot fetch for perp-only symbol: TRADOOR
  ✅ Perp: $2.7710 | FR: 0.0050%
[512/591] TRB
  ℹ️  Skipping spot fetch for perp-only symbol: TRB
  ✅ Perp: $25.9040 | FR: 0.0050%
[513/591] TREE
  ℹ️  Skipping spot fetch for perp-only symbol: TREE
  ✅ Perp: $0.1870 | FR: 0.0050%
[514/591] TRU
  ℹ️  Skipping spot fetch for perp-only symbol: TRU
  ✅ Perp: $0.0185 | FR: -0.0010%
[515/591] TRUMP
  ℹ️  Skipping spot fetch for perp-only symbol: TRUMP
  ✅ Perp: $6.0180 | FR: -0.0013%
[516/591] TRUTH
  ℹ️  Skipping spot fetch for perp-only symbol: TRUTH
  ✅ Perp: $0.0151 | FR: 0.0050%
[517/591] TRX
  ℹ️  Skipping spot fetch for perp-only symbol: TRX
  ✅ Perp: $0.2957 | FR: -0.0420%
[518/591] TST
  ℹ️  Skipping spot fetch for perp-only symbol: TST
  ✅ Perp: $0.0201 | FR: 0.0050%
[519/591] TURBO
  ℹ️  Skipping spot fetch for perp-only symbol: TURBO
  ✅ Perp: $0.0024 | FR: 0.0016%
[520/591] TURTLE
  ℹ️  Skipping spot fetch for perp-only symbol: TURTLE
  ⚠️  Open interest unavailable: HTTPSConnectionPool(host='fapi.binance.com', port=443): Max retries exceeded with url: /fapi/v1/openInterest?symbol=TURTLEUSDT (Caused by ProxyError('Cannot connect to proxy.', TimeoutError('_ssl.c:990: The handshake operation timed out')))
  ✅ Perp: $0.1862 | FR: 0.0050%
[521/591] TUSD
  ℹ️  Skipping spot fetch for perp-only symbol: TUSD
  ⚠️  Perp data unavailable: 400 Client Error: Bad Request for url: https://fapi.binance.com/fapi/v1/ticker/24hr?symbol=TUSDUSDT
  ⚠️  No data available, skipping
[522/591] TUT
  ℹ️  Skipping spot fetch for perp-only symbol: TUT
  ⚠️  Perp data unavailable: HTTPSConnectionPool(host='fapi.binance.com', port=443): Max retries exceeded with url: /fapi/v1/ticker/24hr?symbol=TUTUSDT (Caused by ProxyError('Cannot connect to proxy.', TimeoutError('_ssl.c:990: The handshake operation timed out')))
  ⚠️  No data available, skipping
[523/591] TWT
  ℹ️  Skipping spot fetch for perp-only symbol: TWT
  ✅ Perp: $1.2399 | FR: 0.0050%
[524/591] UB
  ℹ️  Skipping spot fetch for perp-only symbol: UB
  ⚠️  Perp data unavailable: HTTPSConnectionPool(host='fapi.binance.com', port=443): Max retries exceeded with url: /fapi/v1/ticker/24hr?symbol=UBUSDT (Caused by ProxyError('Cannot connect to proxy.', TimeoutError('_ssl.c:990: The handshake operation timed out')))
  ⚠️  No data available, skipping
[525/591] UMA
  ℹ️  Skipping spot fetch for perp-only symbol: UMA
  ⚠️  Funding rate unavailable: HTTPSConnectionPool(host='fapi.binance.com', port=443): Max retries exceeded with url: /fapi/v1/premiumIndex?symbol=UMAUSDT (Caused by ProxyError('Cannot connect to proxy.', TimeoutError('_ssl.c:990: The handshake operation timed out')))
  ✅ Perp: $1.1720
[526/591] UNI
  ℹ️  Skipping spot fetch for perp-only symbol: UNI
  ✅ Perp: $6.2470 | FR: 0.0025%
[527/591] USD1
  ℹ️  Skipping spot fetch for perp-only symbol: USD1
  ⚠️  Perp data unavailable: 400 Client Error: Bad Request for url: https://fapi.binance.com/fapi/v1/ticker/24hr?symbol=USD1USDT
  ⚠️  No data available, skipping
[528/591] USDC
  ℹ️  Skipping spot fetch for perp-only symbol: USDC
  ✅ Perp: $0.9992 | FR: -0.0030%
[529/591] USDE
  ℹ️  Skipping spot fetch for perp-only symbol: USDE
  ⚠️  Perp data unavailable: 400 Client Error: Bad Request for url: https://fapi.binance.com/fapi/v1/ticker/24hr?symbol=USDEUSDT
  ⚠️  No data available, skipping
[530/591] USDP
  ℹ️  Skipping spot fetch for perp-only symbol: USDP
  ⚠️  Perp data unavailable: 400 Client Error: Bad Request for url: https://fapi.binance.com/fapi/v1/ticker/24hr?symbol=USDPUSDT
  ⚠️  No data available, skipping
[531/591] USELESS
  ℹ️  Skipping spot fetch for perp-only symbol: USELESS
  ✅ Perp: $0.2948 | FR: 0.0267%
[532/591] USTC
  ℹ️  Skipping spot fetch for perp-only symbol: USTC
  ✅ Perp: $0.0083 | FR: 0.0050%
[533/591] USUAL
  ℹ️  Skipping spot fetch for perp-only symbol: USUAL
  ✅ Perp: $0.0326 | FR: 0.0050%
[534/591] UTK
  ℹ️  Skipping spot fetch for perp-only symbol: UTK
  ⚠️  Perp data unavailable: 400 Client Error: Bad Request for url: https://fapi.binance.com/fapi/v1/ticker/24hr?symbol=UTKUSDT
  ⚠️  No data available, skipping
[535/591] VANA
  ℹ️  Skipping spot fetch for perp-only symbol: VANA
  ✅ Perp: $2.6850 | FR: -0.0090%
[536/591] VANRY
  ℹ️  Skipping spot fetch for perp-only symbol: VANRY
  ✅ Perp: $0.0163 | FR: 0.0050%
[537/591] VELODROME
  ℹ️  Skipping spot fetch for perp-only symbol: VELODROME
  ✅ Perp: $0.0337 | FR: 0.0050%
[538/591] VELVET
  ℹ️  Skipping spot fetch for perp-only symbol: VELVET
  ✅ Perp: $0.2060 | FR: 0.0052%
[539/591] VET
  ℹ️  Skipping spot fetch for perp-only symbol: VET
  ✅ Perp: $0.0174 | FR: 0.0100%
[540/591] VFY
  ℹ️  Skipping spot fetch for perp-only symbol: VFY
  ✅ Perp: $0.0850 | FR: 0.0050%
[541/591] VIC
  ℹ️  Skipping spot fetch for perp-only symbol: VIC
  ✅ Perp: $0.1503 | FR: 0.0050%
[542/591] VINE
  ℹ️  Skipping spot fetch for perp-only symbol: VINE
  ✅ Perp: $0.0469 | FR: 0.0050%
[543/591] VIRTUAL
  ℹ️  Skipping spot fetch for perp-only symbol: VIRTUAL
  ✅ Perp: $1.1887 | FR: 0.0011%
[544/591] VOXEL
  ℹ️  Skipping spot fetch for perp-only symbol: VOXEL
  ✅ Perp: $0.0402 | FR: 0.0050%
[545/591] VTHO
  ℹ️  Skipping spot fetch for perp-only symbol: VTHO
  ✅ Perp: $0.0012 | FR: 0.0050%
[546/591] VVV
  ℹ️  Skipping spot fetch for perp-only symbol: VVV
  ✅ Perp: $1.5350 | FR: -0.0054%
[547/591] W
  ℹ️  Skipping spot fetch for perp-only symbol: W
  ✅ Perp: $0.0742 | FR: 0.0050%
[548/591] WAL
  ℹ️  Skipping spot fetch for perp-only symbol: WAL
  ✅ Perp: $0.2445 | FR: -0.0849%
[549/591] WAN
  ℹ️  Skipping spot fetch for perp-only symbol: WAN
  ⚠️  Perp data unavailable: 400 Client Error: Bad Request for url: https://fapi.binance.com/fapi/v1/ticker/24hr?symbol=WANUSDT
  ⚠️  No data available, skipping
[550/591] WAXP
  ℹ️  Skipping spot fetch for perp-only symbol: WAXP
  ✅ Perp: $0.0133 | FR: 0.0050%
[551/591] WBETH
  ℹ️  Skipping spot fetch for perp-only symbol: WBETH
  ⚠️  Perp data unavailable: 400 Client Error: Bad Request for url: https://fapi.binance.com/fapi/v1/ticker/24hr?symbol=WBETHUSDT
  ⚠️  No data available, skipping
[552/591] WBTC
  ℹ️  Skipping spot fetch for perp-only symbol: WBTC
  ⚠️  Perp data unavailable: 400 Client Error: Bad Request for url: https://fapi.binance.com/fapi/v1/ticker/24hr?symbol=WBTCUSDT
  ⚠️  No data available, skipping
[553/591] WCT
  ℹ️  Skipping spot fetch for perp-only symbol: WCT
  ✅ Perp: $0.1706 | FR: 0.0011%
[554/591] WIF
  ℹ️  Skipping spot fetch for perp-only symbol: WIF
  ✅ Perp: $0.5466 | FR: 0.0050%
[555/591] WIN
  ℹ️  Skipping spot fetch for perp-only symbol: WIN
  ⚠️  Perp data unavailable: 400 Client Error: Bad Request for url: https://fapi.binance.com/fapi/v1/ticker/24hr?symbol=WINUSDT
  ⚠️  No data available, skipping
[556/591] WLD
  ℹ️  Skipping spot fetch for perp-only symbol: WLD
  ✅ Perp: $0.9043 | FR: 0.0100%
[557/591] WLFI
  ℹ️  Skipping spot fetch for perp-only symbol: WLFI
  ✅ Perp: $0.1424 | FR: 0.0050%
[558/591] WOO
  ℹ️  Skipping spot fetch for perp-only symbol: WOO
  ✅ Perp: $0.0415 | FR: 0.0100%
[559/591] XAI
  ℹ️  Skipping spot fetch for perp-only symbol: XAI
  ✅ Perp: $0.0269 | FR: 0.0050%
[560/591] XAN
  ℹ️  Skipping spot fetch for perp-only symbol: XAN
  ✅ Perp: $0.0515 | FR: 0.0050%
[561/591] XCN
  ℹ️  Skipping spot fetch for perp-only symbol: XCN
  ✅ Perp: $0.0089 | FR: 0.0050%
[562/591] XEC
  ℹ️  Skipping spot fetch for perp-only symbol: XEC
  ⚠️  Perp data unavailable: 400 Client Error: Bad Request for url: https://fapi.binance.com/fapi/v1/ticker/24hr?symbol=XECUSDT
  ⚠️  No data available, skipping
[563/591] XLM
  ℹ️  Skipping spot fetch for perp-only symbol: XLM
  ✅ Perp: $0.3271 | FR: -0.0088%
[564/591] XMR
  ℹ️  Skipping spot fetch for perp-only symbol: XMR
  ✅ Perp: $338.1900 | FR: 0.0100%
[565/591] XNO
  ℹ️  Skipping spot fetch for perp-only symbol: XNO
  ⚠️  Perp data unavailable: 400 Client Error: Bad Request for url: https://fapi.binance.com/fapi/v1/ticker/24hr?symbol=XNOUSDT
  ⚠️  No data available, skipping
[566/591] XNY
  ℹ️  Skipping spot fetch for perp-only symbol: XNY
  ✅ Perp: $0.0072 | FR: 0.0050%
[567/591] XPIN
  ℹ️  Skipping spot fetch for perp-only symbol: XPIN
  ✅ Perp: $0.0082 | FR: 0.0402%
[568/591] XPL
  ℹ️  Skipping spot fetch for perp-only symbol: XPL
  ✅ Perp: $0.3943 | FR: 0.0018%
[569/591] XRP
  ℹ️  Skipping spot fetch for perp-only symbol: XRP
  ✅ Perp: $2.6307 | FR: 0.0065%
[570/591] XTZ
  ℹ️  Skipping spot fetch for perp-only symbol: XTZ
  ✅ Perp: $0.6060 | FR: -0.0110%
[571/591] XUSD
  ℹ️  Skipping spot fetch for perp-only symbol: XUSD
  ⚠️  Perp data unavailable: 400 Client Error: Bad Request for url: https://fapi.binance.com/fapi/v1/ticker/24hr?symbol=XUSDUSDT
  ⚠️  No data available, skipping
[572/591] XVG
  ℹ️  Skipping spot fetch for perp-only symbol: XVG
  ✅ Perp: $0.0062 | FR: -0.0091%
[573/591] XVS
  ℹ️  Skipping spot fetch for perp-only symbol: XVS
  ✅ Perp: $4.8480 | FR: 0.0100%
[574/591] YALA
  ℹ️  Skipping spot fetch for perp-only symbol: YALA
  ✅ Perp: $0.0952 | FR: 0.0050%
[575/591] YB
  ℹ️  Skipping spot fetch for perp-only symbol: YB
  ✅ Perp: $0.5652 | FR: 0.0041%
[576/591] YFI
  ℹ️  Skipping spot fetch for perp-only symbol: YFI
  ✅ Perp: $4763.0000 | FR: 0.0100%
[577/591] YGG
  ℹ️  Skipping spot fetch for perp-only symbol: YGG
  ✅ Perp: $0.1409 | FR: 0.0050%
[578/591] ZBT
  ℹ️  Skipping spot fetch for perp-only symbol: ZBT
  ✅ Perp: $0.2684 | FR: 0.0008%
[579/591] ZEC
  ℹ️  Skipping spot fetch for perp-only symbol: ZEC
  ✅ Perp: $307.6900 | FR: -0.0179%
[580/591] ZEN
  ℹ️  Skipping spot fetch for perp-only symbol: ZEN
  ✅ Perp: $12.9490 | FR: 0.0100%
[581/591] ZEREBRO
  ℹ️  Skipping spot fetch for perp-only symbol: ZEREBRO
  ✅ Perp: $0.0374 | FR: 0.0380%
[582/591] ZETA
  ℹ️  Skipping spot fetch for perp-only symbol: ZETA
  ✅ Perp: $0.1234 | FR: -0.0095%
[583/591] ZIL
  ℹ️  Skipping spot fetch for perp-only symbol: ZIL
  ✅ Perp: $0.0080 | FR: 0.0100%
[584/591] ZK
  ℹ️  Skipping spot fetch for perp-only symbol: ZK
  ✅ Perp: $0.0322 | FR: 0.0050%
[585/591] ZKC
  ℹ️  Skipping spot fetch for perp-only symbol: ZKC
  ✅ Perp: $0.2709 | FR: -0.0136%
[586/591] ZKJ
  ℹ️  Skipping spot fetch for perp-only symbol: ZKJ
  ✅ Perp: $0.0725 | FR: 0.0050%
[587/591] ZORA
  ℹ️  Skipping spot fetch for perp-only symbol: ZORA
  ✅ Perp: $0.0951 | FR: 0.0022%
[588/591] ZRC
  ℹ️  Skipping spot fetch for perp-only symbol: ZRC
  ✅ Perp: $0.0161 | FR: 0.0050%
[589/591] ZRO
  ℹ️  Skipping spot fetch for perp-only symbol: ZRO
  ✅ Perp: $1.7193 | FR: 0.0002%
[590/591] ZRX
  ℹ️  Skipping spot fetch for perp-only symbol: ZRX
  ✅ Perp: $0.1953 | FR: 0.0100%
[591/591] 币安人生
  ℹ️  Skipping spot fetch for perp-only symbol: 币安人生
  ✅ Perp: $0.2939 | FR: 0.0230%

✨ Update complete!
  Success: 526
  Skipped: 65
  Errors: 0
[2025-10-26 17:00:32] ✅ Binance trading data updated
[2025-10-26 17:00:32] 
[2025-10-26 17:00:32] Step 3: Recalculating MC/FDV...
🚀 Recalculating MC and FDV...

📥 Fetching all pages from Notion...
✅ Found 591 pages

[1/591] LRC
  ✅ MC: $95,423,952 | FDV: $95,896,363
[2/591] ZKJ
  ✅ MC: $27,399,746 | FDV: $72,500,000
[3/591] IOST
  ✅ MC: $69,055,869 | FDV: $112,277,429
[4/591] COS
  ✅ MC: $10,974,093 | FDV: $20,989,007
[5/591] HAEDAL
  ✅ MC: $22,275,375 | FDV: $93,300,000
[6/591] ENJ
  ✅ MC: $84,118,252 | FDV: $85,962,573
[7/591] CARV
  ✅ MC: $47,287,760 | FDV: $160,100,000
[8/591] NTRN
  ✅ MC: $30,547,771 | FDV: $49,987,008
[9/591] UNI
  ✅ MC: $4,024,030,089 | FDV: $6,384,000,000
[10/591] KNC
  ✅ MC: $58,944,362 | FDV: $74,427,574
[11/591] M
  ✅ MC: $22,031,987 | FDV: $22,030,419
[12/591] CFX
  ✅ MC: $572,926,180 | FDV: $572,926,180
[13/591] PIXEL
  ✅ MC: $53,877,996 | FDV: $87,900,000
[14/591] SXT
  ✅ MC: $80,640,000 | FDV: $288,000,000
[15/591] BULLA
  ✅ MC: $15,246,000 | FDV: $54,450,000
[16/591] ARIA
  ✅ MC: $17,935,000,000 | FDV: $17,935,000,000
[17/591] CHR
  ✅ MC: $62,153,409 | FDV: $62,153,409
[18/591] LPT
  ✅ MC: $230,813,305 | FDV: $230,813,305
[19/591] ENA
  ✅ MC: $3,362,721,875 | FDV: $7,048,500,000
[20/591] RONIN
  ✅ MC: $263,732,586 | FDV: $380,500,000
[21/591] LUMIA
  ✅ MC: $19,850,728 | FDV: $33,683,333
[22/591] DIA
  ✅ MC: $50,060,514 | FDV: $70,616,255
[23/591] FORTH
  ✅ MC: $31,484,101 | FDV: $33,578,884
[24/591] ICP
  ✅ MC: $1,673,537,607 | FDV: $1,673,537,607
[25/591] GOAT
  ⚠️  No data to calculate (spot: None, perp: 0.05554, circ: None, total: None)
[26/591] MYX
  ✅ MC: $603,064,470 | FDV: $2,926,000,000
[27/591] SCR
  ✅ MC: $4,920,000 | FDV: $4,920,000
[28/591] SSV
  ✅ MC: $78,853,454 | FDV: $79,413,454
[29/591] CETUS
  ✅ MC: $42,007,935 | FDV: $48,900,000
[30/591] APE
  ✅ MC: $1,437,120 | FDV: $4,491,000
[31/591] ATA
  ✅ MC: $26,646,603 | FDV: $29,700,000
[32/591] MOCA
  ✅ MC: $215,273,747 | FDV: $483,644,444
[33/591] C98
  ✅ MC: $38,099,960 | FDV: $38,100,000
[34/591] DEEP
  ✅ MC: $357,218,687 | FDV: $844,400,000
[35/591] ZORA
  ✅ MC: $425,097,000 | FDV: $951,000,000
[36/591] TURBO
  ✅ MC: $165,600,000 | FDV: $165,600,000
[37/591] EDU
  ✅ MC: $107,664,939 | FDV: $181,500,000
[38/591] ONG
  ✅ MC: $49,939,914 | FDV: $116,300,000
[39/591] VFY
  ✅ MC: $26,239,919 | FDV: $85,192,602
[40/591] KERNEL
  ✅ MC: $49,498,239 | FDV: $175,300,000
[41/591] KMNO
  ✅ MC: $185,115,336 | FDV: $601,797,766
[42/591] DRIFT
  ✅ MC: $188,175,281 | FDV: $492,200,000
[43/591] CELR
  ✅ MC: $43,800,620 | FDV: $56,130,000
[44/591] GIGGLE
  ✅ MC: $232,750,000 | FDV: $232,750,000
[45/591] ESPORTS
  ✅ MC: $26,109,270 | FDV: $185,985,000
[46/591] VIRTUAL
  ✅ MC: $524,300,318 | FDV: $799,500,000
[47/591] TRUTH
  ✅ MC: $31,552,754 | FDV: $151,310,000
[48/591] AR
  ✅ MC: $258,014,191 | FDV: $258,014,191
[49/591] PONKE
  ✅ MC: $35,854,824 | FDV: $35,854,824
[50/591] EPT
  ✅ MC: $17,096,776 | FDV: $55,650,000
[51/591] SXP
  ✅ MC: $80,180,553 | FDV: $80,180,551
[52/591] FIS
  ✅ MC: $8,487,179 | FDV: $10,822,148
[53/591] TON
  ✅ MC: $2,618,684,131 | FDV: $10,821,965,483
[54/591] TST
  ✅ MC: $8,188,000 | FDV: $20,470,000
[55/591] 1MBABYDOGE
  ⚠️  No data to calculate (spot: 0.0010215, perp: 0.0010094, circ: None, total: None)
[56/591] ORCA
  ✅ MC: $87,468,597 | FDV: $109,049,480
[57/591] LINEA
  ✅ MC: $244,308,293 | FDV: $1,136,317,642
[58/591] ACX
  ✅ MC: $48,542,308 | FDV: $78,500,000
[59/591] ACH
  ✅ MC: $125,315,530 | FDV: $130,200,000
[60/591] QUICK
  ✅ MC: $13,741 | FDV: $17,920
[61/591] TANSSI
  ✅ MC: $9,793,427 | FDV: $33,682,597
[62/591] RVN
  ✅ MC: $156,158,351 | FDV: $156,158,351
[63/591] HANA
  ✅ MC: $17,016,399 | FDV: $55,130,000
[64/591] 1000CHEEMS
  ⚠️  No data to calculate (spot: 0.001356, perp: 0.001393, circ: None, total: None)
[65/591] ANKR
  ✅ MC: $101,500,000 | FDV: $101,500,000
[66/591] KAVA
  ✅ MC: $153,440,280 | FDV: $153,440,280
[67/591] XAI
  ✅ MC: $3,838,373 | FDV: $5,586,000
[68/591] HOOK
  ✅ MC: $17,471,199 | FDV: $33,100,000
[69/591] GUN
  ✅ MC: $22,933,680 | FDV: $190,400,000
[70/591] TOKEN
  ✅ MC: $8,130,161 | FDV: $81,300,000
[71/591] PIPPIN
  ✅ MC: $20,239,924 | FDV: $20,239,924
[72/591] CELO
  ✅ MC: $146,492,438 | FDV: $250,800,000
[73/591] YB
  ✅ MC: $44,318,792 | FDV: $352,870,000
[74/591] PUFFER
  ✅ MC: $15,384,990 | FDV: $87,440,000
[75/591] CTSI
  ✅ MC: $47,338,387 | FDV: $53,500,000
[76/591] ZEC
  ✅ MC: $4,347,813,454 | FDV: $4,347,813,454
[77/591] SUSHI
  ✅ MC: $153,658,129 | FDV: $154,053,095
[78/591] JUP
  ✅ MC: $362,900,000 | FDV: $1,088,700,000
[79/591] LAB
  ✅ MC: $222,520,000 | FDV: $222,520,000
[80/591] TRUMP
  ✅ MC: $592,000,000 | FDV: $592,000,000
[81/591] FLOCK
  ✅ MC: $53,355,272 | FDV: $53,849,049
[82/591] AVAAI
  ✅ MC: $15,360,000 | FDV: $15,360,000
[83/591] YALA
  ✅ MC: $23,453,472 | FDV: $95,200,000
[84/591] YFI
  ✅ MC: $162,783,742 | FDV: $176,085,760
[85/591] EPIC
  ✅ MC: $15,638,063 | FDV: $17,143,677
[86/591] HOME
  ✅ MC: $9,528,000 | FDV: $23,820,000
[87/591] VET
  ✅ MC: $1,484,961,661 | FDV: $1,484,961,661
[88/591] HUMA
  ✅ MC: $60,189,350 | FDV: $265,199,940
[89/591] PROVE
  ✅ MC: $189,111,000 | FDV: $969,800,000
[90/591] EUL
  ✅ MC: $152,773,984 | FDV: $200,717,930
[91/591] BARD
  ✅ MC: $148,635,000 | FDV: $660,600,000
[92/591] 1INCH
  ✅ MC: $242,982,347 | FDV: $260,550,000
[93/591] CYBER
  ✅ MC: $40,592,058 | FDV: $101,765,530
[94/591] CHILLGUY
  ✅ MC: $26,998,653 | FDV: $26,998,653
[95/591] SAFE
  ✅ MC: $165,607,445 | FDV: $255,900,000
[96/591] AUCTION
  ✅ MC: $50,613,584 | FDV: $58,682,415
[97/591] SPK
  ✅ MC: $73,018,510 | FDV: $391,860,000
[98/591] XAN
  ✅ MC: $128,775,000 | FDV: $515,100,000
[99/591] DASH
  ✅ MC: $531,603,583 | FDV: $531,603,583
[100/591] 1000XEC
  ⚠️  No data to calculate (spot: None, perp: 0.01462, circ: None, total: None)
[101/591] RESOLV
  ✅ MC: $17,770,345 | FDV: $57,400,000
[102/591] STEEM
  ✅ MC: $48,229,186 | FDV: $48,229,186
[103/591] GMX
  ✅ MC: $108,991,144 | FDV: $108,991,144
[104/591] FIL
  ✅ MC: $1,103,863,892 | FDV: $3,087,178,449
[105/591] LYN
  ✅ MC: $42,280,063 | FDV: $165,390,000
[106/591] LIGHT
  ✅ MC: $16,281,586,967 | FDV: $16,350,978,728
[107/591] ASTER
  ✅ MC: $2,233,593,900 | FDV: $8,856,000,000
[108/591] XNY
  ✅ MC: $17,985,000 | FDV: $71,940,000
[109/591] F
  ✅ MC: $58,658,417 | FDV: $216,330,000
[110/591] SKATE
  ✅ MC: $8,817,660 | FDV: $41,259,999
[111/591] WOO
  ✅ MC: $79,251,052 | FDV: $91,731,052
[112/591] IMX
  ✅ MC: $1,031,339,038 | FDV: $1,050,000,000
[113/591] VANRY
  ✅ MC: $33,383,267 | FDV: $33,476,021
[114/591] RVV
  ✅ MC: $12,424,989 | FDV: $121,220,000
[115/591] TRADOOR
  ✅ MC: $39,761,079 | FDV: $166,260,000
[116/591] POL
  ✅ MC: $2,052,320,431 | FDV: $2,052,320,433
[117/591] IN
  ✅ MC: $37,676,469 | FDV: $145,430,000
[118/591] HOLO
  ✅ MC: $48,389,508 | FDV: $285,286,400
[119/591] ZEN
  ✅ MC: $196,895,059 | FDV: $235,368,000
[120/591] NMR
  ✅ MC: $98,861,193 | FDV: $137,942,715
[121/591] VVV
  ✅ MC: $61,892,224 | FDV: $117,027,649
[122/591] BLUAI
  ✅ MC: $42,697,560 | FDV: $347,700,000
[123/591] BNT
  ✅ MC: $68,087,687 | FDV: $68,087,687
[124/591] TAG
  ✅ MC: $2,905 | FDV: $2,905
[125/591] YGG
  ✅ MC: $87,565,530 | FDV: $139,760,351
[126/591] BANK
  ✅ MC: $43,869,498 | FDV: $46,452,665
[127/591] ZETA
  ✅ MC: $132,296,369 | FDV: $259,140,000
[128/591] DMC
  ✅ FDV: $273,000
[129/591] BROCCOLIF3B
  ✅ MC: $16,511,000 | FDV: $16,511,000
[130/591] XPL
  ✅ MC: $658,980,000 | FDV: $3,661,000,000
[131/591] ZEREBRO
  ✅ MC: $37,448,271 | FDV: $37,448,271
[132/591] KGEN
  ✅ MC: $61,184,809 | FDV: $307,960,000
[133/591] 1000X
  ✅ MC: $33,482,546 | FDV: $33,482,546
[134/591] TIA
  ✅ MC: $844,702,975 | FDV: $1,176,839,493
[135/591] AERO
  ✅ MC: $9,868,860 | FDV: $90,540,000
[136/591] PHB
  ✅ MC: $31,093,216 | FDV: $31,093,216
[137/591] BEAMX
  ⚠️  No data to calculate (spot: 0.004998, perp: 0.005124, circ: None, total: None)
[138/591] JASMY
  ✅ MC: $537,467,146 | FDV: $543,500,000
[139/591] CGPT
  ✅ MC: $48,147,228 | FDV: $55,479,404
[140/591] IO
  ✅ MC: $75,462,097 | FDV: $273,600,000
[141/591] THETA
  ✅ MC: $564,000,000 | FDV: $564,000,000
[142/591] ICX
  ✅ MC: $97,632,787 | FDV: $98,982,941
[143/591] ARB
  ✅ FDV: $3,398,470
[144/591] RED
  ✅ MC: $100,802,192 | FDV: $208,532,100
[145/591] TA
  ✅ MC: $10,799,606 | FDV: $51,890,000
[146/591] AIO
  ✅ MC: $32,644,845 | FDV: $141,780,000
[147/591] SHELL
  ✅ MC: $29,909,800 | FDV: $96,900,000
[148/591] B3
  ✅ MC: $72,260,321 | FDV: $238,500,000
[149/591] ROSE
  ✅ MC: $123,821,696 | FDV: $167,000,000
[150/591] PENDLE
  ✅ MC: $528,758,131 | FDV: $882,588,551
[151/591] NEO
  ✅ MC: $365,320,606 | FDV: $517,900,000
[152/591] WLFI
  ✅ MC: $14,299,999,999,999,998 | FDV: $14,299,999,999,999,998
[153/591] AGLD
  ✅ MC: $35,856,540 | FDV: $38,423,340
[154/591] AIXBT
  ✅ MC: $53,951,030 | FDV: $54,241,077
[155/591] AVA
  ✅ MC: $26,566,832 | FDV: $26,566,832
[156/591] ASR
  ✅ MC: $11,874,512 | FDV: $14,902,545
[157/591] PYTH
  ✅ MC: $662,398,048 | FDV: $1,151,998,048
[158/591] MBOX
  ✅ MC: $24,615,865 | FDV: $27,075,865
[159/591] BCH
  ✅ MC: $9,668,425,487 | FDV: $9,668,425,487
[160/591] NAORIS
  ✅ MC: $30,598,216 | FDV: $204,240,000
[161/591] XLM
  ✅ MC: $10,124,684,994 | FDV: $15,810,565,013
[162/591] FUN
  ✅ MC: $40,231,489 | FDV: $40,231,489
[163/591] THE
  ✅ MC: $30,961,850 | FDV: $70,686,749
[164/591] LINK
  ✅ MC: $12,002,369,477 | FDV: $17,700,000,000
[165/591] DOT
  ✅ MC: $4,964,187,169 | FDV: $4,964,187,169
[166/591] SKYAI
  ✅ MC: $24,040,000 | FDV: $24,040,000
[167/591] BAN
  ✅ MC: $65,377,506 | FDV: $65,377,506
[168/591] VELVET
  ✅ MC: $18,739,775 | FDV: $205,980,000
[169/591] BTC
  ✅ MC: $2,215,147,718,825 | FDV: $2,215,147,718,825
[170/591] HEMI
  ✅ MC: $59,236,500 | FDV: $606,000,000
[171/591] STBL
  ✅ MC: $56,490,000 | FDV: $1,129,800,000
[172/591] FXS
  ✅ MC: $127,143,159 | FDV: $141,946,450
[173/591] ACE
  ✅ MC: $418,600,000 | FDV: $598,000,000
[174/591] RSR
  ✅ MC: $341,900,290 | FDV: $562,700,000
[175/591] COMP
  ✅ MC: $372,458,609 | FDV: $383,100,000
[176/591] ALCH
  ✅ MC: $62,067,000 | FDV: $73,020,000
[177/591] LUNA2
  ✅ MC: $71,921,424 | FDV: $120,213,424
[178/591] QTUM
  ✅ MC: $210,983,312 | FDV: $214,890,055
[179/591] A
  ✅ MC: $460,681,906 | FDV: $605,010,000
[180/591] SKY
  ✅ FDV: $1,495,750
[181/591] DOGS
  ✅ MC: $25,746,228,000 | FDV: $25,746,228,000
[182/591] RDNT
  ✅ MC: $22,197,831 | FDV: $25,770,000
[183/591] BMT
  ✅ MC: $20,076,597 | FDV: $42,600,000
[184/591] DODOX
  ✅ MC: $23,688,411 | FDV: $32,642,000
[185/591] LSK
  ✅ MC: $44,199,657 | FDV: $86,800,000
[186/591] IOTX
  ✅ MC: $111,502,568 | FDV: $111,502,568
[187/591] API3
  ✅ MC: $59,518,816 | FDV: $105,843,366
[188/591] POWR
  ✅ MC: $67,772,083 | FDV: $119,300,000
[189/591] B
  ✅ MC: $172,000,000 | FDV: $172,000,000
[190/591] ICNT
  ✅ MC: $36,354,968 | FDV: $152,180,000
[191/591] VOXEL
  ✅ MC: $10,137,213 | FDV: $11,970,000
[192/591] KOMA
  ✅ MC: $10,390,964 | FDV: $12,046,373
[193/591] FF
  ✅ MC: $368,503,200 | FDV: $1,574,800,000
[194/591] MILK
  ✅ FDV: $44,536
[195/591] SQD
  ✅ MC: $115,924,658 | FDV: $172,151,818
[196/591] ETHFI
  ✅ MC: $565,239,223 | FDV: $1,002,000,000
[197/591] LTC
  ✅ MC: $7,283,345,118 | FDV: $8,003,520,000
[198/591] CVX
  ✅ MC: $219,448,575 | FDV: $225,142,124
[199/591] KAS
  ✅ MC: $1,542,883,570 | FDV: $1,542,883,570
[200/591] HIVE
  ✅ MC: $67,959,949 | FDV: $67,959,949
[201/591] FIO
  ✅ MC: $10,887,750 | FDV: $11,094,789
[202/591] OG
  ✅ MC: $76,312,496 | FDV: $87,115,000
[203/591] COOKIE
  ✅ MC: $52,447,745 | FDV: $84,091,059
[204/591] INJ
  ✅ MC: $852,752,079 | FDV: $853,000,000
[205/591] MLN
  ✅ MC: $24,320,893 | FDV: $24,325,937
[206/591] XCN
  ✅ MC: $6,334,048 | FDV: $10,825,244
[207/591] MANTA
  ✅ MC: $51,797,953 | FDV: $114,800,000
[208/591] SYRUP
  ✅ MC: $451,991,973 | FDV: $457,871,871
[209/591] Q
  ✅ MC: $6,819,670,000 | FDV: $27,170,000,000
[210/591] DAM
  ✅ MC: $9,927,588 | FDV: $49,640,000
[211/591] REZ
  ✅ MC: $45,084,461 | FDV: $104,700,000
[212/591] SAGA
  ✅ MC: $35,746,615 | FDV: $125,733,740
[213/591] BLUR
  ✅ MC: $132,728,546 | FDV: $154,950,000
[214/591] SOL
  ✅ MC: $106,380,358,866 | FDV: $118,599,298,871
[215/591] ORDI
  ✅ MC: $109,893,000 | FDV: $109,893,000
[216/591] ZRO
  ✅ MC: $353,018,532 | FDV: $1,740,000,000
[217/591] 1000SATS
  ⚠️  No data to calculate (spot: 2.398e-05, perp: 2.41e-05, circ: None, total: None)
[218/591] ALGO
  ✅ MC: $1,603,125,625 | FDV: $1,819,000,000
[219/591] VIC
  ✅ MC: $18,575,426 | FDV: $31,710,000
[220/591] ZBT
  ✅ MC: $59,510,000 | FDV: $270,500,000
[221/591] SIGN
  ✅ MC: $54,972,000 | FDV: $407,200,000
[222/591] CUDIS
  ✅ MC: $13,911,975 | FDV: $56,210,000
[223/591] PARTI
  ✅ MC: $35,091,410 | FDV: $84,400,000
[224/591] ID
  ✅ MC: $12,918,690 | FDV: $88,560,000
[225/591] MET
  ✅ FDV: $7,735,318
[226/591] IP
  ✅ MC: $1,650,238,041 | FDV: $5,209,645,617
[227/591] SUI
  ✅ MC: $8,996,918,514 | FDV: $24,814,000,000
[228/591] BIGTIME
  ✅ MC: $67,331,739 | FDV: $165,150,000
[229/591] HIPPO
  ✅ MC: $14,770,000 | FDV: $14,770,000
[230/591] BR
  ⚠️  No data to calculate (spot: None, perp: 0.06608, circ: None, total: None)
[231/591] AVAX
  ✅ MC: $8,258,598,974 | FDV: $8,903,981,998
[232/591] SYS
  ✅ MC: $24,568,515 | FDV: $24,568,515
[233/591] CHESS
  ✅ MC: $2,550,347 | FDV: $2,550,347
[234/591] 币安人生
  ✅ MC: $293,890,000 | FDV: $293,890,000
[235/591] BSV
  ✅ MC: $431,250,558 | FDV: $431,250,558
[236/591] XVG
  ✅ MC: $90,424,639 | FDV: $90,424,639
[237/591] D
  ✅ MC: $15,095,474 | FDV: $18,640,000
[238/591] TAIKO
  ✅ MC: $50,364,862 | FDV: $269,900,000
[239/591] MOVR
  ✅ MC: $38,329,366 | FDV: $45,955,626
[240/591] BERA
  ✅ MC: $258,348,762 | FDV: $1,021,858,682
[241/591] SPELL
  ✅ MC: $60,116,420 | FDV: $69,328,291
[242/591] NOM
  ✅ MC: $59,740,000 | FDV: $154,500,000
[243/591] AXS
  ✅ MC: $262,401,400 | FDV: $424,980,000
[244/591] COTI
  ✅ MC: $84,083,947 | FDV: $84,084,167
[245/591] GMT
  ✅ MC: $85,501,276 | FDV: $139,429,402
[246/591] MYRO
  ✅ MC: $13,643,745 | FDV: $14,449,733
[247/591] BROCCOLI714
  ✅ MC: $24,490,148 | FDV: $25,220,000
[248/591] XVS
  ✅ MC: $80,352,806 | FDV: $147,600,000
[249/591] AIOT
  ✅ MC: $41,521,480 | FDV: $448,800,000
[250/591] PORT3
  ✅ MC: $20,093,858 | FDV: $40,200,000
[251/591] TRX
  ✅ MC: $29,668,113,347 | FDV: $29,668,124,348
[252/591] DYM
  ✅ MC: $42,412,897 | FDV: $114,835,329
[253/591] CKB
  ✅ MC: $158,545,881 | FDV: $161,056,865
[254/591] BIO
  ✅ MC: $3,689,451,300,000,000 | FDV: $3,689,451,300,000,000
[255/591] IDOL
  ✅ MC: $33,380,160 | FDV: $153,120,000
[256/591] BTR
  ✅ MC: $25,416,905 | FDV: $59,312,751
[257/591] SANTOS
  ✅ MC: $18,565,268 | FDV: $41,580,000
[258/591] AIA
  ✅ MC: $4,990,400,000 | FDV: $16,455,844,000
[259/591] 1000WHY
  ⚠️  No data to calculate (spot: None, perp: 2.59e-05, circ: None, total: None)
[260/591] A2Z
  ✅ MC: $28,193,376 | FDV: $35,839,818
[261/591] SOPH
  ✅ MC: $11,568,256 | FDV: $31,100,000
[262/591] SYN
  ✅ MC: $14,770,619 | FDV: $15,966,586
[263/591] HYPER
  ✅ MC: $40,320,040 | FDV: $157,584,000
[264/591] SAPIEN
  ✅ MC: $31,110,000 | FDV: $124,440,000
[265/591] SAND
  ✅ MC: $556,630,598 | FDV: $639,000,000
[266/591] PEOPLE
  ✅ MC: $63,049,311 | FDV: $63,049,311
[267/591] SUN
  ✅ MC: $440,788,408 | FDV: $457,517,783
[268/591] MUBARAK
  ✅ MC: $24,750,000 | FDV: $24,750,000
[269/591] MORPHO
  ✅ MC: $701,700,982 | FDV: $1,986,000,000
[270/591] JTO
  ✅ MC: $434,016,076 | FDV: $1,105,999,612
[271/591] SPX
  ✅ MC: $963,205,451 | FDV: $963,205,451
[272/591] MAV
  ✅ MC: $29,677,247 | FDV: $78,720,000
[273/591] RENDER
  ✅ MC: $1,292,312,863 | FDV: $1,329,095,215
[274/591] GALA
  ✅ MC: $514,035,182 | FDV: $514,035,182
[275/591] TOSHI
  ✅ MC: $318,409,453 | FDV: $318,420,261
[276/591] PORTAL
  ✅ MC: $14,757,277 | FDV: $25,300,000
[277/591] MEME
  ✅ MC: $73,019 | FDV: $224,866
[278/591] FIDA
  ✅ MC: $57,869,214 | FDV: $57,869,216
[279/591] WLD
  ✅ MC: $1,973,433,347 | FDV: $8,800,000,000
[280/591] BAS
  ✅ MC: $40,900,000 | FDV: $163,600,000
[281/591] NEAR
  ✅ MC: $2,805,884,047 | FDV: $2,868,303,562
[282/591] ONDO
  ✅ MC: $2,312,466,711 | FDV: $7,320,000,000
[283/591] ALL
  ✅ MC: $2,796,402 | FDV: $4,545,500
[284/591] SONIC
  ✅ MC: $52,290,000,000,000,000
[285/591] W
  ✅ MC: $360,993,711 | FDV: $748,000,000
[286/591] 1000RATS
  ⚠️  No data to calculate (spot: None, perp: 0.03004, circ: None, total: None)
[287/591] AI
  ✅ MC: $2,737,414 | FDV: $4,005,221
[288/591] FET
  ✅ MC: $623,985,611 | FDV: $714,454,794
[289/591] ANIME
  ✅ MC: $9,300,000 | FDV: $9,300,000
[290/591] ONE
  ✅ MC: $56,398,008 | FDV: $56,398,008
[291/591] LDO
  ✅ MC: $828,944,451 | FDV: $925,400,000
[292/591] FLUX
  ✅ MC: $49,065,539 | FDV: $49,065,539
[293/591] XPIN
  ✅ MC: $133,368,057 | FDV: $818,460,000
[294/591] UB
  ✅ MC: $143,625,000 | FDV: $574,500,000
[295/591] PTB
  ✅ MC: $58,136,676 | FDV: $169,162,728
[296/591] ALICE
  ✅ MC: $32,343,568 | FDV: $32,343,568
[297/591] DOGE
  ✅ MC: $29,873,107,798 | FDV: $29,873,107,798
[298/591] SEI
  ✅ MC: $1,221,657,778 | FDV: $1,955,000,000
[299/591] USELESS
  ✅ MC: $294,531,966 | FDV: $294,531,966
[300/591] BAT
  ✅ MC: $261,148,532 | FDV: $261,900,000
[301/591] ETC
  ✅ MC: $2,441,427,246 | FDV: $3,339,595,000
[302/591] ETH
  ✅ MC: $477,696,110,197 | FDV: $477,696,110,197
[303/591] WIF
  ✅ MC: $531,382,828 | FDV: $531,382,828
[304/591] 1000LUNC
  ⚠️  No data to calculate (spot: None, perp: 0.04676, circ: None, total: None)
[305/591] ONT
  ✅ MC: $84,903,082 | FDV: $92,400,000
[306/591] DOLO
  ✅ MC: $37,758,678 | FDV: $85,401,846
[307/591] TAC
  ✅ MC: $13,933,613 | FDV: $54,464,857
[308/591] TLM
  ✅ MC: $21,022,563 | FDV: $23,488,035
[309/591] MTL
  ✅ MC: $44,618,805 | FDV: $44,618,805
[310/591] DEGO
  ✅ MC: $23,117,931 | FDV: $23,121,000
[311/591] TRU
  ⚠️  No data to calculate (spot: 0.0183, perp: 0.01854, circ: None, total: None)
[312/591] DYDX
  ✅ MC: $258,058,994 | FDV: $312,898,906
[313/591] XRP
  ✅ MC: $146,472,170,661 | FDV: $244,015,291,900
[314/591] 1000SHIB
  ⚠️  No data to calculate (spot: None, perp: 0.010194, circ: None, total: None)
[315/591] VANA
  ✅ MC: $78,699,744 | FDV: $294,670,426
[316/591] LQTY
  ✅ MC: $50,370,220 | FDV: $52,800,000
[317/591] DOOD
  ✅ MC: $60,114,600 | FDV: $77,070,000
[318/591] SAHARA
  ✅ MC: $183,310,359 | FDV: $799,500,000
[319/591] CVC
  ✅ MC: $61,700,000 | FDV: $61,700,000
[320/591] FLOW
  ✅ MC: $448,027,646 | FDV: $448,027,646
[321/591] XTZ
  ✅ MC: $640,730,469 | FDV: $652,824,747
[322/591] OM
  ✅ MC: $129,671,963 | FDV: $203,423,242
[323/591] ATOM
  ✅ MC: $1,496,463,809 | FDV: $1,496,463,809
[324/591] TREE
  ✅ MC: $17,700,156 | FDV: $21,746,985
[325/591] NKN
  ✅ MC: $15,873,345 | FDV: $15,873,345
[326/591] H
  ✅ MC: $654,490,851 | FDV: $3,088,300,000
[327/591] EDEN
  ✅ MC: $1,926,670 | FDV: $14,560,000
[328/591] MEW
  ✅ MC: $170,400,000 | FDV: $170,400,000
[329/591] COAI
  ✅ MC: $1,942,513,650 | FDV: $6,237,000,000
[330/591] ORDER
  ✅ MC: $91,031,556 | FDV: $280,721,611
[331/591] PUMPBTC
  ✅ MC: $138 | FDV: $44
[332/591] CHZ
  ✅ MC: $325,938,826 | FDV: $325,938,826
[333/591] ILV
  ✅ MC: $73,130,591 | FDV: $101,072,449
[334/591] RLC
  ✅ MC: $75,950,812 | FDV: $75,950,812
[335/591] LISTA
  ✅ MC: $74,695,024 | FDV: $237,642,304
[336/591] SOLV
  ✅ MC: $26,612,670 | FDV: $150,780,000
[337/591] BAND
  ✅ MC: $91,809,198 | FDV: $91,809,198
[338/591] QNT
  ✅ MC: $994,672,884 | FDV: $1,226,075,580
[339/591] NXPC
  ✅ MC: $75,643,954 | FDV: $349,200,000
[340/591] DENT
  ✅ MC: $46,400,000 | FDV: $46,400,000
[341/591] RARE
  ⚠️  No data to calculate (spot: 0.0365, perp: 0.03605, circ: None, total: None)
[342/591] ZKC
  ✅ MC: $48,365,549 | FDV: $240,700,000
[343/591] FARTCOIN
  ✅ MC: $406,799,291 | FDV: $406,800,000
[344/591] OBOL
  ✅ MC: $13,458,368 | FDV: $54,620,000
[345/591] 1000000MOG
  ⚠️  No data to calculate (spot: None, perp: 0.4597, circ: None, total: None)
[346/591] PHA
  ✅ MC: $49,084,406 | FDV: $60,200,000
[347/591] MIRA
  ✅ MC: $79,925,000 | FDV: $319,700,000
[348/591] ENSO
  ✅ MC: $33,602,880 | FDV: $163,200,000
[349/591] BTCDOM
  ⚠️  No data to calculate (spot: None, perp: 4274.5, circ: None, total: None)
[350/591] VINE
  ✅ MC: $46,859,724 | FDV: $46,859,724
[351/591] PERP
  ✅ MC: $14,857,086 | FDV: $33,765,000
[352/591] PUMP
  ✅ MC: $79,348,734,873 | FDV: $7,934,873,487,349
[353/591] HFT
  ✅ MC: $31,040,937 | FDV: $50,067,149
[354/591] ZK
  ✅ MC: $280,563,243 | FDV: $471,584,343
[355/591] NIL
  ✅ MC: $84,638,991 | FDV: $325,200,000
[356/591] LA
  ✅ MC: $162,951,212 | FDV: $171,480,000
[357/591] AWE
  ✅ MC: $152,382,871 | FDV: $152,382,871
[358/591] MANA
  ✅ MC: $469,583,396 | FDV: $522,853,952
[359/591] GRIFFAIN
  ✅ MC: $20,437,570 | FDV: $20,437,570
[360/591] T
  ✅ MC: $137,065,331 | FDV: $141,780,050
[361/591] 1000PEPE
  ⚠️  No data to calculate (spot: None, perp: 0.0071423, circ: None, total: None)
[362/591] SKL
  ✅ MC: $112,094,961 | FDV: $115,815,700
[363/591] EGLD
  ✅ MC: $282,039,870 | FDV: $282,100,210
[364/591] SLP
  ✅ MC: $43,557,268 | FDV: $43,557,268
[365/591] PLUME
  ✅ MC: $228,914,385 | FDV: $730,000,000
[366/591] AGT
  ✅ MC: $171,065,344 | FDV: $171,107,131
[367/591] POLYX
  ✅ MC: $87,859,739 | FDV: $106,283,254
[368/591] APT
  ✅ MC: $2,291,208,662 | FDV: $3,767,693,182
[369/591] MON
  ✅ MC: $615,834 | FDV: $582,722
[370/591] USDC
  ✅ MC: $76,472,907,429 | FDV: $76,472,907,429
[371/591] ARC
  ✅ MC: $14,439,976 | FDV: $14,439,976
[372/591] G
  ✅ MC: $75,396,750 | FDV: $88,920,000
[373/591] CAKE
  ✅ MC: $949,794,881 | FDV: $990,589,979
[374/591] CRV
  ✅ MC: $750,214,911 | FDV: $1,236,240,952
[375/591] PLAY
  ✅ MC: $2,920,000 | FDV: $2,920,000
[376/591] POPCAT
  ✅ MC: $153,365,803 | FDV: $153,365,809
[377/591] REI
  ✅ MC: $11,495,000 | FDV: $12,100,000
[378/591] PNUT
  ✅ MC: $137,579,587 | FDV: $137,579,587
[379/591] TAO
  ✅ MC: $3,987,872,156 | FDV: $8,246,700,000
[380/591] MOVE
  ✅ MC: $16,095,000 | FDV: $22,200,000
[381/591] GRT
  ✅ MC: $686,739,171 | FDV: $740,398,663
[382/591] MELANIA
  ✅ MC: $4,704,700 | FDV: $4,704,700
[383/591] BOME
  ✅ MC: $74,269,168 | FDV: $74,269,168
[384/591] ME
  ✅ MC: $72,869,569 | FDV: $435,998,132
[385/591] HOT
  ✅ MC: $468,234 | FDV: $1,040,520
[386/591] INIT
  ✅ MC: $29,328,262 | FDV: $169,600,000
[387/591] 1000BONK
  ⚠️  No data to calculate (spot: None, perp: 0.014848, circ: None, total: None)
[388/591] GTC
  ✅ FDV: $420,000,000
[389/591] ARKM
  ✅ MC: $79,235,200 | FDV: $352,000,000
[390/591] BEL
  ✅ MC: $21,032,000 | FDV: $26,290,000
[391/591] METIS
  ✅ MC: $67,127,098 | FDV: $100,900,000
[392/591] CATI
  ✅ MC: $31,804,937 | FDV: $85,500,000
[393/591] S
  ✅ MC: $480,960,000 | FDV: $538,178,375
[394/591] PENGU
  ✅ MC: $1,317,931,064 | FDV: $1,863,644,444
[395/591] EIGEN
  ✅ MC: $428,709,404 | FDV: $1,933,759,090
[396/591] GPS
  ✅ MC: $25,668,993 | FDV: $86,200,000
[397/591] OGN
  ✅ MC: $31,061,596 | FDV: $67,381,980
[398/591] ETHW
  ✅ MC: $105,813,566 | FDV: $105,813,566
[399/591] CROSS
  ✅ MC: $46,166,896 | FDV: $135,684,896
[400/591] ZRX
  ✅ MC: $170,103,511 | FDV: $200,500,000
[401/591] HMSTR
  ✅ MC: $27,101,875 | FDV: $42,100,000
[402/591] OXT
  ✅ MC: $40,686,357 | FDV: $40,800,000
[403/591] ALPINE
  ✅ MC: $15,574,590 | FDV: $33,280,000
[404/591] AAVE
  ✅ MC: $3,456,373,337 | FDV: $3,624,480,000
[405/591] PAXG
  ✅ MC: $1,364,428,069 | FDV: $1,364,428,069
[406/591] SUPER
  ✅ MC: $244,703,875 | FDV: $389,399,251
[407/591] TOWNS
  ✅ MC: $24,447,515 | FDV: $117,387,383
[408/591] NEIRO
  ✅ MC: $191,210 | FDV: $191,210
[409/591] EVAA
  ✅ MC: $61,743,693 | FDV: $466,485,000
[410/591] MINA
  ✅ MC: $133,532,802 | FDV: $133,532,802
[411/591] SNX
  ✅ MC: $435,858,629 | FDV: $436,396,220
[412/591] NFP
  ✅ MC: $20,864,511 | FDV: $41,648,600
[413/591] PUNDIX
  ✅ MC: $95,137,924 | FDV: $95,137,924
[414/591] ALT
  ✅ MC: $3,830,000 | FDV: $19,150,000
[415/591] GAS
  ✅ MC: $169,240,030 | FDV: $169,240,030
[416/591] RECALL
